This file contains any messages produced by compilers while
running configure, to aid debugging if configure makes a mistake.

It was created by Qtum Core configure 0.15.8, which was
generated by GNU Autoconf 2.69.  Invocation command line was

  $ ./configure 

## --------- ##
## Platform. ##
## --------- ##

hostname = MacBook-Pro-2.local
uname -m = x86_64
uname -r = 17.4.0
uname -s = Darwin
uname -v = Darwin Kernel Version 17.4.0: Sun Dec 17 09:19:54 PST 2017; root:xnu-4570.41.2~1/RELEASE_X86_64

/usr/bin/uname -p = i386
/bin/uname -X     = unknown

/bin/arch              = unknown
/usr/bin/arch -k       = unknown
/usr/convex/getsysinfo = unknown
/usr/bin/hostinfo      = Mach kernel version:
	 Darwin Kernel Version 17.4.0: Sun Dec 17 09:19:54 PST 2017; root:xnu-4570.41.2~1/RELEASE_X86_64
Kernel configured for up to 8 processors.
4 processors are physically available.
8 processors are logically available.
Processor type: x86_64h (Intel x86-64h Haswell)
Processors active: 0 1 2 3 4 5 6 7
Primary memory available: 16.00 gigabytes
Default processor set: 375 tasks, 1815 threads, 8 processors
Load average: 2.57, Mach factor: 5.48
/bin/machine           = unknown
/usr/bin/oslevel       = unknown
/bin/universe          = unknown

PATH: /Users/wangkai/perl5/perlbrew/bin
PATH: /Users/wangkai/perl5/perlbrew/perls/perl-5.16.0/bin
PATH: /Users/wangkai/.cargo/bin
PATH: /Users/wangkai/.yarn/bin
PATH: /Users/wangkai/.config/yarn/global/node_modules/.bin
PATH: /usr/local/bin
PATH: /usr/local/bin
PATH: /usr/bin
PATH: /bin
PATH: /usr/sbin
PATH: /sbin
PATH: /Library/Frameworks/Mono.framework/Versions/Current/Commands


## ----------- ##
## Core tests. ##
## ----------- ##

configure:3017: checking build system type
configure:3031: result: x86_64-apple-darwin17.4.0
configure:3051: checking host system type
configure:3064: result: x86_64-apple-darwin17.4.0
configure:3107: checking for a BSD-compatible install
configure:3175: result: /usr/bin/install -c
configure:3186: checking whether build environment is sane
configure:3241: result: yes
configure:3392: checking for a thread-safe mkdir -p
configure:3431: result: build-aux/install-sh -c -d
configure:3438: checking for gawk
configure:3468: result: no
configure:3438: checking for mawk
configure:3468: result: no
configure:3438: checking for nawk
configure:3468: result: no
configure:3438: checking for awk
configure:3454: found /usr/bin/awk
configure:3465: result: awk
configure:3476: checking whether make sets $(MAKE)
configure:3498: result: yes
configure:3527: checking whether make supports nested variables
configure:3544: result: yes
configure:3663: checking whether to enable maintainer-specific portions of Makefiles
configure:3672: result: yes
configure:3697: checking whether make supports nested variables
configure:3714: result: yes
configure:3789: checking for g++
configure:3805: found /usr/bin/g++
configure:3816: result: g++
configure:3843: checking for C++ compiler version
configure:3852: g++ --version >&5
Apple LLVM version 9.1.0 (clang-902.0.39.1)
Target: x86_64-apple-darwin17.4.0
Thread model: posix
InstalledDir: /Applications/Xcode.app/Contents/Developer/Toolchains/XcodeDefault.xctoolchain/usr/bin
Configured with: --prefix=/Applications/Xcode.app/Contents/Developer/usr --with-gxx-include-dir=/usr/include/c++/4.2.1
configure:3863: $? = 0
configure:3852: g++ -v >&5
Configured with: --prefix=/Applications/Xcode.app/Contents/Developer/usr --with-gxx-include-dir=/usr/include/c++/4.2.1
Apple LLVM version 9.1.0 (clang-902.0.39.1)
Target: x86_64-apple-darwin17.4.0
Thread model: posix
InstalledDir: /Applications/Xcode.app/Contents/Developer/Toolchains/XcodeDefault.xctoolchain/usr/bin
configure:3863: $? = 0
configure:3852: g++ -V >&5
clang: error: argument to '-V' is missing (expected 1 value)
clang: error: no input files
configure:3863: $? = 1
configure:3852: g++ -qversion >&5
clang: error: unknown argument: '-qversion'
clang: error: no input files
configure:3863: $? = 1
configure:3883: checking whether the C++ compiler works
configure:3905: g++    conftest.cpp  >&5
configure:3909: $? = 0
configure:3957: result: yes
configure:3960: checking for C++ compiler default output file name
configure:3962: result: a.out
configure:3968: checking for suffix of executables
configure:3975: g++ -o conftest    conftest.cpp  >&5
configure:3979: $? = 0
configure:4001: result: 
configure:4023: checking whether we are cross compiling
configure:4031: g++ -o conftest    conftest.cpp  >&5
configure:4035: $? = 0
configure:4042: ./conftest
configure:4046: $? = 0
configure:4061: result: no
configure:4066: checking for suffix of object files
configure:4088: g++ -c   conftest.cpp >&5
configure:4092: $? = 0
configure:4113: result: o
configure:4117: checking whether we are using the GNU C++ compiler
configure:4136: g++ -c   conftest.cpp >&5
configure:4136: $? = 0
configure:4145: result: yes
configure:4154: checking whether g++ accepts -g
configure:4174: g++ -c -g  conftest.cpp >&5
configure:4174: $? = 0
configure:4215: result: yes
configure:4241: checking whether make supports the include directive
configure:4256: make -f confmf.GNU && cat confinc.out
this is the am__doit target
configure:4259: $? = 0
configure:4278: result: yes (GNU style)
configure:4303: checking dependency style of g++
configure:4414: result: gcc3
configure:4454: checking whether g++ supports C++11 features with -std=c++11
configure:4750: g++ -std=c++11 -c -g -O2  conftest.cpp >&5
configure:4750: $? = 0
configure:4759: result: yes
configure:4803: checking whether std::atomic can be used without link library
configure:4821: g++ -std=c++11 -o conftest -g -O2   conftest.cpp  >&5
configure:4821: $? = 0
configure:4823: result: yes
configure:4988: checking for Objective C++ compiler version
configure:4997: g++ -std=c++11 --version >&5
Apple LLVM version 9.1.0 (clang-902.0.39.1)
Target: x86_64-apple-darwin17.4.0
Thread model: posix
InstalledDir: /Applications/Xcode.app/Contents/Developer/Toolchains/XcodeDefault.xctoolchain/usr/bin
configure:5008: $? = 0
configure:4997: g++ -std=c++11 -v >&5
Apple LLVM version 9.1.0 (clang-902.0.39.1)
Target: x86_64-apple-darwin17.4.0
Thread model: posix
InstalledDir: /Applications/Xcode.app/Contents/Developer/Toolchains/XcodeDefault.xctoolchain/usr/bin
clang: warning: argument unused during compilation: '-std=c++11' [-Wunused-command-line-argument]
configure:5008: $? = 0
configure:4997: g++ -std=c++11 -V >&5
clang: error: argument to '-V' is missing (expected 1 value)
clang: error: no input files
configure:5008: $? = 1
configure:4997: g++ -std=c++11 -qversion >&5
clang: error: unknown argument: '-qversion'
clang: error: no input files
configure:5008: $? = 1
configure:5012: checking whether we are using the GNU Objective C++ compiler
configure:5031: g++ -std=c++11 -c   conftest.mm >&5
configure:5031: $? = 0
configure:5040: result: yes
configure:5049: checking whether g++ -std=c++11 accepts -g
configure:5069: g++ -std=c++11 -c -g  conftest.mm >&5
configure:5069: $? = 0
configure:5110: result: yes
configure:5135: checking dependency style of g++ -std=c++11
configure:5244: result: gcc3
configure:5307: checking how to print strings
configure:5334: result: printf
configure:5403: checking for gcc
configure:5419: found /usr/bin/gcc
configure:5430: result: gcc
configure:5659: checking for C compiler version
configure:5668: gcc --version >&5
Apple LLVM version 9.1.0 (clang-902.0.39.1)
Target: x86_64-apple-darwin17.4.0
Thread model: posix
InstalledDir: /Applications/Xcode.app/Contents/Developer/Toolchains/XcodeDefault.xctoolchain/usr/bin
Configured with: --prefix=/Applications/Xcode.app/Contents/Developer/usr --with-gxx-include-dir=/usr/include/c++/4.2.1
configure:5679: $? = 0
configure:5668: gcc -v >&5
Configured with: --prefix=/Applications/Xcode.app/Contents/Developer/usr --with-gxx-include-dir=/usr/include/c++/4.2.1
Apple LLVM version 9.1.0 (clang-902.0.39.1)
Target: x86_64-apple-darwin17.4.0
Thread model: posix
InstalledDir: /Applications/Xcode.app/Contents/Developer/Toolchains/XcodeDefault.xctoolchain/usr/bin
configure:5679: $? = 0
configure:5668: gcc -V >&5
clang: error: argument to '-V' is missing (expected 1 value)
clang: error: no input files
configure:5679: $? = 1
configure:5668: gcc -qversion >&5
clang: error: unknown argument: '-qversion'
clang: error: no input files
configure:5679: $? = 1
configure:5683: checking whether we are using the GNU C compiler
configure:5702: gcc -c   conftest.c >&5
configure:5702: $? = 0
configure:5711: result: yes
configure:5720: checking whether gcc accepts -g
configure:5740: gcc -c -g  conftest.c >&5
configure:5740: $? = 0
configure:5781: result: yes
configure:5798: checking for gcc option to accept ISO C89
configure:5861: gcc  -c -g -O2  conftest.c >&5
configure:5861: $? = 0
configure:5874: result: none needed
configure:5899: checking whether gcc understands -c and -o together
configure:5921: gcc -c conftest.c -o conftest2.o
configure:5924: $? = 0
configure:5921: gcc -c conftest.c -o conftest2.o
configure:5924: $? = 0
configure:5936: result: yes
configure:5955: checking dependency style of gcc
configure:6066: result: gcc3
configure:6081: checking for a sed that does not truncate output
configure:6145: result: /usr/bin/sed
configure:6163: checking for grep that handles long lines and -e
configure:6221: result: /usr/bin/grep
configure:6226: checking for egrep
configure:6288: result: /usr/bin/grep -E
configure:6293: checking for fgrep
configure:6355: result: /usr/bin/grep -F
configure:6390: checking for ld used by gcc
configure:6457: result: /Applications/Xcode.app/Contents/Developer/Toolchains/XcodeDefault.xctoolchain/usr/bin/ld
configure:6464: checking if the linker (/Applications/Xcode.app/Contents/Developer/Toolchains/XcodeDefault.xctoolchain/usr/bin/ld) is GNU ld
configure:6479: result: no
configure:6491: checking for BSD- or MS-compatible name lister (nm)
configure:6545: result: /usr/bin/nm -B
configure:6675: checking the name lister (/usr/bin/nm -B) interface
configure:6682: gcc -c -g -O2  conftest.c >&5
configure:6685: /usr/bin/nm -B "conftest.o"
configure:6688: output
00000000000001dc S _some_variable
configure:6695: result: BSD nm
configure:6698: checking whether ln -s works
configure:6702: result: yes
configure:6710: checking the maximum length of command line arguments
configure:6841: result: 196608
configure:6889: checking how to convert x86_64-apple-darwin17.4.0 file names to x86_64-apple-darwin17.4.0 format
configure:6929: result: func_convert_file_noop
configure:6936: checking how to convert x86_64-apple-darwin17.4.0 file names to toolchain format
configure:6956: result: func_convert_file_noop
configure:6963: checking for /Applications/Xcode.app/Contents/Developer/Toolchains/XcodeDefault.xctoolchain/usr/bin/ld option to reload object files
configure:6970: result: -r
configure:7044: checking for objdump
configure:7060: found /usr/bin/objdump
configure:7071: result: objdump
configure:7103: checking how to recognize dependent libraries
configure:7303: result: pass_all
configure:7388: checking for dlltool
configure:7418: result: no
configure:7448: checking how to associate runtime and link libraries
configure:7475: result: printf %s\n
configure:7536: checking for ar
configure:7552: found /usr/bin/ar
configure:7563: result: ar
configure:7600: checking for archiver @FILE support
configure:7617: gcc -c -g -O2  conftest.c >&5
configure:7617: $? = 0
configure:7620: ar cru libconftest.a @conftest.lst >&5
ar: @conftest.lst: No such file or directory
configure:7623: $? = 1
configure:7643: result: no
configure:7701: checking for strip
configure:7717: found /usr/bin/strip
configure:7728: result: strip
configure:7800: checking for ranlib
configure:7816: found /usr/bin/ranlib
configure:7827: result: ranlib
configure:7929: checking command to parse /usr/bin/nm -B output from gcc object
configure:8082: gcc -c -g -O2  conftest.c >&5
configure:8085: $? = 0
configure:8089: /usr/bin/nm -B conftest.o \| sed -n -e 's/^.*[ ]\([BCDEGRST][BCDEGRST]*\)[ ][ ]*\([_A-Za-z][_A-Za-z0-9]*\)$/\1 \2 \2/p' | sed '/ __gnu_lto/d' \> conftest.nm
configure:8092: $? = 0
cannot find nm_test_var in conftest.nm
configure:8082: gcc -c -g -O2  conftest.c >&5
configure:8085: $? = 0
configure:8089: /usr/bin/nm -B conftest.o \| sed -n -e 's/^.*[ ]\([BCDEGRST][BCDEGRST]*\)[ ][ ]*_\([_A-Za-z][_A-Za-z0-9]*\)$/\1 _\2 \2/p' | sed '/ __gnu_lto/d' \> conftest.nm
configure:8092: $? = 0
configure:8158: gcc -o conftest -g -O2   conftest.c conftstm.o >&5
warning: (x86_64)  could not find object file symbol for symbol _main
configure:8161: $? = 0
configure:8199: result: ok
configure:8246: checking for sysroot
configure:8276: result: no
configure:8283: checking for a working dd
configure:8321: result: /bin/dd
configure:8325: checking how to truncate binary pipes
configure:8340: result: /bin/dd bs=4096 count=1
configure:8669: checking for mt
configure:8699: result: no
configure:8719: checking if : is a manifest tool
configure:8725: : '-?'
configure:8733: result: no
configure:8789: checking for dsymutil
configure:8805: found /usr/bin/dsymutil
configure:8816: result: dsymutil
configure:8881: checking for nmedit
configure:8897: found /usr/bin/nmedit
configure:8908: result: nmedit
configure:8973: checking for lipo
configure:8989: found /usr/bin/lipo
configure:9000: result: lipo
configure:9065: checking for otool
configure:9081: found /usr/bin/otool
configure:9092: result: otool
configure:9157: checking for otool64
configure:9187: result: no
configure:9232: checking for -single_module linker flag
gcc -g -O2  -o libconftest.dylib -dynamiclib -Wl,-single_module conftest.c
configure:9265: result: yes
configure:9268: checking for -exported_symbols_list linker flag
configure:9288: gcc -o conftest -g -O2   -Wl,-exported_symbols_list,conftest.sym conftest.c  >&5
configure:9288: $? = 0
configure:9298: result: yes
configure:9301: checking for -force_load linker flag
gcc -g -O2 -c -o conftest.o conftest.c
ar cru libconftest.a conftest.o
ranlib libconftest.a
gcc -g -O2  -o conftest conftest.c -Wl,-force_load,./libconftest.a
configure:9333: result: yes
configure:9410: checking how to run the C preprocessor
configure:9441: gcc -E  conftest.c
configure:9441: $? = 0
configure:9455: gcc -E  conftest.c
conftest.c:10:10: fatal error: 'ac_nonexistent.h' file not found
#include <ac_nonexistent.h>
         ^~~~~~~~~~~~~~~~~~
1 error generated.
configure:9455: $? = 1
configure: failed program was:
| /* confdefs.h */
| #define PACKAGE_NAME "Qtum Core"
| #define PACKAGE_TARNAME "qtum"
| #define PACKAGE_VERSION "0.15.8"
| #define PACKAGE_STRING "Qtum Core 0.15.8"
| #define PACKAGE_BUGREPORT "https://github.com/qtumproject/qtum/issues"
| #define PACKAGE_URL "https://qtum.org/"
| #define HAVE_CXX11 1
| /* end confdefs.h.  */
| #include <ac_nonexistent.h>
configure:9480: result: gcc -E
configure:9500: gcc -E  conftest.c
configure:9500: $? = 0
configure:9514: gcc -E  conftest.c
conftest.c:10:10: fatal error: 'ac_nonexistent.h' file not found
#include <ac_nonexistent.h>
         ^~~~~~~~~~~~~~~~~~
1 error generated.
configure:9514: $? = 1
configure: failed program was:
| /* confdefs.h */
| #define PACKAGE_NAME "Qtum Core"
| #define PACKAGE_TARNAME "qtum"
| #define PACKAGE_VERSION "0.15.8"
| #define PACKAGE_STRING "Qtum Core 0.15.8"
| #define PACKAGE_BUGREPORT "https://github.com/qtumproject/qtum/issues"
| #define PACKAGE_URL "https://qtum.org/"
| #define HAVE_CXX11 1
| /* end confdefs.h.  */
| #include <ac_nonexistent.h>
configure:9543: checking for ANSI C header files
configure:9563: gcc -c -g -O2  conftest.c >&5
configure:9563: $? = 0
configure:9636: gcc -o conftest -g -O2   conftest.c  >&5
configure:9636: $? = 0
configure:9636: ./conftest
configure:9636: $? = 0
configure:9647: result: yes
configure:9660: checking for sys/types.h
configure:9660: gcc -c -g -O2  conftest.c >&5
configure:9660: $? = 0
configure:9660: result: yes
configure:9660: checking for sys/stat.h
configure:9660: gcc -c -g -O2  conftest.c >&5
configure:9660: $? = 0
configure:9660: result: yes
configure:9660: checking for stdlib.h
configure:9660: gcc -c -g -O2  conftest.c >&5
configure:9660: $? = 0
configure:9660: result: yes
configure:9660: checking for string.h
configure:9660: gcc -c -g -O2  conftest.c >&5
configure:9660: $? = 0
configure:9660: result: yes
configure:9660: checking for memory.h
configure:9660: gcc -c -g -O2  conftest.c >&5
configure:9660: $? = 0
configure:9660: result: yes
configure:9660: checking for strings.h
configure:9660: gcc -c -g -O2  conftest.c >&5
configure:9660: $? = 0
configure:9660: result: yes
configure:9660: checking for inttypes.h
configure:9660: gcc -c -g -O2  conftest.c >&5
configure:9660: $? = 0
configure:9660: result: yes
configure:9660: checking for stdint.h
configure:9660: gcc -c -g -O2  conftest.c >&5
configure:9660: $? = 0
configure:9660: result: yes
configure:9660: checking for unistd.h
configure:9660: gcc -c -g -O2  conftest.c >&5
configure:9660: $? = 0
configure:9660: result: yes
configure:9674: checking for dlfcn.h
configure:9674: gcc -c -g -O2  conftest.c >&5
configure:9674: $? = 0
configure:9674: result: yes
configure:9939: checking for objdir
configure:9954: result: .libs
configure:10218: checking if gcc supports -fno-rtti -fno-exceptions
configure:10236: gcc -c -g -O2  -fno-rtti -fno-exceptions conftest.c >&5
configure:10240: $? = 0
configure:10253: result: yes
configure:10611: checking for gcc option to produce PIC
configure:10618: result: -fno-common -DPIC
configure:10626: checking if gcc PIC flag -fno-common -DPIC works
configure:10644: gcc -c -g -O2  -fno-common -DPIC -DPIC conftest.c >&5
configure:10648: $? = 0
configure:10661: result: yes
configure:10690: checking if gcc static flag -static works
configure:10718: result: no
configure:10733: checking if gcc supports -c -o file.o
configure:10754: gcc -c -g -O2  -o out/conftest2.o conftest.c >&5
configure:10758: $? = 0
configure:10780: result: yes
configure:10788: checking if gcc supports -c -o file.o
configure:10835: result: yes
configure:10868: checking whether the gcc linker (/Applications/Xcode.app/Contents/Developer/Toolchains/XcodeDefault.xctoolchain/usr/bin/ld) supports shared libraries
configure:12127: result: yes
configure:12367: checking dynamic linker characteristics
configure:13185: result: darwin17.4.0 dyld
configure:13307: checking how to hardcode library paths into programs
configure:13332: result: immediate
configure:13880: checking whether stripping libraries is possible
configure:13894: result: yes
configure:13920: checking if libtool supports shared libraries
configure:13922: result: yes
configure:13925: checking whether to build shared libraries
configure:13950: result: yes
configure:13953: checking whether to build static libraries
configure:13957: result: yes
configure:13980: checking how to run the C++ preprocessor
configure:14007: g++ -std=c++11 -E  conftest.cpp
configure:14007: $? = 0
configure:14021: g++ -std=c++11 -E  conftest.cpp
conftest.cpp:22:10: fatal error: 'ac_nonexistent.h' file not found
#include <ac_nonexistent.h>
         ^~~~~~~~~~~~~~~~~~
1 error generated.
configure:14021: $? = 1
configure: failed program was:
| /* confdefs.h */
| #define PACKAGE_NAME "Qtum Core"
| #define PACKAGE_TARNAME "qtum"
| #define PACKAGE_VERSION "0.15.8"
| #define PACKAGE_STRING "Qtum Core 0.15.8"
| #define PACKAGE_BUGREPORT "https://github.com/qtumproject/qtum/issues"
| #define PACKAGE_URL "https://qtum.org/"
| #define HAVE_CXX11 1
| #define STDC_HEADERS 1
| #define HAVE_SYS_TYPES_H 1
| #define HAVE_SYS_STAT_H 1
| #define HAVE_STDLIB_H 1
| #define HAVE_STRING_H 1
| #define HAVE_MEMORY_H 1
| #define HAVE_STRINGS_H 1
| #define HAVE_INTTYPES_H 1
| #define HAVE_STDINT_H 1
| #define HAVE_UNISTD_H 1
| #define HAVE_DLFCN_H 1
| #define LT_OBJDIR ".libs/"
| /* end confdefs.h.  */
| #include <ac_nonexistent.h>
configure:14046: result: g++ -std=c++11 -E
configure:14066: g++ -std=c++11 -E  conftest.cpp
configure:14066: $? = 0
configure:14080: g++ -std=c++11 -E  conftest.cpp
conftest.cpp:22:10: fatal error: 'ac_nonexistent.h' file not found
#include <ac_nonexistent.h>
         ^~~~~~~~~~~~~~~~~~
1 error generated.
configure:14080: $? = 1
configure: failed program was:
| /* confdefs.h */
| #define PACKAGE_NAME "Qtum Core"
| #define PACKAGE_TARNAME "qtum"
| #define PACKAGE_VERSION "0.15.8"
| #define PACKAGE_STRING "Qtum Core 0.15.8"
| #define PACKAGE_BUGREPORT "https://github.com/qtumproject/qtum/issues"
| #define PACKAGE_URL "https://qtum.org/"
| #define HAVE_CXX11 1
| #define STDC_HEADERS 1
| #define HAVE_SYS_TYPES_H 1
| #define HAVE_SYS_STAT_H 1
| #define HAVE_STDLIB_H 1
| #define HAVE_STRING_H 1
| #define HAVE_MEMORY_H 1
| #define HAVE_STRINGS_H 1
| #define HAVE_INTTYPES_H 1
| #define HAVE_STDINT_H 1
| #define HAVE_UNISTD_H 1
| #define HAVE_DLFCN_H 1
| #define LT_OBJDIR ".libs/"
| /* end confdefs.h.  */
| #include <ac_nonexistent.h>
configure:14242: checking for ld used by g++ -std=c++11
configure:14309: result: /Applications/Xcode.app/Contents/Developer/Toolchains/XcodeDefault.xctoolchain/usr/bin/ld
configure:14316: checking if the linker (/Applications/Xcode.app/Contents/Developer/Toolchains/XcodeDefault.xctoolchain/usr/bin/ld) is GNU ld
configure:14331: result: no
configure:14386: checking whether the g++ -std=c++11 linker (/Applications/Xcode.app/Contents/Developer/Toolchains/XcodeDefault.xctoolchain/usr/bin/ld) supports shared libraries
configure:15459: result: yes
configure:15495: g++ -std=c++11 -c -g -O2  conftest.cpp >&5
configure:15498: $? = 0
configure:15979: checking for g++ -std=c++11 option to produce PIC
configure:15986: result: -fno-common -DPIC
configure:15994: checking if g++ -std=c++11 PIC flag -fno-common -DPIC works
configure:16012: g++ -std=c++11 -c -g -O2  -fno-common -DPIC -DPIC conftest.cpp >&5
configure:16016: $? = 0
configure:16029: result: yes
configure:16052: checking if g++ -std=c++11 static flag -static works
configure:16080: result: no
configure:16092: checking if g++ -std=c++11 supports -c -o file.o
configure:16113: g++ -std=c++11 -c -g -O2  -o out/conftest2.o conftest.cpp >&5
configure:16117: $? = 0
configure:16139: result: yes
configure:16144: checking if g++ -std=c++11 supports -c -o file.o
configure:16191: result: yes
configure:16221: checking whether the g++ -std=c++11 linker (/Applications/Xcode.app/Contents/Developer/Toolchains/XcodeDefault.xctoolchain/usr/bin/ld) supports shared libraries
configure:16261: result: yes
configure:16402: checking dynamic linker characteristics
configure:17147: result: darwin17.4.0 dyld
configure:17212: checking how to hardcode library paths into programs
configure:17237: result: immediate
configure:17345: checking for ar
configure:17363: found /usr/bin/ar
configure:17375: result: /usr/bin/ar
configure:17443: checking for ranlib
configure:17461: found /usr/bin/ranlib
configure:17473: result: /usr/bin/ranlib
configure:17541: checking for strip
configure:17559: found /usr/bin/strip
configure:17571: result: /usr/bin/strip
configure:17639: checking for gcov
configure:17657: found /usr/bin/gcov
configure:17669: result: /usr/bin/gcov
configure:17693: checking for lcov
configure:17726: result: no
configure:17735: checking for python3.6
configure:17753: found /usr/local/bin/python3.6
configure:17765: result: /usr/local/bin/python3.6
configure:17778: checking for genhtml
configure:17811: result: no
configure:17818: checking for git
configure:17836: found /usr/bin/git
configure:17848: result: /usr/bin/git
configure:17858: checking for ccache
configure:17891: result: no
configure:17898: checking for xgettext
configure:17931: result: no
configure:17938: checking for hexdump
configure:17956: found /usr/bin/hexdump
configure:17968: result: /usr/bin/hexdump
configure:18022: checking for readelf
configure:18055: result: no
configure:18120: checking for c++filt
configure:18138: found /usr/bin/c++filt
configure:18150: result: /usr/bin/c++filt
configure:18218: checking for objcopy
configure:18251: result: no
configure:18466: checking whether C++ compiler accepts -Werror
configure:18485: g++ -std=c++11 -c -g -O2  -Werror  conftest.cpp >&5
configure:18485: $? = 0
configure:18493: result: yes
configure:18561: checking whether C++ compiler accepts -Wall
configure:18580: g++ -std=c++11 -c -g -O2 -Werror -Wall  -DQTUM_BUILD conftest.cpp >&5
configure:18580: $? = 0
configure:18589: result: yes
configure:18598: checking whether C++ compiler accepts -Wextra
configure:18617: g++ -std=c++11 -c -g -O2 -Wall -Werror -Wextra  -DQTUM_BUILD conftest.cpp >&5
configure:18617: $? = 0
configure:18626: result: yes
configure:18635: checking whether C++ compiler accepts -Wformat
configure:18654: g++ -std=c++11 -c -g -O2 -Wall -Wextra -Werror -Wformat  -DQTUM_BUILD conftest.cpp >&5
configure:18654: $? = 0
configure:18663: result: yes
configure:18672: checking whether C++ compiler accepts -Wvla
configure:18691: g++ -std=c++11 -c -g -O2 -Wall -Wextra -Wformat -Werror -Wvla  -DQTUM_BUILD conftest.cpp >&5
configure:18691: $? = 0
configure:18700: result: yes
configure:18709: checking whether C++ compiler accepts -Wformat-security
configure:18728: g++ -std=c++11 -c -g -O2 -Wall -Wextra -Wformat -Wvla -Werror -Wformat-security  -DQTUM_BUILD conftest.cpp >&5
configure:18728: $? = 0
configure:18737: result: yes
configure:18750: checking whether C++ compiler accepts -Wunused-parameter
configure:18769: g++ -std=c++11 -c -g -O2 -Wall -Wextra -Wformat -Wvla -Wformat-security -Werror -Wunused-parameter  -DQTUM_BUILD conftest.cpp >&5
configure:18769: $? = 0
configure:18778: result: yes
configure:18787: checking whether C++ compiler accepts -Wself-assign
configure:18806: g++ -std=c++11 -c -g -O2 -Wall -Wextra -Wformat -Wvla -Wformat-security -Wno-unused-parameter -Werror -Wself-assign  -DQTUM_BUILD conftest.cpp >&5
configure:18806: $? = 0
configure:18815: result: yes
configure:18824: checking whether C++ compiler accepts -Wunused-local-typedef
configure:18843: g++ -std=c++11 -c -g -O2 -Wall -Wextra -Wformat -Wvla -Wformat-security -Wno-unused-parameter -Wno-self-assign -Werror -Wunused-local-typedef  -DQTUM_BUILD conftest.cpp >&5
configure:18843: $? = 0
configure:18852: result: yes
configure:18861: checking whether C++ compiler accepts -Wdeprecated-register
configure:18880: g++ -std=c++11 -c -g -O2 -Wall -Wextra -Wformat -Wvla -Wformat-security -Wno-unused-parameter -Wno-self-assign -Wno-unused-local-typedef -Werror -Wdeprecated-register  -DQTUM_BUILD conftest.cpp >&5
configure:18880: $? = 0
configure:18889: result: yes
configure:18898: checking whether C++ compiler accepts -Wimplicit-fallthrough
configure:18917: g++ -std=c++11 -c -g -O2 -Wall -Wextra -Wformat -Wvla -Wformat-security -Wno-unused-parameter -Wno-self-assign -Wno-unused-local-typedef -Wno-deprecated-register -Werror -Wimplicit-fallthrough  -DQTUM_BUILD conftest.cpp >&5
configure:18917: $? = 0
configure:18926: result: yes
configure:18935: checking whether C++ compiler accepts -Wno-unknown-pragmas
configure:18954: g++ -std=c++11 -c -g -O2 -Wall -Wextra -Wformat -Wvla -Wformat-security -Wno-unused-parameter -Wno-self-assign -Wno-unused-local-typedef -Wno-deprecated-register -Wno-implicit-fallthrough -Werror -Wno-unknown-pragmas  -DQTUM_BUILD conftest.cpp >&5
configure:18954: $? = 0
configure:18963: result: yes
configure:18977: checking whether C++ compiler accepts -msse4.2
configure:18996: g++ -std=c++11 -c -g -O2 -Wall -Wextra -Wformat -Wvla -Wformat-security -Wno-unused-parameter -Wno-self-assign -Wno-unused-local-typedef -Wno-deprecated-register -Wno-implicit-fallthrough -Wno-unknown-pragmas -Werror -msse4.2  -DQTUM_BUILD conftest.cpp >&5
configure:18996: $? = 0
configure:19005: result: yes
configure:19016: checking for assembler crc32 support
configure:19042: g++ -std=c++11 -c -g -O2 -Wall -Wextra -Wformat -Wvla -Wformat-security -Wno-unused-parameter -Wno-self-assign -Wno-unused-local-typedef -Wno-deprecated-register -Wno-implicit-fallthrough -Wno-unknown-pragmas -msse4.2  -DQTUM_BUILD conftest.cpp >&5
configure:19042: $? = 0
configure:19043: result: yes
configure:20080: checking for port
configure:20110: result: no
configure:20128: checking for rsvg-convert
configure:20146: found /usr/local/bin/rsvg-convert
configure:20158: result: /usr/local/bin/rsvg-convert
configure:20172: checking for brew
configure:20188: found /usr/local/bin/brew
configure:20199: result: brew
configure:20617: checking whether the linker accepts -Wl,-headerpad_max_install_names
configure:20636: g++ -std=c++11 -o conftest -g -O2 -Wall -Wextra -Wformat -Wvla -Wformat-security -Wno-unused-parameter -Wno-self-assign -Wno-unused-local-typedef -Wno-deprecated-register -Wno-implicit-fallthrough -Wno-unknown-pragmas  -DQTUM_BUILD -DHAVE_BUILD_INFO -D__STDC_FORMAT_MACROS -I/usr/local/opt/berkeley-db@4/include   -Wl,-headerpad_max_install_names conftest.cpp  -L/usr/local/opt/berkeley-db@4/lib >&5
configure:20636: $? = 0
configure:20645: result: yes
configure:20733: checking for pkg-config
configure:20751: found /usr/local/bin/pkg-config
configure:20763: result: /usr/local/bin/pkg-config
configure:20788: checking pkg-config is at least version 0.9.0
configure:20791: result: yes
configure:20906: checking whether byte ordering is bigendian
configure:20921: g++ -std=c++11 -c -g -O2 -Wall -Wextra -Wformat -Wvla -Wformat-security -Wno-unused-parameter -Wno-self-assign -Wno-unused-local-typedef -Wno-deprecated-register -Wno-implicit-fallthrough -Wno-unknown-pragmas  -DQTUM_BUILD -DHAVE_BUILD_INFO -D__STDC_FORMAT_MACROS -I/usr/local/opt/berkeley-db@4/include -DMAC_OSX conftest.cpp >&5
configure:20921: $? = 0
configure:20966: g++ -std=c++11 -c -g -O2 -Wall -Wextra -Wformat -Wvla -Wformat-security -Wno-unused-parameter -Wno-self-assign -Wno-unused-local-typedef -Wno-deprecated-register -Wno-implicit-fallthrough -Wno-unknown-pragmas  -DQTUM_BUILD -DHAVE_BUILD_INFO -D__STDC_FORMAT_MACROS -I/usr/local/opt/berkeley-db@4/include -DMAC_OSX conftest.cpp >&5
configure:20966: $? = 0
configure:20984: g++ -std=c++11 -c -g -O2 -Wall -Wextra -Wformat -Wvla -Wformat-security -Wno-unused-parameter -Wno-self-assign -Wno-unused-local-typedef -Wno-deprecated-register -Wno-implicit-fallthrough -Wno-unknown-pragmas  -DQTUM_BUILD -DHAVE_BUILD_INFO -D__STDC_FORMAT_MACROS -I/usr/local/opt/berkeley-db@4/include -DMAC_OSX conftest.cpp >&5
conftest.cpp:29:11: error: expected ';' after expression
                 not big endian
                        ^
                        ;
conftest.cpp:29:8: error: use of undeclared identifier 'big'
                 not big endian
                     ^
conftest.cpp:29:12: error: use of undeclared identifier 'endian'
                 not big endian
                         ^
3 errors generated.
configure:20984: $? = 1
configure: failed program was:
| /* confdefs.h */
| #define PACKAGE_NAME "Qtum Core"
| #define PACKAGE_TARNAME "qtum"
| #define PACKAGE_VERSION "0.15.8"
| #define PACKAGE_STRING "Qtum Core 0.15.8"
| #define PACKAGE_BUGREPORT "https://github.com/qtumproject/qtum/issues"
| #define PACKAGE_URL "https://qtum.org/"
| #define HAVE_CXX11 1
| #define STDC_HEADERS 1
| #define HAVE_SYS_TYPES_H 1
| #define HAVE_SYS_STAT_H 1
| #define HAVE_STDLIB_H 1
| #define HAVE_STRING_H 1
| #define HAVE_MEMORY_H 1
| #define HAVE_STRINGS_H 1
| #define HAVE_INTTYPES_H 1
| #define HAVE_STDINT_H 1
| #define HAVE_UNISTD_H 1
| #define HAVE_DLFCN_H 1
| #define LT_OBJDIR ".libs/"
| /* end confdefs.h.  */
| #include <sys/types.h>
| 		#include <sys/param.h>
| 
| int
| main ()
| {
| #if BYTE_ORDER != BIG_ENDIAN
| 		 not big endian
| 		#endif
| 
|   ;
|   return 0;
| }
configure:21112: result: no
configure:21314: checking whether gcc is Clang
configure:21339: result: yes
configure:21386: checking whether Clang needs flag to prevent "argument unused" warning when linking with -pthread
configure:21411: gcc -o conftest -Werror -Wunknown-warning-option  -pthread -g -O2  -DQTUM_BUILD -DHAVE_BUILD_INFO -D__STDC_FORMAT_MACROS -I/usr/local/opt/berkeley-db@4/include -DMAC_OSX  -Wl,-headerpad_max_install_names conftest.c  -L/usr/local/opt/berkeley-db@4/lib >&5
configure:21411: $? = 0
configure:21417: (gcc -c -Werror -Wunknown-warning-option  -pthread -g -O2  -DQTUM_BUILD -DHAVE_BUILD_INFO -D__STDC_FORMAT_MACROS -I/usr/local/opt/berkeley-db@4/include -DMAC_OSX conftest.c >&5) && (echo ==== >&5) && (gcc -o conftest -Werror -Wunknown-warning-option  -pthread -g -O2  -DQTUM_BUILD -DHAVE_BUILD_INFO -D__STDC_FORMAT_MACROS -I/usr/local/opt/berkeley-db@4/include -DMAC_OSX  -Wl,-headerpad_max_install_names conftest.o  -L/usr/local/opt/berkeley-db@4/lib >&5)
====
configure:21417: $? = 0
configure:21435: result: no
configure:21584: checking for joinable pthread attribute
configure:21602: gcc -o conftest -g -O2 -pthread  -DQTUM_BUILD -DHAVE_BUILD_INFO -D__STDC_FORMAT_MACROS -I/usr/local/opt/berkeley-db@4/include -DMAC_OSX  -Wl,-headerpad_max_install_names conftest.c   -L/usr/local/opt/berkeley-db@4/lib >&5
configure:21602: $? = 0
configure:21610: result: PTHREAD_CREATE_JOINABLE
configure:21624: checking whether more special flags are required for pthreads
configure:21637: result: no
configure:21645: checking for PTHREAD_PRIO_INHERIT
configure:21661: gcc -o conftest -g -O2 -pthread  -DQTUM_BUILD -DHAVE_BUILD_INFO -D__STDC_FORMAT_MACROS -I/usr/local/opt/berkeley-db@4/include -DMAC_OSX  -Wl,-headerpad_max_install_names conftest.c   -L/usr/local/opt/berkeley-db@4/lib >&5
configure:21661: $? = 0
configure:21670: result: yes
configure:21783: checking for special C compiler options needed for large files
configure:21828: result: no
configure:21834: checking for _FILE_OFFSET_BITS value needed for large files
configure:21859: g++ -std=c++11 -c -g -O2 -Wall -Wextra -Wformat -Wvla -Wformat-security -Wno-unused-parameter -Wno-self-assign -Wno-unused-local-typedef -Wno-deprecated-register -Wno-implicit-fallthrough -Wno-unknown-pragmas  -DQTUM_BUILD -DHAVE_BUILD_INFO -D__STDC_FORMAT_MACROS -I/usr/local/opt/berkeley-db@4/include -DMAC_OSX conftest.cpp >&5
configure:21859: $? = 0
configure:21891: result: no
configure:21977: checking whether strerror_r is declared
configure:21977: g++ -std=c++11 -c -g -O2 -Wall -Wextra -Wformat -Wvla -Wformat-security -Wno-unused-parameter -Wno-self-assign -Wno-unused-local-typedef -Wno-deprecated-register -Wno-implicit-fallthrough -Wno-unknown-pragmas  -DQTUM_BUILD -DHAVE_BUILD_INFO -D__STDC_FORMAT_MACROS -I/usr/local/opt/berkeley-db@4/include -DMAC_OSX conftest.cpp >&5
configure:21977: $? = 0
configure:21977: result: yes
configure:21990: checking for strerror_r
configure:21990: g++ -std=c++11 -o conftest -g -O2 -Wall -Wextra -Wformat -Wvla -Wformat-security -Wno-unused-parameter -Wno-self-assign -Wno-unused-local-typedef -Wno-deprecated-register -Wno-implicit-fallthrough -Wno-unknown-pragmas  -DQTUM_BUILD -DHAVE_BUILD_INFO -D__STDC_FORMAT_MACROS -I/usr/local/opt/berkeley-db@4/include -DMAC_OSX  -Wl,-headerpad_max_install_names conftest.cpp  -L/usr/local/opt/berkeley-db@4/lib >&5
configure:21990: $? = 0
configure:21990: result: yes
configure:21999: checking whether strerror_r returns char *
configure:22023: g++ -std=c++11 -c -g -O2 -Wall -Wextra -Wformat -Wvla -Wformat-security -Wno-unused-parameter -Wno-self-assign -Wno-unused-local-typedef -Wno-deprecated-register -Wno-implicit-fallthrough -Wno-unknown-pragmas  -DQTUM_BUILD -DHAVE_BUILD_INFO -D__STDC_FORMAT_MACROS -I/usr/local/opt/berkeley-db@4/include -DMAC_OSX conftest.cpp >&5
conftest.cpp:64:13: error: indirection requires pointer operand ('int' invalid)
          char x = *strerror_r (0, buf, sizeof buf);
                   ^~~~~~~~~~~~~~~~~~~~~~~~~~~~~~~~
conftest.cpp:65:10: error: cannot initialize a variable of type 'char *' with an rvalue of type 'int'
          char *p = strerror_r (0, buf, sizeof buf);
                ^   ~~~~~~~~~~~~~~~~~~~~~~~~~~~~~~~
2 errors generated.
configure:22023: $? = 1
configure: failed program was:
| /* confdefs.h */
| #define PACKAGE_NAME "Qtum Core"
| #define PACKAGE_TARNAME "qtum"
| #define PACKAGE_VERSION "0.15.8"
| #define PACKAGE_STRING "Qtum Core 0.15.8"
| #define PACKAGE_BUGREPORT "https://github.com/qtumproject/qtum/issues"
| #define PACKAGE_URL "https://qtum.org/"
| #define HAVE_CXX11 1
| #define STDC_HEADERS 1
| #define HAVE_SYS_TYPES_H 1
| #define HAVE_SYS_STAT_H 1
| #define HAVE_STDLIB_H 1
| #define HAVE_STRING_H 1
| #define HAVE_MEMORY_H 1
| #define HAVE_STRINGS_H 1
| #define HAVE_INTTYPES_H 1
| #define HAVE_STDINT_H 1
| #define HAVE_UNISTD_H 1
| #define HAVE_DLFCN_H 1
| #define LT_OBJDIR ".libs/"
| #define HAVE_PTHREAD_PRIO_INHERIT 1
| #define HAVE_PTHREAD 1
| #define HAVE_DECL_STRERROR_R 1
| #define HAVE_STRERROR_R 1
| /* end confdefs.h.  */
| #include <stdio.h>
| #ifdef HAVE_SYS_TYPES_H
| # include <sys/types.h>
| #endif
| #ifdef HAVE_SYS_STAT_H
| # include <sys/stat.h>
| #endif
| #ifdef STDC_HEADERS
| # include <stdlib.h>
| # include <stddef.h>
| #else
| # ifdef HAVE_STDLIB_H
| #  include <stdlib.h>
| # endif
| #endif
| #ifdef HAVE_STRING_H
| # if !defined STDC_HEADERS && defined HAVE_MEMORY_H
| #  include <memory.h>
| # endif
| # include <string.h>
| #endif
| #ifdef HAVE_STRINGS_H
| # include <strings.h>
| #endif
| #ifdef HAVE_INTTYPES_H
| # include <inttypes.h>
| #endif
| #ifdef HAVE_STDINT_H
| # include <stdint.h>
| #endif
| #ifdef HAVE_UNISTD_H
| # include <unistd.h>
| #endif
| int
| main ()
| {
| 
| 	  char buf[100];
| 	  char x = *strerror_r (0, buf, sizeof buf);
| 	  char *p = strerror_r (0, buf, sizeof buf);
| 	  return !p || x;
| 
|   ;
|   return 0;
| }
configure:22061: result: no
configure:22082: checking whether the linker accepts -Wl,--large-address-aware
configure:22101: g++ -std=c++11 -o conftest -g -O2 -Wall -Wextra -Wformat -Wvla -Wformat-security -Wno-unused-parameter -Wno-self-assign -Wno-unused-local-typedef -Wno-deprecated-register -Wno-implicit-fallthrough -Wno-unknown-pragmas  -DQTUM_BUILD -DHAVE_BUILD_INFO -D__STDC_FORMAT_MACROS -I/usr/local/opt/berkeley-db@4/include -DMAC_OSX  -Wl,-headerpad_max_install_names  -Wl,--large-address-aware conftest.cpp  -L/usr/local/opt/berkeley-db@4/lib >&5
ld: unknown option: --large-address-aware
clang: error: linker command failed with exit code 1 (use -v to see invocation)
configure:22101: $? = 1
configure: failed program was:
| /* confdefs.h */
| #define PACKAGE_NAME "Qtum Core"
| #define PACKAGE_TARNAME "qtum"
| #define PACKAGE_VERSION "0.15.8"
| #define PACKAGE_STRING "Qtum Core 0.15.8"
| #define PACKAGE_BUGREPORT "https://github.com/qtumproject/qtum/issues"
| #define PACKAGE_URL "https://qtum.org/"
| #define HAVE_CXX11 1
| #define STDC_HEADERS 1
| #define HAVE_SYS_TYPES_H 1
| #define HAVE_SYS_STAT_H 1
| #define HAVE_STDLIB_H 1
| #define HAVE_STRING_H 1
| #define HAVE_MEMORY_H 1
| #define HAVE_STRINGS_H 1
| #define HAVE_INTTYPES_H 1
| #define HAVE_STDINT_H 1
| #define HAVE_UNISTD_H 1
| #define HAVE_DLFCN_H 1
| #define LT_OBJDIR ".libs/"
| #define HAVE_PTHREAD_PRIO_INHERIT 1
| #define HAVE_PTHREAD 1
| #define HAVE_DECL_STRERROR_R 1
| #define HAVE_STRERROR_R 1
| /* end confdefs.h.  */
| 
| int
| main ()
| {
| 
|   ;
|   return 0;
| }
configure:22110: result: no
configure:22122: checking for __attribute__((visibility))
configure:22146: g++ -std=c++11 -o conftest -g -O2 -Wall -Wextra -Wformat -Wvla -Wformat-security -Wno-unused-parameter -Wno-self-assign -Wno-unused-local-typedef -Wno-deprecated-register -Wno-implicit-fallthrough -Wno-unknown-pragmas  -DQTUM_BUILD -DHAVE_BUILD_INFO -D__STDC_FORMAT_MACROS -I/usr/local/opt/berkeley-db@4/include -DMAC_OSX  -Wl,-headerpad_max_install_names conftest.cpp  -L/usr/local/opt/berkeley-db@4/lib >&5
conftest.cpp:31:56: warning: target does not support 'protected' visibility; using 'default' [-Wunsupported-visibility]
                    int foo_pro( void ) __attribute__((visibility("protected")));
                                                       ^
1 warning generated.
configure:22146: $? = 0
configure:22159: result: no
configure:22175: checking for __attribute__((dllexport))
configure:22196: g++ -std=c++11 -o conftest -g -O2 -Wall -Wextra -Wformat -Wvla -Wformat-security -Wno-unused-parameter -Wno-self-assign -Wno-unused-local-typedef -Wno-deprecated-register -Wno-implicit-fallthrough -Wno-unknown-pragmas  -DQTUM_BUILD -DHAVE_BUILD_INFO -D__STDC_FORMAT_MACROS -I/usr/local/opt/berkeley-db@4/include -DMAC_OSX  -Wl,-headerpad_max_install_names conftest.cpp  -L/usr/local/opt/berkeley-db@4/lib >&5
conftest.cpp:28:36: warning: unknown attribute 'dllexport' ignored [-Wunknown-attributes]
                    __attribute__((dllexport)) int foo( void ) { return 0; }
                                   ^
1 warning generated.
configure:22196: $? = 0
configure:22209: result: no
configure:22225: checking for __attribute__((dllimport))
configure:22246: g++ -std=c++11 -o conftest -g -O2 -Wall -Wextra -Wformat -Wvla -Wformat-security -Wno-unused-parameter -Wno-self-assign -Wno-unused-local-typedef -Wno-deprecated-register -Wno-implicit-fallthrough -Wno-unknown-pragmas  -DQTUM_BUILD -DHAVE_BUILD_INFO -D__STDC_FORMAT_MACROS -I/usr/local/opt/berkeley-db@4/include -DMAC_OSX  -Wl,-headerpad_max_install_names conftest.cpp  -L/usr/local/opt/berkeley-db@4/lib >&5
conftest.cpp:28:52: warning: unknown attribute 'dllimport' ignored [-Wunknown-attributes]
                    int foo( void ) __attribute__((dllimport));
                                                   ^
1 warning generated.
configure:22246: $? = 0
configure:22259: result: no
configure:22359: checking for library containing clock_gettime
configure:22390: g++ -std=c++11 -o conftest -g -O2 -Wall -Wextra -Wformat -Wvla -Wformat-security -Wno-unused-parameter -Wno-self-assign -Wno-unused-local-typedef -Wno-deprecated-register -Wno-implicit-fallthrough -Wno-unknown-pragmas  -DQTUM_BUILD -DHAVE_BUILD_INFO -D__STDC_FORMAT_MACROS -I/usr/local/opt/berkeley-db@4/include -DMAC_OSX  -Wl,-headerpad_max_install_names conftest.cpp  -L/usr/local/opt/berkeley-db@4/lib >&5
configure:22390: $? = 0
configure:22407: result: none required
configure:22419: checking whether C++ compiler accepts -fPIC
configure:22438: g++ -std=c++11 -c -g -O2 -Wall -Wextra -Wformat -Wvla -Wformat-security -Wno-unused-parameter -Wno-self-assign -Wno-unused-local-typedef -Wno-deprecated-register -Wno-implicit-fallthrough -Wno-unknown-pragmas  -fPIC  -DQTUM_BUILD -DHAVE_BUILD_INFO -D__STDC_FORMAT_MACROS -I/usr/local/opt/berkeley-db@4/include -DMAC_OSX conftest.cpp >&5
configure:22438: $? = 0
configure:22446: result: yes
configure:22457: checking whether C++ compiler accepts -Wstack-protector
configure:22476: g++ -std=c++11 -c -g -O2 -Wall -Wextra -Wformat -Wvla -Wformat-security -Wno-unused-parameter -Wno-self-assign -Wno-unused-local-typedef -Wno-deprecated-register -Wno-implicit-fallthrough -Wno-unknown-pragmas  -Wstack-protector  -DQTUM_BUILD -DHAVE_BUILD_INFO -D__STDC_FORMAT_MACROS -I/usr/local/opt/berkeley-db@4/include -DMAC_OSX conftest.cpp >&5
configure:22476: $? = 0
configure:22484: result: yes
configure:22492: checking whether C++ compiler accepts -fstack-protector-all
configure:22511: g++ -std=c++11 -c -g -O2 -Wall -Wextra -Wformat -Wvla -Wformat-security -Wno-unused-parameter -Wno-self-assign -Wno-unused-local-typedef -Wno-deprecated-register -Wno-implicit-fallthrough -Wno-unknown-pragmas  -fstack-protector-all  -DQTUM_BUILD -DHAVE_BUILD_INFO -D__STDC_FORMAT_MACROS -I/usr/local/opt/berkeley-db@4/include -DMAC_OSX conftest.cpp >&5
configure:22511: $? = 0
configure:22519: result: yes
configure:22529: checking whether C++ preprocessor accepts -D_FORTIFY_SOURCE=2
configure:22548: g++ -std=c++11 -E  -DQTUM_BUILD -DHAVE_BUILD_INFO -D__STDC_FORMAT_MACROS -I/usr/local/opt/berkeley-db@4/include -DMAC_OSX  -D_FORTIFY_SOURCE=2 conftest.cpp
configure:22548: $? = 0
configure:22556: result: yes
configure:22560: checking whether C++ preprocessor accepts -U_FORTIFY_SOURCE
configure:22579: g++ -std=c++11 -E  -DQTUM_BUILD -DHAVE_BUILD_INFO -D__STDC_FORMAT_MACROS -I/usr/local/opt/berkeley-db@4/include -DMAC_OSX  -U_FORTIFY_SOURCE conftest.cpp
configure:22579: $? = 0
configure:22587: result: yes
configure:22604: checking whether the linker accepts -Wl,--dynamicbase
configure:22623: g++ -std=c++11 -o conftest -g -O2 -Wall -Wextra -Wformat -Wvla -Wformat-security -Wno-unused-parameter -Wno-self-assign -Wno-unused-local-typedef -Wno-deprecated-register -Wno-implicit-fallthrough -Wno-unknown-pragmas  -DQTUM_BUILD -DHAVE_BUILD_INFO -D__STDC_FORMAT_MACROS -I/usr/local/opt/berkeley-db@4/include -DMAC_OSX  -Wl,-headerpad_max_install_names  -Wl,--dynamicbase conftest.cpp  -L/usr/local/opt/berkeley-db@4/lib >&5
ld: unknown option: --dynamicbase
clang: error: linker command failed with exit code 1 (use -v to see invocation)
configure:22623: $? = 1
configure: failed program was:
| /* confdefs.h */
| #define PACKAGE_NAME "Qtum Core"
| #define PACKAGE_TARNAME "qtum"
| #define PACKAGE_VERSION "0.15.8"
| #define PACKAGE_STRING "Qtum Core 0.15.8"
| #define PACKAGE_BUGREPORT "https://github.com/qtumproject/qtum/issues"
| #define PACKAGE_URL "https://qtum.org/"
| #define HAVE_CXX11 1
| #define STDC_HEADERS 1
| #define HAVE_SYS_TYPES_H 1
| #define HAVE_SYS_STAT_H 1
| #define HAVE_STDLIB_H 1
| #define HAVE_STRING_H 1
| #define HAVE_MEMORY_H 1
| #define HAVE_STRINGS_H 1
| #define HAVE_INTTYPES_H 1
| #define HAVE_STDINT_H 1
| #define HAVE_UNISTD_H 1
| #define HAVE_DLFCN_H 1
| #define LT_OBJDIR ".libs/"
| #define HAVE_PTHREAD_PRIO_INHERIT 1
| #define HAVE_PTHREAD 1
| #define HAVE_DECL_STRERROR_R 1
| #define HAVE_STRERROR_R 1
| /* end confdefs.h.  */
| 
| int
| main ()
| {
| 
|   ;
|   return 0;
| }
configure:22632: result: no
configure:22640: checking whether the linker accepts -Wl,--nxcompat
configure:22659: g++ -std=c++11 -o conftest -g -O2 -Wall -Wextra -Wformat -Wvla -Wformat-security -Wno-unused-parameter -Wno-self-assign -Wno-unused-local-typedef -Wno-deprecated-register -Wno-implicit-fallthrough -Wno-unknown-pragmas  -DQTUM_BUILD -DHAVE_BUILD_INFO -D__STDC_FORMAT_MACROS -I/usr/local/opt/berkeley-db@4/include -DMAC_OSX  -Wl,-headerpad_max_install_names  -Wl,--nxcompat conftest.cpp  -L/usr/local/opt/berkeley-db@4/lib >&5
ld: unknown option: --nxcompat
clang: error: linker command failed with exit code 1 (use -v to see invocation)
configure:22659: $? = 1
configure: failed program was:
| /* confdefs.h */
| #define PACKAGE_NAME "Qtum Core"
| #define PACKAGE_TARNAME "qtum"
| #define PACKAGE_VERSION "0.15.8"
| #define PACKAGE_STRING "Qtum Core 0.15.8"
| #define PACKAGE_BUGREPORT "https://github.com/qtumproject/qtum/issues"
| #define PACKAGE_URL "https://qtum.org/"
| #define HAVE_CXX11 1
| #define STDC_HEADERS 1
| #define HAVE_SYS_TYPES_H 1
| #define HAVE_SYS_STAT_H 1
| #define HAVE_STDLIB_H 1
| #define HAVE_STRING_H 1
| #define HAVE_MEMORY_H 1
| #define HAVE_STRINGS_H 1
| #define HAVE_INTTYPES_H 1
| #define HAVE_STDINT_H 1
| #define HAVE_UNISTD_H 1
| #define HAVE_DLFCN_H 1
| #define LT_OBJDIR ".libs/"
| #define HAVE_PTHREAD_PRIO_INHERIT 1
| #define HAVE_PTHREAD 1
| #define HAVE_DECL_STRERROR_R 1
| #define HAVE_STRERROR_R 1
| /* end confdefs.h.  */
| 
| int
| main ()
| {
| 
|   ;
|   return 0;
| }
configure:22668: result: no
configure:22676: checking whether the linker accepts -Wl,--high-entropy-va
configure:22695: g++ -std=c++11 -o conftest -g -O2 -Wall -Wextra -Wformat -Wvla -Wformat-security -Wno-unused-parameter -Wno-self-assign -Wno-unused-local-typedef -Wno-deprecated-register -Wno-implicit-fallthrough -Wno-unknown-pragmas  -DQTUM_BUILD -DHAVE_BUILD_INFO -D__STDC_FORMAT_MACROS -I/usr/local/opt/berkeley-db@4/include -DMAC_OSX  -Wl,-headerpad_max_install_names  -Wl,--high-entropy-va conftest.cpp  -L/usr/local/opt/berkeley-db@4/lib >&5
ld: unknown option: --high-entropy-va
clang: error: linker command failed with exit code 1 (use -v to see invocation)
configure:22695: $? = 1
configure: failed program was:
| /* confdefs.h */
| #define PACKAGE_NAME "Qtum Core"
| #define PACKAGE_TARNAME "qtum"
| #define PACKAGE_VERSION "0.15.8"
| #define PACKAGE_STRING "Qtum Core 0.15.8"
| #define PACKAGE_BUGREPORT "https://github.com/qtumproject/qtum/issues"
| #define PACKAGE_URL "https://qtum.org/"
| #define HAVE_CXX11 1
| #define STDC_HEADERS 1
| #define HAVE_SYS_TYPES_H 1
| #define HAVE_SYS_STAT_H 1
| #define HAVE_STDLIB_H 1
| #define HAVE_STRING_H 1
| #define HAVE_MEMORY_H 1
| #define HAVE_STRINGS_H 1
| #define HAVE_INTTYPES_H 1
| #define HAVE_STDINT_H 1
| #define HAVE_UNISTD_H 1
| #define HAVE_DLFCN_H 1
| #define LT_OBJDIR ".libs/"
| #define HAVE_PTHREAD_PRIO_INHERIT 1
| #define HAVE_PTHREAD 1
| #define HAVE_DECL_STRERROR_R 1
| #define HAVE_STRERROR_R 1
| /* end confdefs.h.  */
| 
| int
| main ()
| {
| 
|   ;
|   return 0;
| }
configure:22704: result: no
configure:22712: checking whether the linker accepts -Wl,-z,relro
configure:22731: g++ -std=c++11 -o conftest -g -O2 -Wall -Wextra -Wformat -Wvla -Wformat-security -Wno-unused-parameter -Wno-self-assign -Wno-unused-local-typedef -Wno-deprecated-register -Wno-implicit-fallthrough -Wno-unknown-pragmas  -DQTUM_BUILD -DHAVE_BUILD_INFO -D__STDC_FORMAT_MACROS -I/usr/local/opt/berkeley-db@4/include -DMAC_OSX  -Wl,-headerpad_max_install_names  -Wl,-z,relro conftest.cpp  -L/usr/local/opt/berkeley-db@4/lib >&5
ld: unknown option: -z
clang: error: linker command failed with exit code 1 (use -v to see invocation)
configure:22731: $? = 1
configure: failed program was:
| /* confdefs.h */
| #define PACKAGE_NAME "Qtum Core"
| #define PACKAGE_TARNAME "qtum"
| #define PACKAGE_VERSION "0.15.8"
| #define PACKAGE_STRING "Qtum Core 0.15.8"
| #define PACKAGE_BUGREPORT "https://github.com/qtumproject/qtum/issues"
| #define PACKAGE_URL "https://qtum.org/"
| #define HAVE_CXX11 1
| #define STDC_HEADERS 1
| #define HAVE_SYS_TYPES_H 1
| #define HAVE_SYS_STAT_H 1
| #define HAVE_STDLIB_H 1
| #define HAVE_STRING_H 1
| #define HAVE_MEMORY_H 1
| #define HAVE_STRINGS_H 1
| #define HAVE_INTTYPES_H 1
| #define HAVE_STDINT_H 1
| #define HAVE_UNISTD_H 1
| #define HAVE_DLFCN_H 1
| #define LT_OBJDIR ".libs/"
| #define HAVE_PTHREAD_PRIO_INHERIT 1
| #define HAVE_PTHREAD 1
| #define HAVE_DECL_STRERROR_R 1
| #define HAVE_STRERROR_R 1
| /* end confdefs.h.  */
| 
| int
| main ()
| {
| 
|   ;
|   return 0;
| }
configure:22740: result: no
configure:22748: checking whether the linker accepts -Wl,-z,now
configure:22767: g++ -std=c++11 -o conftest -g -O2 -Wall -Wextra -Wformat -Wvla -Wformat-security -Wno-unused-parameter -Wno-self-assign -Wno-unused-local-typedef -Wno-deprecated-register -Wno-implicit-fallthrough -Wno-unknown-pragmas  -DQTUM_BUILD -DHAVE_BUILD_INFO -D__STDC_FORMAT_MACROS -I/usr/local/opt/berkeley-db@4/include -DMAC_OSX  -Wl,-headerpad_max_install_names  -Wl,-z,now conftest.cpp  -L/usr/local/opt/berkeley-db@4/lib >&5
ld: unknown option: -z
clang: error: linker command failed with exit code 1 (use -v to see invocation)
configure:22767: $? = 1
configure: failed program was:
| /* confdefs.h */
| #define PACKAGE_NAME "Qtum Core"
| #define PACKAGE_TARNAME "qtum"
| #define PACKAGE_VERSION "0.15.8"
| #define PACKAGE_STRING "Qtum Core 0.15.8"
| #define PACKAGE_BUGREPORT "https://github.com/qtumproject/qtum/issues"
| #define PACKAGE_URL "https://qtum.org/"
| #define HAVE_CXX11 1
| #define STDC_HEADERS 1
| #define HAVE_SYS_TYPES_H 1
| #define HAVE_SYS_STAT_H 1
| #define HAVE_STDLIB_H 1
| #define HAVE_STRING_H 1
| #define HAVE_MEMORY_H 1
| #define HAVE_STRINGS_H 1
| #define HAVE_INTTYPES_H 1
| #define HAVE_STDINT_H 1
| #define HAVE_UNISTD_H 1
| #define HAVE_DLFCN_H 1
| #define LT_OBJDIR ".libs/"
| #define HAVE_PTHREAD_PRIO_INHERIT 1
| #define HAVE_PTHREAD 1
| #define HAVE_DECL_STRERROR_R 1
| #define HAVE_STRERROR_R 1
| /* end confdefs.h.  */
| 
| int
| main ()
| {
| 
|   ;
|   return 0;
| }
configure:22776: result: no
configure:22786: checking whether C++ compiler accepts -fPIE
configure:22805: g++ -std=c++11 -c -g -O2 -Wall -Wextra -Wformat -Wvla -Wformat-security -Wno-unused-parameter -Wno-self-assign -Wno-unused-local-typedef -Wno-deprecated-register -Wno-implicit-fallthrough -Wno-unknown-pragmas  -fPIE  -DQTUM_BUILD -DHAVE_BUILD_INFO -D__STDC_FORMAT_MACROS -I/usr/local/opt/berkeley-db@4/include -DMAC_OSX conftest.cpp >&5
configure:22805: $? = 0
configure:22813: result: yes
configure:22821: checking whether the linker accepts -pie
configure:22840: g++ -std=c++11 -o conftest -g -O2 -Wall -Wextra -Wformat -Wvla -Wformat-security -Wno-unused-parameter -Wno-self-assign -Wno-unused-local-typedef -Wno-deprecated-register -Wno-implicit-fallthrough -Wno-unknown-pragmas  -DQTUM_BUILD -DHAVE_BUILD_INFO -D__STDC_FORMAT_MACROS -I/usr/local/opt/berkeley-db@4/include -DMAC_OSX  -Wl,-headerpad_max_install_names  -pie conftest.cpp  -L/usr/local/opt/berkeley-db@4/lib >&5
clang: warning: argument unused during compilation: '-pie' [-Wunused-command-line-argument]
configure:22840: $? = 0
configure:22849: result: yes
configure:22907: checking whether the linker accepts -Wl,-dead_strip
configure:22926: g++ -std=c++11 -o conftest -g -O2 -Wall -Wextra -Wformat -Wvla -Wformat-security -Wno-unused-parameter -Wno-self-assign -Wno-unused-local-typedef -Wno-deprecated-register -Wno-implicit-fallthrough -Wno-unknown-pragmas  -DQTUM_BUILD -DHAVE_BUILD_INFO -D__STDC_FORMAT_MACROS -I/usr/local/opt/berkeley-db@4/include -DMAC_OSX  -Wl,-headerpad_max_install_names  -Wl,-dead_strip conftest.cpp  -L/usr/local/opt/berkeley-db@4/lib >&5
configure:22926: $? = 0
configure:22935: result: yes
configure:22948: checking endian.h usability
configure:22948: g++ -std=c++11 -c -g -O2 -Wall -Wextra -Wformat -Wvla -Wformat-security -Wno-unused-parameter -Wno-self-assign -Wno-unused-local-typedef -Wno-deprecated-register -Wno-implicit-fallthrough -Wno-unknown-pragmas  -DQTUM_BUILD -DHAVE_BUILD_INFO -D__STDC_FORMAT_MACROS -I/usr/local/opt/berkeley-db@4/include -DMAC_OSX conftest.cpp >&5
conftest.cpp:59:10: fatal error: 'endian.h' file not found
#include <endian.h>
         ^~~~~~~~~~
1 error generated.
configure:22948: $? = 1
configure: failed program was:
| /* confdefs.h */
| #define PACKAGE_NAME "Qtum Core"
| #define PACKAGE_TARNAME "qtum"
| #define PACKAGE_VERSION "0.15.8"
| #define PACKAGE_STRING "Qtum Core 0.15.8"
| #define PACKAGE_BUGREPORT "https://github.com/qtumproject/qtum/issues"
| #define PACKAGE_URL "https://qtum.org/"
| #define HAVE_CXX11 1
| #define STDC_HEADERS 1
| #define HAVE_SYS_TYPES_H 1
| #define HAVE_SYS_STAT_H 1
| #define HAVE_STDLIB_H 1
| #define HAVE_STRING_H 1
| #define HAVE_MEMORY_H 1
| #define HAVE_STRINGS_H 1
| #define HAVE_INTTYPES_H 1
| #define HAVE_STDINT_H 1
| #define HAVE_UNISTD_H 1
| #define HAVE_DLFCN_H 1
| #define LT_OBJDIR ".libs/"
| #define HAVE_PTHREAD_PRIO_INHERIT 1
| #define HAVE_PTHREAD 1
| #define HAVE_DECL_STRERROR_R 1
| #define HAVE_STRERROR_R 1
| /* end confdefs.h.  */
| #include <stdio.h>
| #ifdef HAVE_SYS_TYPES_H
| # include <sys/types.h>
| #endif
| #ifdef HAVE_SYS_STAT_H
| # include <sys/stat.h>
| #endif
| #ifdef STDC_HEADERS
| # include <stdlib.h>
| # include <stddef.h>
| #else
| # ifdef HAVE_STDLIB_H
| #  include <stdlib.h>
| # endif
| #endif
| #ifdef HAVE_STRING_H
| # if !defined STDC_HEADERS && defined HAVE_MEMORY_H
| #  include <memory.h>
| # endif
| # include <string.h>
| #endif
| #ifdef HAVE_STRINGS_H
| # include <strings.h>
| #endif
| #ifdef HAVE_INTTYPES_H
| # include <inttypes.h>
| #endif
| #ifdef HAVE_STDINT_H
| # include <stdint.h>
| #endif
| #ifdef HAVE_UNISTD_H
| # include <unistd.h>
| #endif
| #include <endian.h>
configure:22948: result: no
configure:22948: checking endian.h presence
configure:22948: g++ -std=c++11 -E  -DQTUM_BUILD -DHAVE_BUILD_INFO -D__STDC_FORMAT_MACROS -I/usr/local/opt/berkeley-db@4/include -DMAC_OSX conftest.cpp
conftest.cpp:26:10: fatal error: 'endian.h' file not found
#include <endian.h>
         ^~~~~~~~~~
1 error generated.
configure:22948: $? = 1
configure: failed program was:
| /* confdefs.h */
| #define PACKAGE_NAME "Qtum Core"
| #define PACKAGE_TARNAME "qtum"
| #define PACKAGE_VERSION "0.15.8"
| #define PACKAGE_STRING "Qtum Core 0.15.8"
| #define PACKAGE_BUGREPORT "https://github.com/qtumproject/qtum/issues"
| #define PACKAGE_URL "https://qtum.org/"
| #define HAVE_CXX11 1
| #define STDC_HEADERS 1
| #define HAVE_SYS_TYPES_H 1
| #define HAVE_SYS_STAT_H 1
| #define HAVE_STDLIB_H 1
| #define HAVE_STRING_H 1
| #define HAVE_MEMORY_H 1
| #define HAVE_STRINGS_H 1
| #define HAVE_INTTYPES_H 1
| #define HAVE_STDINT_H 1
| #define HAVE_UNISTD_H 1
| #define HAVE_DLFCN_H 1
| #define LT_OBJDIR ".libs/"
| #define HAVE_PTHREAD_PRIO_INHERIT 1
| #define HAVE_PTHREAD 1
| #define HAVE_DECL_STRERROR_R 1
| #define HAVE_STRERROR_R 1
| /* end confdefs.h.  */
| #include <endian.h>
configure:22948: result: no
configure:22948: checking for endian.h
configure:22948: result: no
configure:22948: checking sys/endian.h usability
configure:22948: g++ -std=c++11 -c -g -O2 -Wall -Wextra -Wformat -Wvla -Wformat-security -Wno-unused-parameter -Wno-self-assign -Wno-unused-local-typedef -Wno-deprecated-register -Wno-implicit-fallthrough -Wno-unknown-pragmas  -DQTUM_BUILD -DHAVE_BUILD_INFO -D__STDC_FORMAT_MACROS -I/usr/local/opt/berkeley-db@4/include -DMAC_OSX conftest.cpp >&5
conftest.cpp:59:10: fatal error: 'sys/endian.h' file not found
#include <sys/endian.h>
         ^~~~~~~~~~~~~~
1 error generated.
configure:22948: $? = 1
configure: failed program was:
| /* confdefs.h */
| #define PACKAGE_NAME "Qtum Core"
| #define PACKAGE_TARNAME "qtum"
| #define PACKAGE_VERSION "0.15.8"
| #define PACKAGE_STRING "Qtum Core 0.15.8"
| #define PACKAGE_BUGREPORT "https://github.com/qtumproject/qtum/issues"
| #define PACKAGE_URL "https://qtum.org/"
| #define HAVE_CXX11 1
| #define STDC_HEADERS 1
| #define HAVE_SYS_TYPES_H 1
| #define HAVE_SYS_STAT_H 1
| #define HAVE_STDLIB_H 1
| #define HAVE_STRING_H 1
| #define HAVE_MEMORY_H 1
| #define HAVE_STRINGS_H 1
| #define HAVE_INTTYPES_H 1
| #define HAVE_STDINT_H 1
| #define HAVE_UNISTD_H 1
| #define HAVE_DLFCN_H 1
| #define LT_OBJDIR ".libs/"
| #define HAVE_PTHREAD_PRIO_INHERIT 1
| #define HAVE_PTHREAD 1
| #define HAVE_DECL_STRERROR_R 1
| #define HAVE_STRERROR_R 1
| /* end confdefs.h.  */
| #include <stdio.h>
| #ifdef HAVE_SYS_TYPES_H
| # include <sys/types.h>
| #endif
| #ifdef HAVE_SYS_STAT_H
| # include <sys/stat.h>
| #endif
| #ifdef STDC_HEADERS
| # include <stdlib.h>
| # include <stddef.h>
| #else
| # ifdef HAVE_STDLIB_H
| #  include <stdlib.h>
| # endif
| #endif
| #ifdef HAVE_STRING_H
| # if !defined STDC_HEADERS && defined HAVE_MEMORY_H
| #  include <memory.h>
| # endif
| # include <string.h>
| #endif
| #ifdef HAVE_STRINGS_H
| # include <strings.h>
| #endif
| #ifdef HAVE_INTTYPES_H
| # include <inttypes.h>
| #endif
| #ifdef HAVE_STDINT_H
| # include <stdint.h>
| #endif
| #ifdef HAVE_UNISTD_H
| # include <unistd.h>
| #endif
| #include <sys/endian.h>
configure:22948: result: no
configure:22948: checking sys/endian.h presence
configure:22948: g++ -std=c++11 -E  -DQTUM_BUILD -DHAVE_BUILD_INFO -D__STDC_FORMAT_MACROS -I/usr/local/opt/berkeley-db@4/include -DMAC_OSX conftest.cpp
conftest.cpp:26:10: fatal error: 'sys/endian.h' file not found
#include <sys/endian.h>
         ^~~~~~~~~~~~~~
1 error generated.
configure:22948: $? = 1
configure: failed program was:
| /* confdefs.h */
| #define PACKAGE_NAME "Qtum Core"
| #define PACKAGE_TARNAME "qtum"
| #define PACKAGE_VERSION "0.15.8"
| #define PACKAGE_STRING "Qtum Core 0.15.8"
| #define PACKAGE_BUGREPORT "https://github.com/qtumproject/qtum/issues"
| #define PACKAGE_URL "https://qtum.org/"
| #define HAVE_CXX11 1
| #define STDC_HEADERS 1
| #define HAVE_SYS_TYPES_H 1
| #define HAVE_SYS_STAT_H 1
| #define HAVE_STDLIB_H 1
| #define HAVE_STRING_H 1
| #define HAVE_MEMORY_H 1
| #define HAVE_STRINGS_H 1
| #define HAVE_INTTYPES_H 1
| #define HAVE_STDINT_H 1
| #define HAVE_UNISTD_H 1
| #define HAVE_DLFCN_H 1
| #define LT_OBJDIR ".libs/"
| #define HAVE_PTHREAD_PRIO_INHERIT 1
| #define HAVE_PTHREAD 1
| #define HAVE_DECL_STRERROR_R 1
| #define HAVE_STRERROR_R 1
| /* end confdefs.h.  */
| #include <sys/endian.h>
configure:22948: result: no
configure:22948: checking for sys/endian.h
configure:22948: result: no
configure:22948: checking byteswap.h usability
configure:22948: g++ -std=c++11 -c -g -O2 -Wall -Wextra -Wformat -Wvla -Wformat-security -Wno-unused-parameter -Wno-self-assign -Wno-unused-local-typedef -Wno-deprecated-register -Wno-implicit-fallthrough -Wno-unknown-pragmas  -DQTUM_BUILD -DHAVE_BUILD_INFO -D__STDC_FORMAT_MACROS -I/usr/local/opt/berkeley-db@4/include -DMAC_OSX conftest.cpp >&5
conftest.cpp:59:10: fatal error: 'byteswap.h' file not found
#include <byteswap.h>
         ^~~~~~~~~~~~
1 error generated.
configure:22948: $? = 1
configure: failed program was:
| /* confdefs.h */
| #define PACKAGE_NAME "Qtum Core"
| #define PACKAGE_TARNAME "qtum"
| #define PACKAGE_VERSION "0.15.8"
| #define PACKAGE_STRING "Qtum Core 0.15.8"
| #define PACKAGE_BUGREPORT "https://github.com/qtumproject/qtum/issues"
| #define PACKAGE_URL "https://qtum.org/"
| #define HAVE_CXX11 1
| #define STDC_HEADERS 1
| #define HAVE_SYS_TYPES_H 1
| #define HAVE_SYS_STAT_H 1
| #define HAVE_STDLIB_H 1
| #define HAVE_STRING_H 1
| #define HAVE_MEMORY_H 1
| #define HAVE_STRINGS_H 1
| #define HAVE_INTTYPES_H 1
| #define HAVE_STDINT_H 1
| #define HAVE_UNISTD_H 1
| #define HAVE_DLFCN_H 1
| #define LT_OBJDIR ".libs/"
| #define HAVE_PTHREAD_PRIO_INHERIT 1
| #define HAVE_PTHREAD 1
| #define HAVE_DECL_STRERROR_R 1
| #define HAVE_STRERROR_R 1
| /* end confdefs.h.  */
| #include <stdio.h>
| #ifdef HAVE_SYS_TYPES_H
| # include <sys/types.h>
| #endif
| #ifdef HAVE_SYS_STAT_H
| # include <sys/stat.h>
| #endif
| #ifdef STDC_HEADERS
| # include <stdlib.h>
| # include <stddef.h>
| #else
| # ifdef HAVE_STDLIB_H
| #  include <stdlib.h>
| # endif
| #endif
| #ifdef HAVE_STRING_H
| # if !defined STDC_HEADERS && defined HAVE_MEMORY_H
| #  include <memory.h>
| # endif
| # include <string.h>
| #endif
| #ifdef HAVE_STRINGS_H
| # include <strings.h>
| #endif
| #ifdef HAVE_INTTYPES_H
| # include <inttypes.h>
| #endif
| #ifdef HAVE_STDINT_H
| # include <stdint.h>
| #endif
| #ifdef HAVE_UNISTD_H
| # include <unistd.h>
| #endif
| #include <byteswap.h>
configure:22948: result: no
configure:22948: checking byteswap.h presence
configure:22948: g++ -std=c++11 -E  -DQTUM_BUILD -DHAVE_BUILD_INFO -D__STDC_FORMAT_MACROS -I/usr/local/opt/berkeley-db@4/include -DMAC_OSX conftest.cpp
conftest.cpp:26:10: fatal error: 'byteswap.h' file not found
#include <byteswap.h>
         ^~~~~~~~~~~~
1 error generated.
configure:22948: $? = 1
configure: failed program was:
| /* confdefs.h */
| #define PACKAGE_NAME "Qtum Core"
| #define PACKAGE_TARNAME "qtum"
| #define PACKAGE_VERSION "0.15.8"
| #define PACKAGE_STRING "Qtum Core 0.15.8"
| #define PACKAGE_BUGREPORT "https://github.com/qtumproject/qtum/issues"
| #define PACKAGE_URL "https://qtum.org/"
| #define HAVE_CXX11 1
| #define STDC_HEADERS 1
| #define HAVE_SYS_TYPES_H 1
| #define HAVE_SYS_STAT_H 1
| #define HAVE_STDLIB_H 1
| #define HAVE_STRING_H 1
| #define HAVE_MEMORY_H 1
| #define HAVE_STRINGS_H 1
| #define HAVE_INTTYPES_H 1
| #define HAVE_STDINT_H 1
| #define HAVE_UNISTD_H 1
| #define HAVE_DLFCN_H 1
| #define LT_OBJDIR ".libs/"
| #define HAVE_PTHREAD_PRIO_INHERIT 1
| #define HAVE_PTHREAD 1
| #define HAVE_DECL_STRERROR_R 1
| #define HAVE_STRERROR_R 1
| /* end confdefs.h.  */
| #include <byteswap.h>
configure:22948: result: no
configure:22948: checking for byteswap.h
configure:22948: result: no
configure:22948: checking stdio.h usability
configure:22948: g++ -std=c++11 -c -g -O2 -Wall -Wextra -Wformat -Wvla -Wformat-security -Wno-unused-parameter -Wno-self-assign -Wno-unused-local-typedef -Wno-deprecated-register -Wno-implicit-fallthrough -Wno-unknown-pragmas  -DQTUM_BUILD -DHAVE_BUILD_INFO -D__STDC_FORMAT_MACROS -I/usr/local/opt/berkeley-db@4/include -DMAC_OSX conftest.cpp >&5
configure:22948: $? = 0
configure:22948: result: yes
configure:22948: checking stdio.h presence
configure:22948: g++ -std=c++11 -E  -DQTUM_BUILD -DHAVE_BUILD_INFO -D__STDC_FORMAT_MACROS -I/usr/local/opt/berkeley-db@4/include -DMAC_OSX conftest.cpp
configure:22948: $? = 0
configure:22948: result: yes
configure:22948: checking for stdio.h
configure:22948: result: yes
configure:22948: checking for stdlib.h
configure:22948: result: yes
configure:22948: checking for unistd.h
configure:22948: result: yes
configure:22948: checking for strings.h
configure:22948: result: yes
configure:22948: checking for sys/types.h
configure:22948: result: yes
configure:22948: checking for sys/stat.h
configure:22948: result: yes
configure:22948: checking sys/select.h usability
configure:22948: g++ -std=c++11 -c -g -O2 -Wall -Wextra -Wformat -Wvla -Wformat-security -Wno-unused-parameter -Wno-self-assign -Wno-unused-local-typedef -Wno-deprecated-register -Wno-implicit-fallthrough -Wno-unknown-pragmas  -DQTUM_BUILD -DHAVE_BUILD_INFO -D__STDC_FORMAT_MACROS -I/usr/local/opt/berkeley-db@4/include -DMAC_OSX conftest.cpp >&5
configure:22948: $? = 0
configure:22948: result: yes
configure:22948: checking sys/select.h presence
configure:22948: g++ -std=c++11 -E  -DQTUM_BUILD -DHAVE_BUILD_INFO -D__STDC_FORMAT_MACROS -I/usr/local/opt/berkeley-db@4/include -DMAC_OSX conftest.cpp
configure:22948: $? = 0
configure:22948: result: yes
configure:22948: checking for sys/select.h
configure:22948: result: yes
configure:22948: checking sys/prctl.h usability
configure:22948: g++ -std=c++11 -c -g -O2 -Wall -Wextra -Wformat -Wvla -Wformat-security -Wno-unused-parameter -Wno-self-assign -Wno-unused-local-typedef -Wno-deprecated-register -Wno-implicit-fallthrough -Wno-unknown-pragmas  -DQTUM_BUILD -DHAVE_BUILD_INFO -D__STDC_FORMAT_MACROS -I/usr/local/opt/berkeley-db@4/include -DMAC_OSX conftest.cpp >&5
conftest.cpp:66:10: fatal error: 'sys/prctl.h' file not found
#include <sys/prctl.h>
         ^~~~~~~~~~~~~
1 error generated.
configure:22948: $? = 1
configure: failed program was:
| /* confdefs.h */
| #define PACKAGE_NAME "Qtum Core"
| #define PACKAGE_TARNAME "qtum"
| #define PACKAGE_VERSION "0.15.8"
| #define PACKAGE_STRING "Qtum Core 0.15.8"
| #define PACKAGE_BUGREPORT "https://github.com/qtumproject/qtum/issues"
| #define PACKAGE_URL "https://qtum.org/"
| #define HAVE_CXX11 1
| #define STDC_HEADERS 1
| #define HAVE_SYS_TYPES_H 1
| #define HAVE_SYS_STAT_H 1
| #define HAVE_STDLIB_H 1
| #define HAVE_STRING_H 1
| #define HAVE_MEMORY_H 1
| #define HAVE_STRINGS_H 1
| #define HAVE_INTTYPES_H 1
| #define HAVE_STDINT_H 1
| #define HAVE_UNISTD_H 1
| #define HAVE_DLFCN_H 1
| #define LT_OBJDIR ".libs/"
| #define HAVE_PTHREAD_PRIO_INHERIT 1
| #define HAVE_PTHREAD 1
| #define HAVE_DECL_STRERROR_R 1
| #define HAVE_STRERROR_R 1
| #define HAVE_STDIO_H 1
| #define HAVE_STDLIB_H 1
| #define HAVE_UNISTD_H 1
| #define HAVE_STRINGS_H 1
| #define HAVE_SYS_TYPES_H 1
| #define HAVE_SYS_STAT_H 1
| #define HAVE_SYS_SELECT_H 1
| /* end confdefs.h.  */
| #include <stdio.h>
| #ifdef HAVE_SYS_TYPES_H
| # include <sys/types.h>
| #endif
| #ifdef HAVE_SYS_STAT_H
| # include <sys/stat.h>
| #endif
| #ifdef STDC_HEADERS
| # include <stdlib.h>
| # include <stddef.h>
| #else
| # ifdef HAVE_STDLIB_H
| #  include <stdlib.h>
| # endif
| #endif
| #ifdef HAVE_STRING_H
| # if !defined STDC_HEADERS && defined HAVE_MEMORY_H
| #  include <memory.h>
| # endif
| # include <string.h>
| #endif
| #ifdef HAVE_STRINGS_H
| # include <strings.h>
| #endif
| #ifdef HAVE_INTTYPES_H
| # include <inttypes.h>
| #endif
| #ifdef HAVE_STDINT_H
| # include <stdint.h>
| #endif
| #ifdef HAVE_UNISTD_H
| # include <unistd.h>
| #endif
| #include <sys/prctl.h>
configure:22948: result: no
configure:22948: checking sys/prctl.h presence
configure:22948: g++ -std=c++11 -E  -DQTUM_BUILD -DHAVE_BUILD_INFO -D__STDC_FORMAT_MACROS -I/usr/local/opt/berkeley-db@4/include -DMAC_OSX conftest.cpp
conftest.cpp:33:10: fatal error: 'sys/prctl.h' file not found
#include <sys/prctl.h>
         ^~~~~~~~~~~~~
1 error generated.
configure:22948: $? = 1
configure: failed program was:
| /* confdefs.h */
| #define PACKAGE_NAME "Qtum Core"
| #define PACKAGE_TARNAME "qtum"
| #define PACKAGE_VERSION "0.15.8"
| #define PACKAGE_STRING "Qtum Core 0.15.8"
| #define PACKAGE_BUGREPORT "https://github.com/qtumproject/qtum/issues"
| #define PACKAGE_URL "https://qtum.org/"
| #define HAVE_CXX11 1
| #define STDC_HEADERS 1
| #define HAVE_SYS_TYPES_H 1
| #define HAVE_SYS_STAT_H 1
| #define HAVE_STDLIB_H 1
| #define HAVE_STRING_H 1
| #define HAVE_MEMORY_H 1
| #define HAVE_STRINGS_H 1
| #define HAVE_INTTYPES_H 1
| #define HAVE_STDINT_H 1
| #define HAVE_UNISTD_H 1
| #define HAVE_DLFCN_H 1
| #define LT_OBJDIR ".libs/"
| #define HAVE_PTHREAD_PRIO_INHERIT 1
| #define HAVE_PTHREAD 1
| #define HAVE_DECL_STRERROR_R 1
| #define HAVE_STRERROR_R 1
| #define HAVE_STDIO_H 1
| #define HAVE_STDLIB_H 1
| #define HAVE_UNISTD_H 1
| #define HAVE_STRINGS_H 1
| #define HAVE_SYS_TYPES_H 1
| #define HAVE_SYS_STAT_H 1
| #define HAVE_SYS_SELECT_H 1
| /* end confdefs.h.  */
| #include <sys/prctl.h>
configure:22948: result: no
configure:22948: checking for sys/prctl.h
configure:22948: result: no
configure:22959: checking whether strnlen is declared
configure:22959: g++ -std=c++11 -c -g -O2 -Wall -Wextra -Wformat -Wvla -Wformat-security -Wno-unused-parameter -Wno-self-assign -Wno-unused-local-typedef -Wno-deprecated-register -Wno-implicit-fallthrough -Wno-unknown-pragmas  -DQTUM_BUILD -DHAVE_BUILD_INFO -D__STDC_FORMAT_MACROS -I/usr/local/opt/berkeley-db@4/include -DMAC_OSX conftest.cpp >&5
configure:22959: $? = 0
configure:22959: result: yes
configure:22972: checking whether daemon is declared
configure:22972: g++ -std=c++11 -c -g -O2 -Wall -Wextra -Wformat -Wvla -Wformat-security -Wno-unused-parameter -Wno-self-assign -Wno-unused-local-typedef -Wno-deprecated-register -Wno-implicit-fallthrough -Wno-unknown-pragmas  -DQTUM_BUILD -DHAVE_BUILD_INFO -D__STDC_FORMAT_MACROS -I/usr/local/opt/berkeley-db@4/include -DMAC_OSX conftest.cpp >&5
conftest.cpp:72:10: warning: 'daemon' is deprecated: first deprecated in macOS 10.5 - Use posix_spawn APIs instead. [-Wdeprecated-declarations]
  (void) daemon;
         ^
/usr/include/stdlib.h:298:6: note: 'daemon' has been explicitly marked deprecated here
int      daemon(int, int) __DARWIN_1050(daemon) __OSX_AVAILABLE_BUT_DEPRECATED_MSG(__MAC_10_0, __MAC_10_5, __IPHONE_2_0, __IPHONE_2_0, "Use posix_spawn APIs instead.") __WATCHOS_PROHIBITED __TVOS_PROHIBITED;
         ^
1 warning generated.
configure:22972: $? = 0
configure:22972: result: yes
configure:22984: checking whether le16toh is declared
configure:22984: g++ -std=c++11 -c -g -O2 -Wall -Wextra -Wformat -Wvla -Wformat-security -Wno-unused-parameter -Wno-self-assign -Wno-unused-local-typedef -Wno-deprecated-register -Wno-implicit-fallthrough -Wno-unknown-pragmas  -DQTUM_BUILD -DHAVE_BUILD_INFO -D__STDC_FORMAT_MACROS -I/usr/local/opt/berkeley-db@4/include -DMAC_OSX conftest.cpp >&5
conftest.cpp:46:10: error: use of undeclared identifier 'le16toh'
  (void) le16toh;
         ^
1 error generated.
configure:22984: $? = 1
configure: failed program was:
| /* confdefs.h */
| #define PACKAGE_NAME "Qtum Core"
| #define PACKAGE_TARNAME "qtum"
| #define PACKAGE_VERSION "0.15.8"
| #define PACKAGE_STRING "Qtum Core 0.15.8"
| #define PACKAGE_BUGREPORT "https://github.com/qtumproject/qtum/issues"
| #define PACKAGE_URL "https://qtum.org/"
| #define HAVE_CXX11 1
| #define STDC_HEADERS 1
| #define HAVE_SYS_TYPES_H 1
| #define HAVE_SYS_STAT_H 1
| #define HAVE_STDLIB_H 1
| #define HAVE_STRING_H 1
| #define HAVE_MEMORY_H 1
| #define HAVE_STRINGS_H 1
| #define HAVE_INTTYPES_H 1
| #define HAVE_STDINT_H 1
| #define HAVE_UNISTD_H 1
| #define HAVE_DLFCN_H 1
| #define LT_OBJDIR ".libs/"
| #define HAVE_PTHREAD_PRIO_INHERIT 1
| #define HAVE_PTHREAD 1
| #define HAVE_DECL_STRERROR_R 1
| #define HAVE_STRERROR_R 1
| #define HAVE_STDIO_H 1
| #define HAVE_STDLIB_H 1
| #define HAVE_UNISTD_H 1
| #define HAVE_STRINGS_H 1
| #define HAVE_SYS_TYPES_H 1
| #define HAVE_SYS_STAT_H 1
| #define HAVE_SYS_SELECT_H 1
| #define HAVE_DECL_STRNLEN 1
| #define HAVE_DECL_DAEMON 1
| /* end confdefs.h.  */
| #if HAVE_ENDIAN_H
|                  #include <endian.h>
|                  #elif HAVE_SYS_ENDIAN_H
|                  #include <sys/endian.h>
|                  #endif
| 
| int
| main ()
| {
| #ifndef le16toh
| #ifdef __cplusplus
|   (void) le16toh;
| #else
|   (void) le16toh;
| #endif
| #endif
| 
|   ;
|   return 0;
| }
configure:22984: result: no
configure:22999: checking whether le32toh is declared
configure:22999: g++ -std=c++11 -c -g -O2 -Wall -Wextra -Wformat -Wvla -Wformat-security -Wno-unused-parameter -Wno-self-assign -Wno-unused-local-typedef -Wno-deprecated-register -Wno-implicit-fallthrough -Wno-unknown-pragmas  -DQTUM_BUILD -DHAVE_BUILD_INFO -D__STDC_FORMAT_MACROS -I/usr/local/opt/berkeley-db@4/include -DMAC_OSX conftest.cpp >&5
conftest.cpp:47:10: error: use of undeclared identifier 'le32toh'
  (void) le32toh;
         ^
1 error generated.
configure:22999: $? = 1
configure: failed program was:
| /* confdefs.h */
| #define PACKAGE_NAME "Qtum Core"
| #define PACKAGE_TARNAME "qtum"
| #define PACKAGE_VERSION "0.15.8"
| #define PACKAGE_STRING "Qtum Core 0.15.8"
| #define PACKAGE_BUGREPORT "https://github.com/qtumproject/qtum/issues"
| #define PACKAGE_URL "https://qtum.org/"
| #define HAVE_CXX11 1
| #define STDC_HEADERS 1
| #define HAVE_SYS_TYPES_H 1
| #define HAVE_SYS_STAT_H 1
| #define HAVE_STDLIB_H 1
| #define HAVE_STRING_H 1
| #define HAVE_MEMORY_H 1
| #define HAVE_STRINGS_H 1
| #define HAVE_INTTYPES_H 1
| #define HAVE_STDINT_H 1
| #define HAVE_UNISTD_H 1
| #define HAVE_DLFCN_H 1
| #define LT_OBJDIR ".libs/"
| #define HAVE_PTHREAD_PRIO_INHERIT 1
| #define HAVE_PTHREAD 1
| #define HAVE_DECL_STRERROR_R 1
| #define HAVE_STRERROR_R 1
| #define HAVE_STDIO_H 1
| #define HAVE_STDLIB_H 1
| #define HAVE_UNISTD_H 1
| #define HAVE_STRINGS_H 1
| #define HAVE_SYS_TYPES_H 1
| #define HAVE_SYS_STAT_H 1
| #define HAVE_SYS_SELECT_H 1
| #define HAVE_DECL_STRNLEN 1
| #define HAVE_DECL_DAEMON 1
| #define HAVE_DECL_LE16TOH 0
| /* end confdefs.h.  */
| #if HAVE_ENDIAN_H
|                  #include <endian.h>
|                  #elif HAVE_SYS_ENDIAN_H
|                  #include <sys/endian.h>
|                  #endif
| 
| int
| main ()
| {
| #ifndef le32toh
| #ifdef __cplusplus
|   (void) le32toh;
| #else
|   (void) le32toh;
| #endif
| #endif
| 
|   ;
|   return 0;
| }
configure:22999: result: no
configure:23014: checking whether le64toh is declared
configure:23014: g++ -std=c++11 -c -g -O2 -Wall -Wextra -Wformat -Wvla -Wformat-security -Wno-unused-parameter -Wno-self-assign -Wno-unused-local-typedef -Wno-deprecated-register -Wno-implicit-fallthrough -Wno-unknown-pragmas  -DQTUM_BUILD -DHAVE_BUILD_INFO -D__STDC_FORMAT_MACROS -I/usr/local/opt/berkeley-db@4/include -DMAC_OSX conftest.cpp >&5
conftest.cpp:48:10: error: use of undeclared identifier 'le64toh'
  (void) le64toh;
         ^
1 error generated.
configure:23014: $? = 1
configure: failed program was:
| /* confdefs.h */
| #define PACKAGE_NAME "Qtum Core"
| #define PACKAGE_TARNAME "qtum"
| #define PACKAGE_VERSION "0.15.8"
| #define PACKAGE_STRING "Qtum Core 0.15.8"
| #define PACKAGE_BUGREPORT "https://github.com/qtumproject/qtum/issues"
| #define PACKAGE_URL "https://qtum.org/"
| #define HAVE_CXX11 1
| #define STDC_HEADERS 1
| #define HAVE_SYS_TYPES_H 1
| #define HAVE_SYS_STAT_H 1
| #define HAVE_STDLIB_H 1
| #define HAVE_STRING_H 1
| #define HAVE_MEMORY_H 1
| #define HAVE_STRINGS_H 1
| #define HAVE_INTTYPES_H 1
| #define HAVE_STDINT_H 1
| #define HAVE_UNISTD_H 1
| #define HAVE_DLFCN_H 1
| #define LT_OBJDIR ".libs/"
| #define HAVE_PTHREAD_PRIO_INHERIT 1
| #define HAVE_PTHREAD 1
| #define HAVE_DECL_STRERROR_R 1
| #define HAVE_STRERROR_R 1
| #define HAVE_STDIO_H 1
| #define HAVE_STDLIB_H 1
| #define HAVE_UNISTD_H 1
| #define HAVE_STRINGS_H 1
| #define HAVE_SYS_TYPES_H 1
| #define HAVE_SYS_STAT_H 1
| #define HAVE_SYS_SELECT_H 1
| #define HAVE_DECL_STRNLEN 1
| #define HAVE_DECL_DAEMON 1
| #define HAVE_DECL_LE16TOH 0
| #define HAVE_DECL_LE32TOH 0
| /* end confdefs.h.  */
| #if HAVE_ENDIAN_H
|                  #include <endian.h>
|                  #elif HAVE_SYS_ENDIAN_H
|                  #include <sys/endian.h>
|                  #endif
| 
| int
| main ()
| {
| #ifndef le64toh
| #ifdef __cplusplus
|   (void) le64toh;
| #else
|   (void) le64toh;
| #endif
| #endif
| 
|   ;
|   return 0;
| }
configure:23014: result: no
configure:23029: checking whether htole16 is declared
configure:23029: g++ -std=c++11 -c -g -O2 -Wall -Wextra -Wformat -Wvla -Wformat-security -Wno-unused-parameter -Wno-self-assign -Wno-unused-local-typedef -Wno-deprecated-register -Wno-implicit-fallthrough -Wno-unknown-pragmas  -DQTUM_BUILD -DHAVE_BUILD_INFO -D__STDC_FORMAT_MACROS -I/usr/local/opt/berkeley-db@4/include -DMAC_OSX conftest.cpp >&5
conftest.cpp:49:10: error: use of undeclared identifier 'htole16'
  (void) htole16;
         ^
1 error generated.
configure:23029: $? = 1
configure: failed program was:
| /* confdefs.h */
| #define PACKAGE_NAME "Qtum Core"
| #define PACKAGE_TARNAME "qtum"
| #define PACKAGE_VERSION "0.15.8"
| #define PACKAGE_STRING "Qtum Core 0.15.8"
| #define PACKAGE_BUGREPORT "https://github.com/qtumproject/qtum/issues"
| #define PACKAGE_URL "https://qtum.org/"
| #define HAVE_CXX11 1
| #define STDC_HEADERS 1
| #define HAVE_SYS_TYPES_H 1
| #define HAVE_SYS_STAT_H 1
| #define HAVE_STDLIB_H 1
| #define HAVE_STRING_H 1
| #define HAVE_MEMORY_H 1
| #define HAVE_STRINGS_H 1
| #define HAVE_INTTYPES_H 1
| #define HAVE_STDINT_H 1
| #define HAVE_UNISTD_H 1
| #define HAVE_DLFCN_H 1
| #define LT_OBJDIR ".libs/"
| #define HAVE_PTHREAD_PRIO_INHERIT 1
| #define HAVE_PTHREAD 1
| #define HAVE_DECL_STRERROR_R 1
| #define HAVE_STRERROR_R 1
| #define HAVE_STDIO_H 1
| #define HAVE_STDLIB_H 1
| #define HAVE_UNISTD_H 1
| #define HAVE_STRINGS_H 1
| #define HAVE_SYS_TYPES_H 1
| #define HAVE_SYS_STAT_H 1
| #define HAVE_SYS_SELECT_H 1
| #define HAVE_DECL_STRNLEN 1
| #define HAVE_DECL_DAEMON 1
| #define HAVE_DECL_LE16TOH 0
| #define HAVE_DECL_LE32TOH 0
| #define HAVE_DECL_LE64TOH 0
| /* end confdefs.h.  */
| #if HAVE_ENDIAN_H
|                  #include <endian.h>
|                  #elif HAVE_SYS_ENDIAN_H
|                  #include <sys/endian.h>
|                  #endif
| 
| int
| main ()
| {
| #ifndef htole16
| #ifdef __cplusplus
|   (void) htole16;
| #else
|   (void) htole16;
| #endif
| #endif
| 
|   ;
|   return 0;
| }
configure:23029: result: no
configure:23044: checking whether htole32 is declared
configure:23044: g++ -std=c++11 -c -g -O2 -Wall -Wextra -Wformat -Wvla -Wformat-security -Wno-unused-parameter -Wno-self-assign -Wno-unused-local-typedef -Wno-deprecated-register -Wno-implicit-fallthrough -Wno-unknown-pragmas  -DQTUM_BUILD -DHAVE_BUILD_INFO -D__STDC_FORMAT_MACROS -I/usr/local/opt/berkeley-db@4/include -DMAC_OSX conftest.cpp >&5
conftest.cpp:50:10: error: use of undeclared identifier 'htole32'
  (void) htole32;
         ^
1 error generated.
configure:23044: $? = 1
configure: failed program was:
| /* confdefs.h */
| #define PACKAGE_NAME "Qtum Core"
| #define PACKAGE_TARNAME "qtum"
| #define PACKAGE_VERSION "0.15.8"
| #define PACKAGE_STRING "Qtum Core 0.15.8"
| #define PACKAGE_BUGREPORT "https://github.com/qtumproject/qtum/issues"
| #define PACKAGE_URL "https://qtum.org/"
| #define HAVE_CXX11 1
| #define STDC_HEADERS 1
| #define HAVE_SYS_TYPES_H 1
| #define HAVE_SYS_STAT_H 1
| #define HAVE_STDLIB_H 1
| #define HAVE_STRING_H 1
| #define HAVE_MEMORY_H 1
| #define HAVE_STRINGS_H 1
| #define HAVE_INTTYPES_H 1
| #define HAVE_STDINT_H 1
| #define HAVE_UNISTD_H 1
| #define HAVE_DLFCN_H 1
| #define LT_OBJDIR ".libs/"
| #define HAVE_PTHREAD_PRIO_INHERIT 1
| #define HAVE_PTHREAD 1
| #define HAVE_DECL_STRERROR_R 1
| #define HAVE_STRERROR_R 1
| #define HAVE_STDIO_H 1
| #define HAVE_STDLIB_H 1
| #define HAVE_UNISTD_H 1
| #define HAVE_STRINGS_H 1
| #define HAVE_SYS_TYPES_H 1
| #define HAVE_SYS_STAT_H 1
| #define HAVE_SYS_SELECT_H 1
| #define HAVE_DECL_STRNLEN 1
| #define HAVE_DECL_DAEMON 1
| #define HAVE_DECL_LE16TOH 0
| #define HAVE_DECL_LE32TOH 0
| #define HAVE_DECL_LE64TOH 0
| #define HAVE_DECL_HTOLE16 0
| /* end confdefs.h.  */
| #if HAVE_ENDIAN_H
|                  #include <endian.h>
|                  #elif HAVE_SYS_ENDIAN_H
|                  #include <sys/endian.h>
|                  #endif
| 
| int
| main ()
| {
| #ifndef htole32
| #ifdef __cplusplus
|   (void) htole32;
| #else
|   (void) htole32;
| #endif
| #endif
| 
|   ;
|   return 0;
| }
configure:23044: result: no
configure:23059: checking whether htole64 is declared
configure:23059: g++ -std=c++11 -c -g -O2 -Wall -Wextra -Wformat -Wvla -Wformat-security -Wno-unused-parameter -Wno-self-assign -Wno-unused-local-typedef -Wno-deprecated-register -Wno-implicit-fallthrough -Wno-unknown-pragmas  -DQTUM_BUILD -DHAVE_BUILD_INFO -D__STDC_FORMAT_MACROS -I/usr/local/opt/berkeley-db@4/include -DMAC_OSX conftest.cpp >&5
conftest.cpp:51:10: error: use of undeclared identifier 'htole64'
  (void) htole64;
         ^
1 error generated.
configure:23059: $? = 1
configure: failed program was:
| /* confdefs.h */
| #define PACKAGE_NAME "Qtum Core"
| #define PACKAGE_TARNAME "qtum"
| #define PACKAGE_VERSION "0.15.8"
| #define PACKAGE_STRING "Qtum Core 0.15.8"
| #define PACKAGE_BUGREPORT "https://github.com/qtumproject/qtum/issues"
| #define PACKAGE_URL "https://qtum.org/"
| #define HAVE_CXX11 1
| #define STDC_HEADERS 1
| #define HAVE_SYS_TYPES_H 1
| #define HAVE_SYS_STAT_H 1
| #define HAVE_STDLIB_H 1
| #define HAVE_STRING_H 1
| #define HAVE_MEMORY_H 1
| #define HAVE_STRINGS_H 1
| #define HAVE_INTTYPES_H 1
| #define HAVE_STDINT_H 1
| #define HAVE_UNISTD_H 1
| #define HAVE_DLFCN_H 1
| #define LT_OBJDIR ".libs/"
| #define HAVE_PTHREAD_PRIO_INHERIT 1
| #define HAVE_PTHREAD 1
| #define HAVE_DECL_STRERROR_R 1
| #define HAVE_STRERROR_R 1
| #define HAVE_STDIO_H 1
| #define HAVE_STDLIB_H 1
| #define HAVE_UNISTD_H 1
| #define HAVE_STRINGS_H 1
| #define HAVE_SYS_TYPES_H 1
| #define HAVE_SYS_STAT_H 1
| #define HAVE_SYS_SELECT_H 1
| #define HAVE_DECL_STRNLEN 1
| #define HAVE_DECL_DAEMON 1
| #define HAVE_DECL_LE16TOH 0
| #define HAVE_DECL_LE32TOH 0
| #define HAVE_DECL_LE64TOH 0
| #define HAVE_DECL_HTOLE16 0
| #define HAVE_DECL_HTOLE32 0
| /* end confdefs.h.  */
| #if HAVE_ENDIAN_H
|                  #include <endian.h>
|                  #elif HAVE_SYS_ENDIAN_H
|                  #include <sys/endian.h>
|                  #endif
| 
| int
| main ()
| {
| #ifndef htole64
| #ifdef __cplusplus
|   (void) htole64;
| #else
|   (void) htole64;
| #endif
| #endif
| 
|   ;
|   return 0;
| }
configure:23059: result: no
configure:23074: checking whether be16toh is declared
configure:23074: g++ -std=c++11 -c -g -O2 -Wall -Wextra -Wformat -Wvla -Wformat-security -Wno-unused-parameter -Wno-self-assign -Wno-unused-local-typedef -Wno-deprecated-register -Wno-implicit-fallthrough -Wno-unknown-pragmas  -DQTUM_BUILD -DHAVE_BUILD_INFO -D__STDC_FORMAT_MACROS -I/usr/local/opt/berkeley-db@4/include -DMAC_OSX conftest.cpp >&5
conftest.cpp:52:10: error: use of undeclared identifier 'be16toh'
  (void) be16toh;
         ^
1 error generated.
configure:23074: $? = 1
configure: failed program was:
| /* confdefs.h */
| #define PACKAGE_NAME "Qtum Core"
| #define PACKAGE_TARNAME "qtum"
| #define PACKAGE_VERSION "0.15.8"
| #define PACKAGE_STRING "Qtum Core 0.15.8"
| #define PACKAGE_BUGREPORT "https://github.com/qtumproject/qtum/issues"
| #define PACKAGE_URL "https://qtum.org/"
| #define HAVE_CXX11 1
| #define STDC_HEADERS 1
| #define HAVE_SYS_TYPES_H 1
| #define HAVE_SYS_STAT_H 1
| #define HAVE_STDLIB_H 1
| #define HAVE_STRING_H 1
| #define HAVE_MEMORY_H 1
| #define HAVE_STRINGS_H 1
| #define HAVE_INTTYPES_H 1
| #define HAVE_STDINT_H 1
| #define HAVE_UNISTD_H 1
| #define HAVE_DLFCN_H 1
| #define LT_OBJDIR ".libs/"
| #define HAVE_PTHREAD_PRIO_INHERIT 1
| #define HAVE_PTHREAD 1
| #define HAVE_DECL_STRERROR_R 1
| #define HAVE_STRERROR_R 1
| #define HAVE_STDIO_H 1
| #define HAVE_STDLIB_H 1
| #define HAVE_UNISTD_H 1
| #define HAVE_STRINGS_H 1
| #define HAVE_SYS_TYPES_H 1
| #define HAVE_SYS_STAT_H 1
| #define HAVE_SYS_SELECT_H 1
| #define HAVE_DECL_STRNLEN 1
| #define HAVE_DECL_DAEMON 1
| #define HAVE_DECL_LE16TOH 0
| #define HAVE_DECL_LE32TOH 0
| #define HAVE_DECL_LE64TOH 0
| #define HAVE_DECL_HTOLE16 0
| #define HAVE_DECL_HTOLE32 0
| #define HAVE_DECL_HTOLE64 0
| /* end confdefs.h.  */
| #if HAVE_ENDIAN_H
|                  #include <endian.h>
|                  #elif HAVE_SYS_ENDIAN_H
|                  #include <sys/endian.h>
|                  #endif
| 
| int
| main ()
| {
| #ifndef be16toh
| #ifdef __cplusplus
|   (void) be16toh;
| #else
|   (void) be16toh;
| #endif
| #endif
| 
|   ;
|   return 0;
| }
configure:23074: result: no
configure:23089: checking whether be32toh is declared
configure:23089: g++ -std=c++11 -c -g -O2 -Wall -Wextra -Wformat -Wvla -Wformat-security -Wno-unused-parameter -Wno-self-assign -Wno-unused-local-typedef -Wno-deprecated-register -Wno-implicit-fallthrough -Wno-unknown-pragmas  -DQTUM_BUILD -DHAVE_BUILD_INFO -D__STDC_FORMAT_MACROS -I/usr/local/opt/berkeley-db@4/include -DMAC_OSX conftest.cpp >&5
conftest.cpp:53:10: error: use of undeclared identifier 'be32toh'
  (void) be32toh;
         ^
1 error generated.
configure:23089: $? = 1
configure: failed program was:
| /* confdefs.h */
| #define PACKAGE_NAME "Qtum Core"
| #define PACKAGE_TARNAME "qtum"
| #define PACKAGE_VERSION "0.15.8"
| #define PACKAGE_STRING "Qtum Core 0.15.8"
| #define PACKAGE_BUGREPORT "https://github.com/qtumproject/qtum/issues"
| #define PACKAGE_URL "https://qtum.org/"
| #define HAVE_CXX11 1
| #define STDC_HEADERS 1
| #define HAVE_SYS_TYPES_H 1
| #define HAVE_SYS_STAT_H 1
| #define HAVE_STDLIB_H 1
| #define HAVE_STRING_H 1
| #define HAVE_MEMORY_H 1
| #define HAVE_STRINGS_H 1
| #define HAVE_INTTYPES_H 1
| #define HAVE_STDINT_H 1
| #define HAVE_UNISTD_H 1
| #define HAVE_DLFCN_H 1
| #define LT_OBJDIR ".libs/"
| #define HAVE_PTHREAD_PRIO_INHERIT 1
| #define HAVE_PTHREAD 1
| #define HAVE_DECL_STRERROR_R 1
| #define HAVE_STRERROR_R 1
| #define HAVE_STDIO_H 1
| #define HAVE_STDLIB_H 1
| #define HAVE_UNISTD_H 1
| #define HAVE_STRINGS_H 1
| #define HAVE_SYS_TYPES_H 1
| #define HAVE_SYS_STAT_H 1
| #define HAVE_SYS_SELECT_H 1
| #define HAVE_DECL_STRNLEN 1
| #define HAVE_DECL_DAEMON 1
| #define HAVE_DECL_LE16TOH 0
| #define HAVE_DECL_LE32TOH 0
| #define HAVE_DECL_LE64TOH 0
| #define HAVE_DECL_HTOLE16 0
| #define HAVE_DECL_HTOLE32 0
| #define HAVE_DECL_HTOLE64 0
| #define HAVE_DECL_BE16TOH 0
| /* end confdefs.h.  */
| #if HAVE_ENDIAN_H
|                  #include <endian.h>
|                  #elif HAVE_SYS_ENDIAN_H
|                  #include <sys/endian.h>
|                  #endif
| 
| int
| main ()
| {
| #ifndef be32toh
| #ifdef __cplusplus
|   (void) be32toh;
| #else
|   (void) be32toh;
| #endif
| #endif
| 
|   ;
|   return 0;
| }
configure:23089: result: no
configure:23104: checking whether be64toh is declared
configure:23104: g++ -std=c++11 -c -g -O2 -Wall -Wextra -Wformat -Wvla -Wformat-security -Wno-unused-parameter -Wno-self-assign -Wno-unused-local-typedef -Wno-deprecated-register -Wno-implicit-fallthrough -Wno-unknown-pragmas  -DQTUM_BUILD -DHAVE_BUILD_INFO -D__STDC_FORMAT_MACROS -I/usr/local/opt/berkeley-db@4/include -DMAC_OSX conftest.cpp >&5
conftest.cpp:54:10: error: use of undeclared identifier 'be64toh'
  (void) be64toh;
         ^
1 error generated.
configure:23104: $? = 1
configure: failed program was:
| /* confdefs.h */
| #define PACKAGE_NAME "Qtum Core"
| #define PACKAGE_TARNAME "qtum"
| #define PACKAGE_VERSION "0.15.8"
| #define PACKAGE_STRING "Qtum Core 0.15.8"
| #define PACKAGE_BUGREPORT "https://github.com/qtumproject/qtum/issues"
| #define PACKAGE_URL "https://qtum.org/"
| #define HAVE_CXX11 1
| #define STDC_HEADERS 1
| #define HAVE_SYS_TYPES_H 1
| #define HAVE_SYS_STAT_H 1
| #define HAVE_STDLIB_H 1
| #define HAVE_STRING_H 1
| #define HAVE_MEMORY_H 1
| #define HAVE_STRINGS_H 1
| #define HAVE_INTTYPES_H 1
| #define HAVE_STDINT_H 1
| #define HAVE_UNISTD_H 1
| #define HAVE_DLFCN_H 1
| #define LT_OBJDIR ".libs/"
| #define HAVE_PTHREAD_PRIO_INHERIT 1
| #define HAVE_PTHREAD 1
| #define HAVE_DECL_STRERROR_R 1
| #define HAVE_STRERROR_R 1
| #define HAVE_STDIO_H 1
| #define HAVE_STDLIB_H 1
| #define HAVE_UNISTD_H 1
| #define HAVE_STRINGS_H 1
| #define HAVE_SYS_TYPES_H 1
| #define HAVE_SYS_STAT_H 1
| #define HAVE_SYS_SELECT_H 1
| #define HAVE_DECL_STRNLEN 1
| #define HAVE_DECL_DAEMON 1
| #define HAVE_DECL_LE16TOH 0
| #define HAVE_DECL_LE32TOH 0
| #define HAVE_DECL_LE64TOH 0
| #define HAVE_DECL_HTOLE16 0
| #define HAVE_DECL_HTOLE32 0
| #define HAVE_DECL_HTOLE64 0
| #define HAVE_DECL_BE16TOH 0
| #define HAVE_DECL_BE32TOH 0
| /* end confdefs.h.  */
| #if HAVE_ENDIAN_H
|                  #include <endian.h>
|                  #elif HAVE_SYS_ENDIAN_H
|                  #include <sys/endian.h>
|                  #endif
| 
| int
| main ()
| {
| #ifndef be64toh
| #ifdef __cplusplus
|   (void) be64toh;
| #else
|   (void) be64toh;
| #endif
| #endif
| 
|   ;
|   return 0;
| }
configure:23104: result: no
configure:23119: checking whether htobe16 is declared
configure:23119: g++ -std=c++11 -c -g -O2 -Wall -Wextra -Wformat -Wvla -Wformat-security -Wno-unused-parameter -Wno-self-assign -Wno-unused-local-typedef -Wno-deprecated-register -Wno-implicit-fallthrough -Wno-unknown-pragmas  -DQTUM_BUILD -DHAVE_BUILD_INFO -D__STDC_FORMAT_MACROS -I/usr/local/opt/berkeley-db@4/include -DMAC_OSX conftest.cpp >&5
conftest.cpp:55:10: error: use of undeclared identifier 'htobe16'
  (void) htobe16;
         ^
1 error generated.
configure:23119: $? = 1
configure: failed program was:
| /* confdefs.h */
| #define PACKAGE_NAME "Qtum Core"
| #define PACKAGE_TARNAME "qtum"
| #define PACKAGE_VERSION "0.15.8"
| #define PACKAGE_STRING "Qtum Core 0.15.8"
| #define PACKAGE_BUGREPORT "https://github.com/qtumproject/qtum/issues"
| #define PACKAGE_URL "https://qtum.org/"
| #define HAVE_CXX11 1
| #define STDC_HEADERS 1
| #define HAVE_SYS_TYPES_H 1
| #define HAVE_SYS_STAT_H 1
| #define HAVE_STDLIB_H 1
| #define HAVE_STRING_H 1
| #define HAVE_MEMORY_H 1
| #define HAVE_STRINGS_H 1
| #define HAVE_INTTYPES_H 1
| #define HAVE_STDINT_H 1
| #define HAVE_UNISTD_H 1
| #define HAVE_DLFCN_H 1
| #define LT_OBJDIR ".libs/"
| #define HAVE_PTHREAD_PRIO_INHERIT 1
| #define HAVE_PTHREAD 1
| #define HAVE_DECL_STRERROR_R 1
| #define HAVE_STRERROR_R 1
| #define HAVE_STDIO_H 1
| #define HAVE_STDLIB_H 1
| #define HAVE_UNISTD_H 1
| #define HAVE_STRINGS_H 1
| #define HAVE_SYS_TYPES_H 1
| #define HAVE_SYS_STAT_H 1
| #define HAVE_SYS_SELECT_H 1
| #define HAVE_DECL_STRNLEN 1
| #define HAVE_DECL_DAEMON 1
| #define HAVE_DECL_LE16TOH 0
| #define HAVE_DECL_LE32TOH 0
| #define HAVE_DECL_LE64TOH 0
| #define HAVE_DECL_HTOLE16 0
| #define HAVE_DECL_HTOLE32 0
| #define HAVE_DECL_HTOLE64 0
| #define HAVE_DECL_BE16TOH 0
| #define HAVE_DECL_BE32TOH 0
| #define HAVE_DECL_BE64TOH 0
| /* end confdefs.h.  */
| #if HAVE_ENDIAN_H
|                  #include <endian.h>
|                  #elif HAVE_SYS_ENDIAN_H
|                  #include <sys/endian.h>
|                  #endif
| 
| int
| main ()
| {
| #ifndef htobe16
| #ifdef __cplusplus
|   (void) htobe16;
| #else
|   (void) htobe16;
| #endif
| #endif
| 
|   ;
|   return 0;
| }
configure:23119: result: no
configure:23134: checking whether htobe32 is declared
configure:23134: g++ -std=c++11 -c -g -O2 -Wall -Wextra -Wformat -Wvla -Wformat-security -Wno-unused-parameter -Wno-self-assign -Wno-unused-local-typedef -Wno-deprecated-register -Wno-implicit-fallthrough -Wno-unknown-pragmas  -DQTUM_BUILD -DHAVE_BUILD_INFO -D__STDC_FORMAT_MACROS -I/usr/local/opt/berkeley-db@4/include -DMAC_OSX conftest.cpp >&5
conftest.cpp:56:10: error: use of undeclared identifier 'htobe32'
  (void) htobe32;
         ^
1 error generated.
configure:23134: $? = 1
configure: failed program was:
| /* confdefs.h */
| #define PACKAGE_NAME "Qtum Core"
| #define PACKAGE_TARNAME "qtum"
| #define PACKAGE_VERSION "0.15.8"
| #define PACKAGE_STRING "Qtum Core 0.15.8"
| #define PACKAGE_BUGREPORT "https://github.com/qtumproject/qtum/issues"
| #define PACKAGE_URL "https://qtum.org/"
| #define HAVE_CXX11 1
| #define STDC_HEADERS 1
| #define HAVE_SYS_TYPES_H 1
| #define HAVE_SYS_STAT_H 1
| #define HAVE_STDLIB_H 1
| #define HAVE_STRING_H 1
| #define HAVE_MEMORY_H 1
| #define HAVE_STRINGS_H 1
| #define HAVE_INTTYPES_H 1
| #define HAVE_STDINT_H 1
| #define HAVE_UNISTD_H 1
| #define HAVE_DLFCN_H 1
| #define LT_OBJDIR ".libs/"
| #define HAVE_PTHREAD_PRIO_INHERIT 1
| #define HAVE_PTHREAD 1
| #define HAVE_DECL_STRERROR_R 1
| #define HAVE_STRERROR_R 1
| #define HAVE_STDIO_H 1
| #define HAVE_STDLIB_H 1
| #define HAVE_UNISTD_H 1
| #define HAVE_STRINGS_H 1
| #define HAVE_SYS_TYPES_H 1
| #define HAVE_SYS_STAT_H 1
| #define HAVE_SYS_SELECT_H 1
| #define HAVE_DECL_STRNLEN 1
| #define HAVE_DECL_DAEMON 1
| #define HAVE_DECL_LE16TOH 0
| #define HAVE_DECL_LE32TOH 0
| #define HAVE_DECL_LE64TOH 0
| #define HAVE_DECL_HTOLE16 0
| #define HAVE_DECL_HTOLE32 0
| #define HAVE_DECL_HTOLE64 0
| #define HAVE_DECL_BE16TOH 0
| #define HAVE_DECL_BE32TOH 0
| #define HAVE_DECL_BE64TOH 0
| #define HAVE_DECL_HTOBE16 0
| /* end confdefs.h.  */
| #if HAVE_ENDIAN_H
|                  #include <endian.h>
|                  #elif HAVE_SYS_ENDIAN_H
|                  #include <sys/endian.h>
|                  #endif
| 
| int
| main ()
| {
| #ifndef htobe32
| #ifdef __cplusplus
|   (void) htobe32;
| #else
|   (void) htobe32;
| #endif
| #endif
| 
|   ;
|   return 0;
| }
configure:23134: result: no
configure:23149: checking whether htobe64 is declared
configure:23149: g++ -std=c++11 -c -g -O2 -Wall -Wextra -Wformat -Wvla -Wformat-security -Wno-unused-parameter -Wno-self-assign -Wno-unused-local-typedef -Wno-deprecated-register -Wno-implicit-fallthrough -Wno-unknown-pragmas  -DQTUM_BUILD -DHAVE_BUILD_INFO -D__STDC_FORMAT_MACROS -I/usr/local/opt/berkeley-db@4/include -DMAC_OSX conftest.cpp >&5
conftest.cpp:57:10: error: use of undeclared identifier 'htobe64'
  (void) htobe64;
         ^
1 error generated.
configure:23149: $? = 1
configure: failed program was:
| /* confdefs.h */
| #define PACKAGE_NAME "Qtum Core"
| #define PACKAGE_TARNAME "qtum"
| #define PACKAGE_VERSION "0.15.8"
| #define PACKAGE_STRING "Qtum Core 0.15.8"
| #define PACKAGE_BUGREPORT "https://github.com/qtumproject/qtum/issues"
| #define PACKAGE_URL "https://qtum.org/"
| #define HAVE_CXX11 1
| #define STDC_HEADERS 1
| #define HAVE_SYS_TYPES_H 1
| #define HAVE_SYS_STAT_H 1
| #define HAVE_STDLIB_H 1
| #define HAVE_STRING_H 1
| #define HAVE_MEMORY_H 1
| #define HAVE_STRINGS_H 1
| #define HAVE_INTTYPES_H 1
| #define HAVE_STDINT_H 1
| #define HAVE_UNISTD_H 1
| #define HAVE_DLFCN_H 1
| #define LT_OBJDIR ".libs/"
| #define HAVE_PTHREAD_PRIO_INHERIT 1
| #define HAVE_PTHREAD 1
| #define HAVE_DECL_STRERROR_R 1
| #define HAVE_STRERROR_R 1
| #define HAVE_STDIO_H 1
| #define HAVE_STDLIB_H 1
| #define HAVE_UNISTD_H 1
| #define HAVE_STRINGS_H 1
| #define HAVE_SYS_TYPES_H 1
| #define HAVE_SYS_STAT_H 1
| #define HAVE_SYS_SELECT_H 1
| #define HAVE_DECL_STRNLEN 1
| #define HAVE_DECL_DAEMON 1
| #define HAVE_DECL_LE16TOH 0
| #define HAVE_DECL_LE32TOH 0
| #define HAVE_DECL_LE64TOH 0
| #define HAVE_DECL_HTOLE16 0
| #define HAVE_DECL_HTOLE32 0
| #define HAVE_DECL_HTOLE64 0
| #define HAVE_DECL_BE16TOH 0
| #define HAVE_DECL_BE32TOH 0
| #define HAVE_DECL_BE64TOH 0
| #define HAVE_DECL_HTOBE16 0
| #define HAVE_DECL_HTOBE32 0
| /* end confdefs.h.  */
| #if HAVE_ENDIAN_H
|                  #include <endian.h>
|                  #elif HAVE_SYS_ENDIAN_H
|                  #include <sys/endian.h>
|                  #endif
| 
| int
| main ()
| {
| #ifndef htobe64
| #ifdef __cplusplus
|   (void) htobe64;
| #else
|   (void) htobe64;
| #endif
| #endif
| 
|   ;
|   return 0;
| }
configure:23149: result: no
configure:23166: checking whether bswap_16 is declared
configure:23166: g++ -std=c++11 -c -g -O2 -Wall -Wextra -Wformat -Wvla -Wformat-security -Wno-unused-parameter -Wno-self-assign -Wno-unused-local-typedef -Wno-deprecated-register -Wno-implicit-fallthrough -Wno-unknown-pragmas  -DQTUM_BUILD -DHAVE_BUILD_INFO -D__STDC_FORMAT_MACROS -I/usr/local/opt/berkeley-db@4/include -DMAC_OSX conftest.cpp >&5
conftest.cpp:56:10: error: use of undeclared identifier 'bswap_16'
  (void) bswap_16;
         ^
1 error generated.
configure:23166: $? = 1
configure: failed program was:
| /* confdefs.h */
| #define PACKAGE_NAME "Qtum Core"
| #define PACKAGE_TARNAME "qtum"
| #define PACKAGE_VERSION "0.15.8"
| #define PACKAGE_STRING "Qtum Core 0.15.8"
| #define PACKAGE_BUGREPORT "https://github.com/qtumproject/qtum/issues"
| #define PACKAGE_URL "https://qtum.org/"
| #define HAVE_CXX11 1
| #define STDC_HEADERS 1
| #define HAVE_SYS_TYPES_H 1
| #define HAVE_SYS_STAT_H 1
| #define HAVE_STDLIB_H 1
| #define HAVE_STRING_H 1
| #define HAVE_MEMORY_H 1
| #define HAVE_STRINGS_H 1
| #define HAVE_INTTYPES_H 1
| #define HAVE_STDINT_H 1
| #define HAVE_UNISTD_H 1
| #define HAVE_DLFCN_H 1
| #define LT_OBJDIR ".libs/"
| #define HAVE_PTHREAD_PRIO_INHERIT 1
| #define HAVE_PTHREAD 1
| #define HAVE_DECL_STRERROR_R 1
| #define HAVE_STRERROR_R 1
| #define HAVE_STDIO_H 1
| #define HAVE_STDLIB_H 1
| #define HAVE_UNISTD_H 1
| #define HAVE_STRINGS_H 1
| #define HAVE_SYS_TYPES_H 1
| #define HAVE_SYS_STAT_H 1
| #define HAVE_SYS_SELECT_H 1
| #define HAVE_DECL_STRNLEN 1
| #define HAVE_DECL_DAEMON 1
| #define HAVE_DECL_LE16TOH 0
| #define HAVE_DECL_LE32TOH 0
| #define HAVE_DECL_LE64TOH 0
| #define HAVE_DECL_HTOLE16 0
| #define HAVE_DECL_HTOLE32 0
| #define HAVE_DECL_HTOLE64 0
| #define HAVE_DECL_BE16TOH 0
| #define HAVE_DECL_BE32TOH 0
| #define HAVE_DECL_BE64TOH 0
| #define HAVE_DECL_HTOBE16 0
| #define HAVE_DECL_HTOBE32 0
| #define HAVE_DECL_HTOBE64 0
| /* end confdefs.h.  */
| #if HAVE_BYTESWAP_H
|                  #include <byteswap.h>
|                  #endif
| 
| int
| main ()
| {
| #ifndef bswap_16
| #ifdef __cplusplus
|   (void) bswap_16;
| #else
|   (void) bswap_16;
| #endif
| #endif
| 
|   ;
|   return 0;
| }
configure:23166: result: no
configure:23179: checking whether bswap_32 is declared
configure:23179: g++ -std=c++11 -c -g -O2 -Wall -Wextra -Wformat -Wvla -Wformat-security -Wno-unused-parameter -Wno-self-assign -Wno-unused-local-typedef -Wno-deprecated-register -Wno-implicit-fallthrough -Wno-unknown-pragmas  -DQTUM_BUILD -DHAVE_BUILD_INFO -D__STDC_FORMAT_MACROS -I/usr/local/opt/berkeley-db@4/include -DMAC_OSX conftest.cpp >&5
conftest.cpp:57:10: error: use of undeclared identifier 'bswap_32'
  (void) bswap_32;
         ^
1 error generated.
configure:23179: $? = 1
configure: failed program was:
| /* confdefs.h */
| #define PACKAGE_NAME "Qtum Core"
| #define PACKAGE_TARNAME "qtum"
| #define PACKAGE_VERSION "0.15.8"
| #define PACKAGE_STRING "Qtum Core 0.15.8"
| #define PACKAGE_BUGREPORT "https://github.com/qtumproject/qtum/issues"
| #define PACKAGE_URL "https://qtum.org/"
| #define HAVE_CXX11 1
| #define STDC_HEADERS 1
| #define HAVE_SYS_TYPES_H 1
| #define HAVE_SYS_STAT_H 1
| #define HAVE_STDLIB_H 1
| #define HAVE_STRING_H 1
| #define HAVE_MEMORY_H 1
| #define HAVE_STRINGS_H 1
| #define HAVE_INTTYPES_H 1
| #define HAVE_STDINT_H 1
| #define HAVE_UNISTD_H 1
| #define HAVE_DLFCN_H 1
| #define LT_OBJDIR ".libs/"
| #define HAVE_PTHREAD_PRIO_INHERIT 1
| #define HAVE_PTHREAD 1
| #define HAVE_DECL_STRERROR_R 1
| #define HAVE_STRERROR_R 1
| #define HAVE_STDIO_H 1
| #define HAVE_STDLIB_H 1
| #define HAVE_UNISTD_H 1
| #define HAVE_STRINGS_H 1
| #define HAVE_SYS_TYPES_H 1
| #define HAVE_SYS_STAT_H 1
| #define HAVE_SYS_SELECT_H 1
| #define HAVE_DECL_STRNLEN 1
| #define HAVE_DECL_DAEMON 1
| #define HAVE_DECL_LE16TOH 0
| #define HAVE_DECL_LE32TOH 0
| #define HAVE_DECL_LE64TOH 0
| #define HAVE_DECL_HTOLE16 0
| #define HAVE_DECL_HTOLE32 0
| #define HAVE_DECL_HTOLE64 0
| #define HAVE_DECL_BE16TOH 0
| #define HAVE_DECL_BE32TOH 0
| #define HAVE_DECL_BE64TOH 0
| #define HAVE_DECL_HTOBE16 0
| #define HAVE_DECL_HTOBE32 0
| #define HAVE_DECL_HTOBE64 0
| #define HAVE_DECL_BSWAP_16 0
| /* end confdefs.h.  */
| #if HAVE_BYTESWAP_H
|                  #include <byteswap.h>
|                  #endif
| 
| int
| main ()
| {
| #ifndef bswap_32
| #ifdef __cplusplus
|   (void) bswap_32;
| #else
|   (void) bswap_32;
| #endif
| #endif
| 
|   ;
|   return 0;
| }
configure:23179: result: no
configure:23192: checking whether bswap_64 is declared
configure:23192: g++ -std=c++11 -c -g -O2 -Wall -Wextra -Wformat -Wvla -Wformat-security -Wno-unused-parameter -Wno-self-assign -Wno-unused-local-typedef -Wno-deprecated-register -Wno-implicit-fallthrough -Wno-unknown-pragmas  -DQTUM_BUILD -DHAVE_BUILD_INFO -D__STDC_FORMAT_MACROS -I/usr/local/opt/berkeley-db@4/include -DMAC_OSX conftest.cpp >&5
conftest.cpp:58:10: error: use of undeclared identifier 'bswap_64'
  (void) bswap_64;
         ^
1 error generated.
configure:23192: $? = 1
configure: failed program was:
| /* confdefs.h */
| #define PACKAGE_NAME "Qtum Core"
| #define PACKAGE_TARNAME "qtum"
| #define PACKAGE_VERSION "0.15.8"
| #define PACKAGE_STRING "Qtum Core 0.15.8"
| #define PACKAGE_BUGREPORT "https://github.com/qtumproject/qtum/issues"
| #define PACKAGE_URL "https://qtum.org/"
| #define HAVE_CXX11 1
| #define STDC_HEADERS 1
| #define HAVE_SYS_TYPES_H 1
| #define HAVE_SYS_STAT_H 1
| #define HAVE_STDLIB_H 1
| #define HAVE_STRING_H 1
| #define HAVE_MEMORY_H 1
| #define HAVE_STRINGS_H 1
| #define HAVE_INTTYPES_H 1
| #define HAVE_STDINT_H 1
| #define HAVE_UNISTD_H 1
| #define HAVE_DLFCN_H 1
| #define LT_OBJDIR ".libs/"
| #define HAVE_PTHREAD_PRIO_INHERIT 1
| #define HAVE_PTHREAD 1
| #define HAVE_DECL_STRERROR_R 1
| #define HAVE_STRERROR_R 1
| #define HAVE_STDIO_H 1
| #define HAVE_STDLIB_H 1
| #define HAVE_UNISTD_H 1
| #define HAVE_STRINGS_H 1
| #define HAVE_SYS_TYPES_H 1
| #define HAVE_SYS_STAT_H 1
| #define HAVE_SYS_SELECT_H 1
| #define HAVE_DECL_STRNLEN 1
| #define HAVE_DECL_DAEMON 1
| #define HAVE_DECL_LE16TOH 0
| #define HAVE_DECL_LE32TOH 0
| #define HAVE_DECL_LE64TOH 0
| #define HAVE_DECL_HTOLE16 0
| #define HAVE_DECL_HTOLE32 0
| #define HAVE_DECL_HTOLE64 0
| #define HAVE_DECL_BE16TOH 0
| #define HAVE_DECL_BE32TOH 0
| #define HAVE_DECL_BE64TOH 0
| #define HAVE_DECL_HTOBE16 0
| #define HAVE_DECL_HTOBE32 0
| #define HAVE_DECL_HTOBE64 0
| #define HAVE_DECL_BSWAP_16 0
| #define HAVE_DECL_BSWAP_32 0
| /* end confdefs.h.  */
| #if HAVE_BYTESWAP_H
|                  #include <byteswap.h>
|                  #endif
| 
| int
| main ()
| {
| #ifndef bswap_64
| #ifdef __cplusplus
|   (void) bswap_64;
| #else
|   (void) bswap_64;
| #endif
| #endif
| 
|   ;
|   return 0;
| }
configure:23192: result: no
configure:23207: checking whether __builtin_clz is declared
configure:23207: g++ -std=c++11 -c -g -O2 -Wall -Wextra -Wformat -Wvla -Wformat-security -Wno-unused-parameter -Wno-self-assign -Wno-unused-local-typedef -Wno-deprecated-register -Wno-implicit-fallthrough -Wno-unknown-pragmas  -DQTUM_BUILD -DHAVE_BUILD_INFO -D__STDC_FORMAT_MACROS -I/usr/local/opt/berkeley-db@4/include -DMAC_OSX conftest.cpp >&5
conftest.cpp:88:10: error: builtin functions must be directly called
  (void) __builtin_clz;
         ^
1 error generated.
configure:23207: $? = 1
configure: failed program was:
| /* confdefs.h */
| #define PACKAGE_NAME "Qtum Core"
| #define PACKAGE_TARNAME "qtum"
| #define PACKAGE_VERSION "0.15.8"
| #define PACKAGE_STRING "Qtum Core 0.15.8"
| #define PACKAGE_BUGREPORT "https://github.com/qtumproject/qtum/issues"
| #define PACKAGE_URL "https://qtum.org/"
| #define HAVE_CXX11 1
| #define STDC_HEADERS 1
| #define HAVE_SYS_TYPES_H 1
| #define HAVE_SYS_STAT_H 1
| #define HAVE_STDLIB_H 1
| #define HAVE_STRING_H 1
| #define HAVE_MEMORY_H 1
| #define HAVE_STRINGS_H 1
| #define HAVE_INTTYPES_H 1
| #define HAVE_STDINT_H 1
| #define HAVE_UNISTD_H 1
| #define HAVE_DLFCN_H 1
| #define LT_OBJDIR ".libs/"
| #define HAVE_PTHREAD_PRIO_INHERIT 1
| #define HAVE_PTHREAD 1
| #define HAVE_DECL_STRERROR_R 1
| #define HAVE_STRERROR_R 1
| #define HAVE_STDIO_H 1
| #define HAVE_STDLIB_H 1
| #define HAVE_UNISTD_H 1
| #define HAVE_STRINGS_H 1
| #define HAVE_SYS_TYPES_H 1
| #define HAVE_SYS_STAT_H 1
| #define HAVE_SYS_SELECT_H 1
| #define HAVE_DECL_STRNLEN 1
| #define HAVE_DECL_DAEMON 1
| #define HAVE_DECL_LE16TOH 0
| #define HAVE_DECL_LE32TOH 0
| #define HAVE_DECL_LE64TOH 0
| #define HAVE_DECL_HTOLE16 0
| #define HAVE_DECL_HTOLE32 0
| #define HAVE_DECL_HTOLE64 0
| #define HAVE_DECL_BE16TOH 0
| #define HAVE_DECL_BE32TOH 0
| #define HAVE_DECL_BE64TOH 0
| #define HAVE_DECL_HTOBE16 0
| #define HAVE_DECL_HTOBE32 0
| #define HAVE_DECL_HTOBE64 0
| #define HAVE_DECL_BSWAP_16 0
| #define HAVE_DECL_BSWAP_32 0
| #define HAVE_DECL_BSWAP_64 0
| /* end confdefs.h.  */
| #include <stdio.h>
| #ifdef HAVE_SYS_TYPES_H
| # include <sys/types.h>
| #endif
| #ifdef HAVE_SYS_STAT_H
| # include <sys/stat.h>
| #endif
| #ifdef STDC_HEADERS
| # include <stdlib.h>
| # include <stddef.h>
| #else
| # ifdef HAVE_STDLIB_H
| #  include <stdlib.h>
| # endif
| #endif
| #ifdef HAVE_STRING_H
| # if !defined STDC_HEADERS && defined HAVE_MEMORY_H
| #  include <memory.h>
| # endif
| # include <string.h>
| #endif
| #ifdef HAVE_STRINGS_H
| # include <strings.h>
| #endif
| #ifdef HAVE_INTTYPES_H
| # include <inttypes.h>
| #endif
| #ifdef HAVE_STDINT_H
| # include <stdint.h>
| #endif
| #ifdef HAVE_UNISTD_H
| # include <unistd.h>
| #endif
| int
| main ()
| {
| #ifndef __builtin_clz
| #ifdef __cplusplus
|   (void) __builtin_clz;
| #else
|   (void) __builtin_clz;
| #endif
| #endif
| 
|   ;
|   return 0;
| }
configure:23207: result: no
configure:23217: checking whether __builtin_clzl is declared
configure:23217: g++ -std=c++11 -c -g -O2 -Wall -Wextra -Wformat -Wvla -Wformat-security -Wno-unused-parameter -Wno-self-assign -Wno-unused-local-typedef -Wno-deprecated-register -Wno-implicit-fallthrough -Wno-unknown-pragmas  -DQTUM_BUILD -DHAVE_BUILD_INFO -D__STDC_FORMAT_MACROS -I/usr/local/opt/berkeley-db@4/include -DMAC_OSX conftest.cpp >&5
conftest.cpp:89:10: error: builtin functions must be directly called
  (void) __builtin_clzl;
         ^
1 error generated.
configure:23217: $? = 1
configure: failed program was:
| /* confdefs.h */
| #define PACKAGE_NAME "Qtum Core"
| #define PACKAGE_TARNAME "qtum"
| #define PACKAGE_VERSION "0.15.8"
| #define PACKAGE_STRING "Qtum Core 0.15.8"
| #define PACKAGE_BUGREPORT "https://github.com/qtumproject/qtum/issues"
| #define PACKAGE_URL "https://qtum.org/"
| #define HAVE_CXX11 1
| #define STDC_HEADERS 1
| #define HAVE_SYS_TYPES_H 1
| #define HAVE_SYS_STAT_H 1
| #define HAVE_STDLIB_H 1
| #define HAVE_STRING_H 1
| #define HAVE_MEMORY_H 1
| #define HAVE_STRINGS_H 1
| #define HAVE_INTTYPES_H 1
| #define HAVE_STDINT_H 1
| #define HAVE_UNISTD_H 1
| #define HAVE_DLFCN_H 1
| #define LT_OBJDIR ".libs/"
| #define HAVE_PTHREAD_PRIO_INHERIT 1
| #define HAVE_PTHREAD 1
| #define HAVE_DECL_STRERROR_R 1
| #define HAVE_STRERROR_R 1
| #define HAVE_STDIO_H 1
| #define HAVE_STDLIB_H 1
| #define HAVE_UNISTD_H 1
| #define HAVE_STRINGS_H 1
| #define HAVE_SYS_TYPES_H 1
| #define HAVE_SYS_STAT_H 1
| #define HAVE_SYS_SELECT_H 1
| #define HAVE_DECL_STRNLEN 1
| #define HAVE_DECL_DAEMON 1
| #define HAVE_DECL_LE16TOH 0
| #define HAVE_DECL_LE32TOH 0
| #define HAVE_DECL_LE64TOH 0
| #define HAVE_DECL_HTOLE16 0
| #define HAVE_DECL_HTOLE32 0
| #define HAVE_DECL_HTOLE64 0
| #define HAVE_DECL_BE16TOH 0
| #define HAVE_DECL_BE32TOH 0
| #define HAVE_DECL_BE64TOH 0
| #define HAVE_DECL_HTOBE16 0
| #define HAVE_DECL_HTOBE32 0
| #define HAVE_DECL_HTOBE64 0
| #define HAVE_DECL_BSWAP_16 0
| #define HAVE_DECL_BSWAP_32 0
| #define HAVE_DECL_BSWAP_64 0
| #define HAVE_DECL___BUILTIN_CLZ 0
| /* end confdefs.h.  */
| #include <stdio.h>
| #ifdef HAVE_SYS_TYPES_H
| # include <sys/types.h>
| #endif
| #ifdef HAVE_SYS_STAT_H
| # include <sys/stat.h>
| #endif
| #ifdef STDC_HEADERS
| # include <stdlib.h>
| # include <stddef.h>
| #else
| # ifdef HAVE_STDLIB_H
| #  include <stdlib.h>
| # endif
| #endif
| #ifdef HAVE_STRING_H
| # if !defined STDC_HEADERS && defined HAVE_MEMORY_H
| #  include <memory.h>
| # endif
| # include <string.h>
| #endif
| #ifdef HAVE_STRINGS_H
| # include <strings.h>
| #endif
| #ifdef HAVE_INTTYPES_H
| # include <inttypes.h>
| #endif
| #ifdef HAVE_STDINT_H
| # include <stdint.h>
| #endif
| #ifdef HAVE_UNISTD_H
| # include <unistd.h>
| #endif
| int
| main ()
| {
| #ifndef __builtin_clzl
| #ifdef __cplusplus
|   (void) __builtin_clzl;
| #else
|   (void) __builtin_clzl;
| #endif
| #endif
| 
|   ;
|   return 0;
| }
configure:23217: result: no
configure:23227: checking whether __builtin_clzll is declared
configure:23227: g++ -std=c++11 -c -g -O2 -Wall -Wextra -Wformat -Wvla -Wformat-security -Wno-unused-parameter -Wno-self-assign -Wno-unused-local-typedef -Wno-deprecated-register -Wno-implicit-fallthrough -Wno-unknown-pragmas  -DQTUM_BUILD -DHAVE_BUILD_INFO -D__STDC_FORMAT_MACROS -I/usr/local/opt/berkeley-db@4/include -DMAC_OSX conftest.cpp >&5
conftest.cpp:90:10: error: builtin functions must be directly called
  (void) __builtin_clzll;
         ^
1 error generated.
configure:23227: $? = 1
configure: failed program was:
| /* confdefs.h */
| #define PACKAGE_NAME "Qtum Core"
| #define PACKAGE_TARNAME "qtum"
| #define PACKAGE_VERSION "0.15.8"
| #define PACKAGE_STRING "Qtum Core 0.15.8"
| #define PACKAGE_BUGREPORT "https://github.com/qtumproject/qtum/issues"
| #define PACKAGE_URL "https://qtum.org/"
| #define HAVE_CXX11 1
| #define STDC_HEADERS 1
| #define HAVE_SYS_TYPES_H 1
| #define HAVE_SYS_STAT_H 1
| #define HAVE_STDLIB_H 1
| #define HAVE_STRING_H 1
| #define HAVE_MEMORY_H 1
| #define HAVE_STRINGS_H 1
| #define HAVE_INTTYPES_H 1
| #define HAVE_STDINT_H 1
| #define HAVE_UNISTD_H 1
| #define HAVE_DLFCN_H 1
| #define LT_OBJDIR ".libs/"
| #define HAVE_PTHREAD_PRIO_INHERIT 1
| #define HAVE_PTHREAD 1
| #define HAVE_DECL_STRERROR_R 1
| #define HAVE_STRERROR_R 1
| #define HAVE_STDIO_H 1
| #define HAVE_STDLIB_H 1
| #define HAVE_UNISTD_H 1
| #define HAVE_STRINGS_H 1
| #define HAVE_SYS_TYPES_H 1
| #define HAVE_SYS_STAT_H 1
| #define HAVE_SYS_SELECT_H 1
| #define HAVE_DECL_STRNLEN 1
| #define HAVE_DECL_DAEMON 1
| #define HAVE_DECL_LE16TOH 0
| #define HAVE_DECL_LE32TOH 0
| #define HAVE_DECL_LE64TOH 0
| #define HAVE_DECL_HTOLE16 0
| #define HAVE_DECL_HTOLE32 0
| #define HAVE_DECL_HTOLE64 0
| #define HAVE_DECL_BE16TOH 0
| #define HAVE_DECL_BE32TOH 0
| #define HAVE_DECL_BE64TOH 0
| #define HAVE_DECL_HTOBE16 0
| #define HAVE_DECL_HTOBE32 0
| #define HAVE_DECL_HTOBE64 0
| #define HAVE_DECL_BSWAP_16 0
| #define HAVE_DECL_BSWAP_32 0
| #define HAVE_DECL_BSWAP_64 0
| #define HAVE_DECL___BUILTIN_CLZ 0
| #define HAVE_DECL___BUILTIN_CLZL 0
| /* end confdefs.h.  */
| #include <stdio.h>
| #ifdef HAVE_SYS_TYPES_H
| # include <sys/types.h>
| #endif
| #ifdef HAVE_SYS_STAT_H
| # include <sys/stat.h>
| #endif
| #ifdef STDC_HEADERS
| # include <stdlib.h>
| # include <stddef.h>
| #else
| # ifdef HAVE_STDLIB_H
| #  include <stdlib.h>
| # endif
| #endif
| #ifdef HAVE_STRING_H
| # if !defined STDC_HEADERS && defined HAVE_MEMORY_H
| #  include <memory.h>
| # endif
| # include <string.h>
| #endif
| #ifdef HAVE_STRINGS_H
| # include <strings.h>
| #endif
| #ifdef HAVE_INTTYPES_H
| # include <inttypes.h>
| #endif
| #ifdef HAVE_STDINT_H
| # include <stdint.h>
| #endif
| #ifdef HAVE_UNISTD_H
| # include <unistd.h>
| #endif
| int
| main ()
| {
| #ifndef __builtin_clzll
| #ifdef __cplusplus
|   (void) __builtin_clzll;
| #else
|   (void) __builtin_clzll;
| #endif
| #endif
| 
|   ;
|   return 0;
| }
configure:23227: result: no
configure:23239: checking for MSG_NOSIGNAL
configure:23252: g++ -std=c++11 -c -g -O2 -Wall -Wextra -Wformat -Wvla -Wformat-security -Wno-unused-parameter -Wno-self-assign -Wno-unused-local-typedef -Wno-deprecated-register -Wno-implicit-fallthrough -Wno-unknown-pragmas  -DQTUM_BUILD -DHAVE_BUILD_INFO -D__STDC_FORMAT_MACROS -I/usr/local/opt/berkeley-db@4/include -DMAC_OSX conftest.cpp >&5
conftest.cpp:57:10: error: use of undeclared identifier 'MSG_NOSIGNAL'
 int f = MSG_NOSIGNAL;
         ^
1 error generated.
configure:23252: $? = 1
configure: failed program was:
| /* confdefs.h */
| #define PACKAGE_NAME "Qtum Core"
| #define PACKAGE_TARNAME "qtum"
| #define PACKAGE_VERSION "0.15.8"
| #define PACKAGE_STRING "Qtum Core 0.15.8"
| #define PACKAGE_BUGREPORT "https://github.com/qtumproject/qtum/issues"
| #define PACKAGE_URL "https://qtum.org/"
| #define HAVE_CXX11 1
| #define STDC_HEADERS 1
| #define HAVE_SYS_TYPES_H 1
| #define HAVE_SYS_STAT_H 1
| #define HAVE_STDLIB_H 1
| #define HAVE_STRING_H 1
| #define HAVE_MEMORY_H 1
| #define HAVE_STRINGS_H 1
| #define HAVE_INTTYPES_H 1
| #define HAVE_STDINT_H 1
| #define HAVE_UNISTD_H 1
| #define HAVE_DLFCN_H 1
| #define LT_OBJDIR ".libs/"
| #define HAVE_PTHREAD_PRIO_INHERIT 1
| #define HAVE_PTHREAD 1
| #define HAVE_DECL_STRERROR_R 1
| #define HAVE_STRERROR_R 1
| #define HAVE_STDIO_H 1
| #define HAVE_STDLIB_H 1
| #define HAVE_UNISTD_H 1
| #define HAVE_STRINGS_H 1
| #define HAVE_SYS_TYPES_H 1
| #define HAVE_SYS_STAT_H 1
| #define HAVE_SYS_SELECT_H 1
| #define HAVE_DECL_STRNLEN 1
| #define HAVE_DECL_DAEMON 1
| #define HAVE_DECL_LE16TOH 0
| #define HAVE_DECL_LE32TOH 0
| #define HAVE_DECL_LE64TOH 0
| #define HAVE_DECL_HTOLE16 0
| #define HAVE_DECL_HTOLE32 0
| #define HAVE_DECL_HTOLE64 0
| #define HAVE_DECL_BE16TOH 0
| #define HAVE_DECL_BE32TOH 0
| #define HAVE_DECL_BE64TOH 0
| #define HAVE_DECL_HTOBE16 0
| #define HAVE_DECL_HTOBE32 0
| #define HAVE_DECL_HTOBE64 0
| #define HAVE_DECL_BSWAP_16 0
| #define HAVE_DECL_BSWAP_32 0
| #define HAVE_DECL_BSWAP_64 0
| #define HAVE_DECL___BUILTIN_CLZ 0
| #define HAVE_DECL___BUILTIN_CLZL 0
| #define HAVE_DECL___BUILTIN_CLZLL 0
| /* end confdefs.h.  */
| #include <sys/socket.h>
| int
| main ()
| {
|  int f = MSG_NOSIGNAL;
|   ;
|   return 0;
| }
configure:23258: result: no
configure:23264: checking for MSG_DONTWAIT
configure:23277: g++ -std=c++11 -c -g -O2 -Wall -Wextra -Wformat -Wvla -Wformat-security -Wno-unused-parameter -Wno-self-assign -Wno-unused-local-typedef -Wno-deprecated-register -Wno-implicit-fallthrough -Wno-unknown-pragmas  -DQTUM_BUILD -DHAVE_BUILD_INFO -D__STDC_FORMAT_MACROS -I/usr/local/opt/berkeley-db@4/include -DMAC_OSX conftest.cpp >&5
conftest.cpp:57:6: warning: unused variable 'f' [-Wunused-variable]
 int f = MSG_DONTWAIT;
     ^
1 warning generated.
configure:23277: $? = 0
configure:23278: result: yes
configure:23289: checking for getmemoryinfo
configure:23302: g++ -std=c++11 -c -g -O2 -Wall -Wextra -Wformat -Wvla -Wformat-security -Wno-unused-parameter -Wno-self-assign -Wno-unused-local-typedef -Wno-deprecated-register -Wno-implicit-fallthrough -Wno-unknown-pragmas  -DQTUM_BUILD -DHAVE_BUILD_INFO -D__STDC_FORMAT_MACROS -I/usr/local/opt/berkeley-db@4/include -DMAC_OSX conftest.cpp >&5
conftest.cpp:54:10: fatal error: 'malloc.h' file not found
#include <malloc.h>
         ^~~~~~~~~~
1 error generated.
configure:23302: $? = 1
configure: failed program was:
| /* confdefs.h */
| #define PACKAGE_NAME "Qtum Core"
| #define PACKAGE_TARNAME "qtum"
| #define PACKAGE_VERSION "0.15.8"
| #define PACKAGE_STRING "Qtum Core 0.15.8"
| #define PACKAGE_BUGREPORT "https://github.com/qtumproject/qtum/issues"
| #define PACKAGE_URL "https://qtum.org/"
| #define HAVE_CXX11 1
| #define STDC_HEADERS 1
| #define HAVE_SYS_TYPES_H 1
| #define HAVE_SYS_STAT_H 1
| #define HAVE_STDLIB_H 1
| #define HAVE_STRING_H 1
| #define HAVE_MEMORY_H 1
| #define HAVE_STRINGS_H 1
| #define HAVE_INTTYPES_H 1
| #define HAVE_STDINT_H 1
| #define HAVE_UNISTD_H 1
| #define HAVE_DLFCN_H 1
| #define LT_OBJDIR ".libs/"
| #define HAVE_PTHREAD_PRIO_INHERIT 1
| #define HAVE_PTHREAD 1
| #define HAVE_DECL_STRERROR_R 1
| #define HAVE_STRERROR_R 1
| #define HAVE_STDIO_H 1
| #define HAVE_STDLIB_H 1
| #define HAVE_UNISTD_H 1
| #define HAVE_STRINGS_H 1
| #define HAVE_SYS_TYPES_H 1
| #define HAVE_SYS_STAT_H 1
| #define HAVE_SYS_SELECT_H 1
| #define HAVE_DECL_STRNLEN 1
| #define HAVE_DECL_DAEMON 1
| #define HAVE_DECL_LE16TOH 0
| #define HAVE_DECL_LE32TOH 0
| #define HAVE_DECL_LE64TOH 0
| #define HAVE_DECL_HTOLE16 0
| #define HAVE_DECL_HTOLE32 0
| #define HAVE_DECL_HTOLE64 0
| #define HAVE_DECL_BE16TOH 0
| #define HAVE_DECL_BE32TOH 0
| #define HAVE_DECL_BE64TOH 0
| #define HAVE_DECL_HTOBE16 0
| #define HAVE_DECL_HTOBE32 0
| #define HAVE_DECL_HTOBE64 0
| #define HAVE_DECL_BSWAP_16 0
| #define HAVE_DECL_BSWAP_32 0
| #define HAVE_DECL_BSWAP_64 0
| #define HAVE_DECL___BUILTIN_CLZ 0
| #define HAVE_DECL___BUILTIN_CLZL 0
| #define HAVE_DECL___BUILTIN_CLZLL 0
| #define HAVE_MSG_DONTWAIT 1
| /* end confdefs.h.  */
| #include <malloc.h>
| int
| main ()
| {
|  int f = malloc_info(0, NULL);
|   ;
|   return 0;
| }
configure:23308: result: no
configure:23314: checking for mallopt M_ARENA_MAX
configure:23327: g++ -std=c++11 -c -g -O2 -Wall -Wextra -Wformat -Wvla -Wformat-security -Wno-unused-parameter -Wno-self-assign -Wno-unused-local-typedef -Wno-deprecated-register -Wno-implicit-fallthrough -Wno-unknown-pragmas  -DQTUM_BUILD -DHAVE_BUILD_INFO -D__STDC_FORMAT_MACROS -I/usr/local/opt/berkeley-db@4/include -DMAC_OSX conftest.cpp >&5
conftest.cpp:54:10: fatal error: 'malloc.h' file not found
#include <malloc.h>
         ^~~~~~~~~~
1 error generated.
configure:23327: $? = 1
configure: failed program was:
| /* confdefs.h */
| #define PACKAGE_NAME "Qtum Core"
| #define PACKAGE_TARNAME "qtum"
| #define PACKAGE_VERSION "0.15.8"
| #define PACKAGE_STRING "Qtum Core 0.15.8"
| #define PACKAGE_BUGREPORT "https://github.com/qtumproject/qtum/issues"
| #define PACKAGE_URL "https://qtum.org/"
| #define HAVE_CXX11 1
| #define STDC_HEADERS 1
| #define HAVE_SYS_TYPES_H 1
| #define HAVE_SYS_STAT_H 1
| #define HAVE_STDLIB_H 1
| #define HAVE_STRING_H 1
| #define HAVE_MEMORY_H 1
| #define HAVE_STRINGS_H 1
| #define HAVE_INTTYPES_H 1
| #define HAVE_STDINT_H 1
| #define HAVE_UNISTD_H 1
| #define HAVE_DLFCN_H 1
| #define LT_OBJDIR ".libs/"
| #define HAVE_PTHREAD_PRIO_INHERIT 1
| #define HAVE_PTHREAD 1
| #define HAVE_DECL_STRERROR_R 1
| #define HAVE_STRERROR_R 1
| #define HAVE_STDIO_H 1
| #define HAVE_STDLIB_H 1
| #define HAVE_UNISTD_H 1
| #define HAVE_STRINGS_H 1
| #define HAVE_SYS_TYPES_H 1
| #define HAVE_SYS_STAT_H 1
| #define HAVE_SYS_SELECT_H 1
| #define HAVE_DECL_STRNLEN 1
| #define HAVE_DECL_DAEMON 1
| #define HAVE_DECL_LE16TOH 0
| #define HAVE_DECL_LE32TOH 0
| #define HAVE_DECL_LE64TOH 0
| #define HAVE_DECL_HTOLE16 0
| #define HAVE_DECL_HTOLE32 0
| #define HAVE_DECL_HTOLE64 0
| #define HAVE_DECL_BE16TOH 0
| #define HAVE_DECL_BE32TOH 0
| #define HAVE_DECL_BE64TOH 0
| #define HAVE_DECL_HTOBE16 0
| #define HAVE_DECL_HTOBE32 0
| #define HAVE_DECL_HTOBE64 0
| #define HAVE_DECL_BSWAP_16 0
| #define HAVE_DECL_BSWAP_32 0
| #define HAVE_DECL_BSWAP_64 0
| #define HAVE_DECL___BUILTIN_CLZ 0
| #define HAVE_DECL___BUILTIN_CLZL 0
| #define HAVE_DECL___BUILTIN_CLZLL 0
| #define HAVE_MSG_DONTWAIT 1
| /* end confdefs.h.  */
| #include <malloc.h>
| int
| main ()
| {
|  mallopt(M_ARENA_MAX, 1);
|   ;
|   return 0;
| }
configure:23333: result: no
configure:23339: checking for visibility attribute
configure:23348: g++ -std=c++11 -o conftest -g -O2 -Wall -Wextra -Wformat -Wvla -Wformat-security -Wno-unused-parameter -Wno-self-assign -Wno-unused-local-typedef -Wno-deprecated-register -Wno-implicit-fallthrough -Wno-unknown-pragmas  -DQTUM_BUILD -DHAVE_BUILD_INFO -D__STDC_FORMAT_MACROS -I/usr/local/opt/berkeley-db@4/include -DMAC_OSX  -Wl,-headerpad_max_install_names -Wl,-dead_strip conftest.cpp  -L/usr/local/opt/berkeley-db@4/lib >&5
configure:23348: $? = 0
configure:23353: result: yes
configure:23370: checking for Linux getrandom syscall
configure:23385: g++ -std=c++11 -c -g -O2 -Wall -Wextra -Wformat -Wvla -Wformat-security -Wno-unused-parameter -Wno-self-assign -Wno-unused-local-typedef -Wno-deprecated-register -Wno-implicit-fallthrough -Wno-unknown-pragmas  -DQTUM_BUILD -DHAVE_BUILD_INFO -D__STDC_FORMAT_MACROS -I/usr/local/opt/berkeley-db@4/include -DMAC_OSX conftest.cpp >&5
conftest.cpp:57:12: fatal error: 'linux/random.h' file not found
  #include <linux/random.h>
           ^~~~~~~~~~~~~~~~
1 error generated.
configure:23385: $? = 1
configure: failed program was:
| /* confdefs.h */
| #define PACKAGE_NAME "Qtum Core"
| #define PACKAGE_TARNAME "qtum"
| #define PACKAGE_VERSION "0.15.8"
| #define PACKAGE_STRING "Qtum Core 0.15.8"
| #define PACKAGE_BUGREPORT "https://github.com/qtumproject/qtum/issues"
| #define PACKAGE_URL "https://qtum.org/"
| #define HAVE_CXX11 1
| #define STDC_HEADERS 1
| #define HAVE_SYS_TYPES_H 1
| #define HAVE_SYS_STAT_H 1
| #define HAVE_STDLIB_H 1
| #define HAVE_STRING_H 1
| #define HAVE_MEMORY_H 1
| #define HAVE_STRINGS_H 1
| #define HAVE_INTTYPES_H 1
| #define HAVE_STDINT_H 1
| #define HAVE_UNISTD_H 1
| #define HAVE_DLFCN_H 1
| #define LT_OBJDIR ".libs/"
| #define HAVE_PTHREAD_PRIO_INHERIT 1
| #define HAVE_PTHREAD 1
| #define HAVE_DECL_STRERROR_R 1
| #define HAVE_STRERROR_R 1
| #define HAVE_STDIO_H 1
| #define HAVE_STDLIB_H 1
| #define HAVE_UNISTD_H 1
| #define HAVE_STRINGS_H 1
| #define HAVE_SYS_TYPES_H 1
| #define HAVE_SYS_STAT_H 1
| #define HAVE_SYS_SELECT_H 1
| #define HAVE_DECL_STRNLEN 1
| #define HAVE_DECL_DAEMON 1
| #define HAVE_DECL_LE16TOH 0
| #define HAVE_DECL_LE32TOH 0
| #define HAVE_DECL_LE64TOH 0
| #define HAVE_DECL_HTOLE16 0
| #define HAVE_DECL_HTOLE32 0
| #define HAVE_DECL_HTOLE64 0
| #define HAVE_DECL_BE16TOH 0
| #define HAVE_DECL_BE32TOH 0
| #define HAVE_DECL_BE64TOH 0
| #define HAVE_DECL_HTOBE16 0
| #define HAVE_DECL_HTOBE32 0
| #define HAVE_DECL_HTOBE64 0
| #define HAVE_DECL_BSWAP_16 0
| #define HAVE_DECL_BSWAP_32 0
| #define HAVE_DECL_BSWAP_64 0
| #define HAVE_DECL___BUILTIN_CLZ 0
| #define HAVE_DECL___BUILTIN_CLZL 0
| #define HAVE_DECL___BUILTIN_CLZLL 0
| #define HAVE_MSG_DONTWAIT 1
| #define HAVE_VISIBILITY_ATTRIBUTE 1
| /* end confdefs.h.  */
| #include <unistd.h>
|   #include <sys/syscall.h>
|   #include <linux/random.h>
| int
| main ()
| {
|  syscall(SYS_getrandom, nullptr, 32, 0);
|   ;
|   return 0;
| }
configure:23391: result: no
configure:23397: checking for getentropy
configure:23410: g++ -std=c++11 -c -g -O2 -Wall -Wextra -Wformat -Wvla -Wformat-security -Wno-unused-parameter -Wno-self-assign -Wno-unused-local-typedef -Wno-deprecated-register -Wno-implicit-fallthrough -Wno-unknown-pragmas  -DQTUM_BUILD -DHAVE_BUILD_INFO -D__STDC_FORMAT_MACROS -I/usr/local/opt/berkeley-db@4/include -DMAC_OSX conftest.cpp >&5
conftest.cpp:59:2: error: use of undeclared identifier 'getentropy'
 getentropy(nullptr, 32)
 ^
1 error generated.
configure:23410: $? = 1
configure: failed program was:
| /* confdefs.h */
| #define PACKAGE_NAME "Qtum Core"
| #define PACKAGE_TARNAME "qtum"
| #define PACKAGE_VERSION "0.15.8"
| #define PACKAGE_STRING "Qtum Core 0.15.8"
| #define PACKAGE_BUGREPORT "https://github.com/qtumproject/qtum/issues"
| #define PACKAGE_URL "https://qtum.org/"
| #define HAVE_CXX11 1
| #define STDC_HEADERS 1
| #define HAVE_SYS_TYPES_H 1
| #define HAVE_SYS_STAT_H 1
| #define HAVE_STDLIB_H 1
| #define HAVE_STRING_H 1
| #define HAVE_MEMORY_H 1
| #define HAVE_STRINGS_H 1
| #define HAVE_INTTYPES_H 1
| #define HAVE_STDINT_H 1
| #define HAVE_UNISTD_H 1
| #define HAVE_DLFCN_H 1
| #define LT_OBJDIR ".libs/"
| #define HAVE_PTHREAD_PRIO_INHERIT 1
| #define HAVE_PTHREAD 1
| #define HAVE_DECL_STRERROR_R 1
| #define HAVE_STRERROR_R 1
| #define HAVE_STDIO_H 1
| #define HAVE_STDLIB_H 1
| #define HAVE_UNISTD_H 1
| #define HAVE_STRINGS_H 1
| #define HAVE_SYS_TYPES_H 1
| #define HAVE_SYS_STAT_H 1
| #define HAVE_SYS_SELECT_H 1
| #define HAVE_DECL_STRNLEN 1
| #define HAVE_DECL_DAEMON 1
| #define HAVE_DECL_LE16TOH 0
| #define HAVE_DECL_LE32TOH 0
| #define HAVE_DECL_LE64TOH 0
| #define HAVE_DECL_HTOLE16 0
| #define HAVE_DECL_HTOLE32 0
| #define HAVE_DECL_HTOLE64 0
| #define HAVE_DECL_BE16TOH 0
| #define HAVE_DECL_BE32TOH 0
| #define HAVE_DECL_BE64TOH 0
| #define HAVE_DECL_HTOBE16 0
| #define HAVE_DECL_HTOBE32 0
| #define HAVE_DECL_HTOBE64 0
| #define HAVE_DECL_BSWAP_16 0
| #define HAVE_DECL_BSWAP_32 0
| #define HAVE_DECL_BSWAP_64 0
| #define HAVE_DECL___BUILTIN_CLZ 0
| #define HAVE_DECL___BUILTIN_CLZL 0
| #define HAVE_DECL___BUILTIN_CLZLL 0
| #define HAVE_MSG_DONTWAIT 1
| #define HAVE_VISIBILITY_ATTRIBUTE 1
| /* end confdefs.h.  */
| #include <unistd.h>
| int
| main ()
| {
|  getentropy(nullptr, 32)
|   ;
|   return 0;
| }
configure:23416: result: no
configure:23422: checking for getentropy via random.h
configure:23436: g++ -std=c++11 -c -g -O2 -Wall -Wextra -Wformat -Wvla -Wformat-security -Wno-unused-parameter -Wno-self-assign -Wno-unused-local-typedef -Wno-deprecated-register -Wno-implicit-fallthrough -Wno-unknown-pragmas  -DQTUM_BUILD -DHAVE_BUILD_INFO -D__STDC_FORMAT_MACROS -I/usr/local/opt/berkeley-db@4/include -DMAC_OSX conftest.cpp >&5
configure:23436: $? = 0
configure:23437: result: yes
configure:23448: checking for sysctl KERN_ARND
configure:23463: g++ -std=c++11 -c -g -O2 -Wall -Wextra -Wformat -Wvla -Wformat-security -Wno-unused-parameter -Wno-self-assign -Wno-unused-local-typedef -Wno-deprecated-register -Wno-implicit-fallthrough -Wno-unknown-pragmas  -DQTUM_BUILD -DHAVE_BUILD_INFO -D__STDC_FORMAT_MACROS -I/usr/local/opt/berkeley-db@4/include -DMAC_OSX conftest.cpp >&5
conftest.cpp:61:40: error: use of undeclared identifier 'KERN_ARND'
 static const int name[2] = {CTL_KERN, KERN_ARND};
                                       ^
conftest.cpp:62:5: error: no matching function for call to 'sysctl'
    sysctl(name, 2, nullptr, nullptr, nullptr, 0);
    ^~~~~~
/usr/include/sys/sysctl.h:759:5: note: candidate function not viable: no known conversion from 'const int [2]' to 'int *' for 1st argument
int     sysctl(int *, u_int, void *, size_t *, void *, size_t);
        ^
2 errors generated.
configure:23463: $? = 1
configure: failed program was:
| /* confdefs.h */
| #define PACKAGE_NAME "Qtum Core"
| #define PACKAGE_TARNAME "qtum"
| #define PACKAGE_VERSION "0.15.8"
| #define PACKAGE_STRING "Qtum Core 0.15.8"
| #define PACKAGE_BUGREPORT "https://github.com/qtumproject/qtum/issues"
| #define PACKAGE_URL "https://qtum.org/"
| #define HAVE_CXX11 1
| #define STDC_HEADERS 1
| #define HAVE_SYS_TYPES_H 1
| #define HAVE_SYS_STAT_H 1
| #define HAVE_STDLIB_H 1
| #define HAVE_STRING_H 1
| #define HAVE_MEMORY_H 1
| #define HAVE_STRINGS_H 1
| #define HAVE_INTTYPES_H 1
| #define HAVE_STDINT_H 1
| #define HAVE_UNISTD_H 1
| #define HAVE_DLFCN_H 1
| #define LT_OBJDIR ".libs/"
| #define HAVE_PTHREAD_PRIO_INHERIT 1
| #define HAVE_PTHREAD 1
| #define HAVE_DECL_STRERROR_R 1
| #define HAVE_STRERROR_R 1
| #define HAVE_STDIO_H 1
| #define HAVE_STDLIB_H 1
| #define HAVE_UNISTD_H 1
| #define HAVE_STRINGS_H 1
| #define HAVE_SYS_TYPES_H 1
| #define HAVE_SYS_STAT_H 1
| #define HAVE_SYS_SELECT_H 1
| #define HAVE_DECL_STRNLEN 1
| #define HAVE_DECL_DAEMON 1
| #define HAVE_DECL_LE16TOH 0
| #define HAVE_DECL_LE32TOH 0
| #define HAVE_DECL_LE64TOH 0
| #define HAVE_DECL_HTOLE16 0
| #define HAVE_DECL_HTOLE32 0
| #define HAVE_DECL_HTOLE64 0
| #define HAVE_DECL_BE16TOH 0
| #define HAVE_DECL_BE32TOH 0
| #define HAVE_DECL_BE64TOH 0
| #define HAVE_DECL_HTOBE16 0
| #define HAVE_DECL_HTOBE32 0
| #define HAVE_DECL_HTOBE64 0
| #define HAVE_DECL_BSWAP_16 0
| #define HAVE_DECL_BSWAP_32 0
| #define HAVE_DECL_BSWAP_64 0
| #define HAVE_DECL___BUILTIN_CLZ 0
| #define HAVE_DECL___BUILTIN_CLZL 0
| #define HAVE_DECL___BUILTIN_CLZLL 0
| #define HAVE_MSG_DONTWAIT 1
| #define HAVE_VISIBILITY_ATTRIBUTE 1
| #define HAVE_GETENTROPY_RAND 1
| /* end confdefs.h.  */
| #include <sys/types.h>
|   #include <sys/sysctl.h>
| int
| main ()
| {
|  static const int name[2] = {CTL_KERN, KERN_ARND};
|     sysctl(name, 2, nullptr, nullptr, nullptr, 0);
|   ;
|   return 0;
| }
configure:23469: result: no
configure:23550: checking for Berkeley DB C++ headers
configure:23580: g++ -std=c++11 -c -g -O2 -Wall -Wextra -Wformat -Wvla -Wformat-security -Wno-unused-parameter -Wno-self-assign -Wno-unused-local-typedef -Wno-deprecated-register -Wno-implicit-fallthrough -Wno-unknown-pragmas  -DQTUM_BUILD -DHAVE_BUILD_INFO -D__STDC_FORMAT_MACROS -I/usr/local/opt/berkeley-db@4/include -DMAC_OSX conftest.cpp >&5
conftest.cpp:57:18: fatal error: 'bdb4.8/db_cxx.h' file not found
        #include <bdb4.8/db_cxx.h>
                 ^~~~~~~~~~~~~~~~~
1 error generated.
configure:23580: $? = 1
configure: failed program was:
| /* confdefs.h */
| #define PACKAGE_NAME "Qtum Core"
| #define PACKAGE_TARNAME "qtum"
| #define PACKAGE_VERSION "0.15.8"
| #define PACKAGE_STRING "Qtum Core 0.15.8"
| #define PACKAGE_BUGREPORT "https://github.com/qtumproject/qtum/issues"
| #define PACKAGE_URL "https://qtum.org/"
| #define HAVE_CXX11 1
| #define STDC_HEADERS 1
| #define HAVE_SYS_TYPES_H 1
| #define HAVE_SYS_STAT_H 1
| #define HAVE_STDLIB_H 1
| #define HAVE_STRING_H 1
| #define HAVE_MEMORY_H 1
| #define HAVE_STRINGS_H 1
| #define HAVE_INTTYPES_H 1
| #define HAVE_STDINT_H 1
| #define HAVE_UNISTD_H 1
| #define HAVE_DLFCN_H 1
| #define LT_OBJDIR ".libs/"
| #define HAVE_PTHREAD_PRIO_INHERIT 1
| #define HAVE_PTHREAD 1
| #define HAVE_DECL_STRERROR_R 1
| #define HAVE_STRERROR_R 1
| #define HAVE_STDIO_H 1
| #define HAVE_STDLIB_H 1
| #define HAVE_UNISTD_H 1
| #define HAVE_STRINGS_H 1
| #define HAVE_SYS_TYPES_H 1
| #define HAVE_SYS_STAT_H 1
| #define HAVE_SYS_SELECT_H 1
| #define HAVE_DECL_STRNLEN 1
| #define HAVE_DECL_DAEMON 1
| #define HAVE_DECL_LE16TOH 0
| #define HAVE_DECL_LE32TOH 0
| #define HAVE_DECL_LE64TOH 0
| #define HAVE_DECL_HTOLE16 0
| #define HAVE_DECL_HTOLE32 0
| #define HAVE_DECL_HTOLE64 0
| #define HAVE_DECL_BE16TOH 0
| #define HAVE_DECL_BE32TOH 0
| #define HAVE_DECL_BE64TOH 0
| #define HAVE_DECL_HTOBE16 0
| #define HAVE_DECL_HTOBE32 0
| #define HAVE_DECL_HTOBE64 0
| #define HAVE_DECL_BSWAP_16 0
| #define HAVE_DECL_BSWAP_32 0
| #define HAVE_DECL_BSWAP_64 0
| #define HAVE_DECL___BUILTIN_CLZ 0
| #define HAVE_DECL___BUILTIN_CLZL 0
| #define HAVE_DECL___BUILTIN_CLZLL 0
| #define HAVE_MSG_DONTWAIT 1
| #define HAVE_VISIBILITY_ATTRIBUTE 1
| #define HAVE_GETENTROPY_RAND 1
| /* end confdefs.h.  */
| 
|         #include <bdb4.8/db_cxx.h>
| 
| int
| main ()
| {
| 
|         #if !((DB_VERSION_MAJOR == 4 && DB_VERSION_MINOR >= 8) || DB_VERSION_MAJOR > 4)
|           #error "failed to find bdb 4.8+"
|         #endif
| 
|   ;
|   return 0;
| }
configure:23580: g++ -std=c++11 -c -g -O2 -Wall -Wextra -Wformat -Wvla -Wformat-security -Wno-unused-parameter -Wno-self-assign -Wno-unused-local-typedef -Wno-deprecated-register -Wno-implicit-fallthrough -Wno-unknown-pragmas  -DQTUM_BUILD -DHAVE_BUILD_INFO -D__STDC_FORMAT_MACROS -I/usr/local/opt/berkeley-db@4/include -DMAC_OSX conftest.cpp >&5
conftest.cpp:57:18: fatal error: 'libdb4.8/db_cxx.h' file not found
        #include <libdb4.8/db_cxx.h>
                 ^~~~~~~~~~~~~~~~~~~
1 error generated.
configure:23580: $? = 1
configure: failed program was:
| /* confdefs.h */
| #define PACKAGE_NAME "Qtum Core"
| #define PACKAGE_TARNAME "qtum"
| #define PACKAGE_VERSION "0.15.8"
| #define PACKAGE_STRING "Qtum Core 0.15.8"
| #define PACKAGE_BUGREPORT "https://github.com/qtumproject/qtum/issues"
| #define PACKAGE_URL "https://qtum.org/"
| #define HAVE_CXX11 1
| #define STDC_HEADERS 1
| #define HAVE_SYS_TYPES_H 1
| #define HAVE_SYS_STAT_H 1
| #define HAVE_STDLIB_H 1
| #define HAVE_STRING_H 1
| #define HAVE_MEMORY_H 1
| #define HAVE_STRINGS_H 1
| #define HAVE_INTTYPES_H 1
| #define HAVE_STDINT_H 1
| #define HAVE_UNISTD_H 1
| #define HAVE_DLFCN_H 1
| #define LT_OBJDIR ".libs/"
| #define HAVE_PTHREAD_PRIO_INHERIT 1
| #define HAVE_PTHREAD 1
| #define HAVE_DECL_STRERROR_R 1
| #define HAVE_STRERROR_R 1
| #define HAVE_STDIO_H 1
| #define HAVE_STDLIB_H 1
| #define HAVE_UNISTD_H 1
| #define HAVE_STRINGS_H 1
| #define HAVE_SYS_TYPES_H 1
| #define HAVE_SYS_STAT_H 1
| #define HAVE_SYS_SELECT_H 1
| #define HAVE_DECL_STRNLEN 1
| #define HAVE_DECL_DAEMON 1
| #define HAVE_DECL_LE16TOH 0
| #define HAVE_DECL_LE32TOH 0
| #define HAVE_DECL_LE64TOH 0
| #define HAVE_DECL_HTOLE16 0
| #define HAVE_DECL_HTOLE32 0
| #define HAVE_DECL_HTOLE64 0
| #define HAVE_DECL_BE16TOH 0
| #define HAVE_DECL_BE32TOH 0
| #define HAVE_DECL_BE64TOH 0
| #define HAVE_DECL_HTOBE16 0
| #define HAVE_DECL_HTOBE32 0
| #define HAVE_DECL_HTOBE64 0
| #define HAVE_DECL_BSWAP_16 0
| #define HAVE_DECL_BSWAP_32 0
| #define HAVE_DECL_BSWAP_64 0
| #define HAVE_DECL___BUILTIN_CLZ 0
| #define HAVE_DECL___BUILTIN_CLZL 0
| #define HAVE_DECL___BUILTIN_CLZLL 0
| #define HAVE_MSG_DONTWAIT 1
| #define HAVE_VISIBILITY_ATTRIBUTE 1
| #define HAVE_GETENTROPY_RAND 1
| /* end confdefs.h.  */
| 
|         #include <libdb4.8/db_cxx.h>
| 
| int
| main ()
| {
| 
|         #if !((DB_VERSION_MAJOR == 4 && DB_VERSION_MINOR >= 8) || DB_VERSION_MAJOR > 4)
|           #error "failed to find bdb 4.8+"
|         #endif
| 
|   ;
|   return 0;
| }
configure:23580: g++ -std=c++11 -c -g -O2 -Wall -Wextra -Wformat -Wvla -Wformat-security -Wno-unused-parameter -Wno-self-assign -Wno-unused-local-typedef -Wno-deprecated-register -Wno-implicit-fallthrough -Wno-unknown-pragmas  -DQTUM_BUILD -DHAVE_BUILD_INFO -D__STDC_FORMAT_MACROS -I/usr/local/opt/berkeley-db@4/include -DMAC_OSX conftest.cpp >&5
conftest.cpp:57:18: fatal error: 'db4.8/db_cxx.h' file not found
        #include <db4.8/db_cxx.h>
                 ^~~~~~~~~~~~~~~~
1 error generated.
configure:23580: $? = 1
configure: failed program was:
| /* confdefs.h */
| #define PACKAGE_NAME "Qtum Core"
| #define PACKAGE_TARNAME "qtum"
| #define PACKAGE_VERSION "0.15.8"
| #define PACKAGE_STRING "Qtum Core 0.15.8"
| #define PACKAGE_BUGREPORT "https://github.com/qtumproject/qtum/issues"
| #define PACKAGE_URL "https://qtum.org/"
| #define HAVE_CXX11 1
| #define STDC_HEADERS 1
| #define HAVE_SYS_TYPES_H 1
| #define HAVE_SYS_STAT_H 1
| #define HAVE_STDLIB_H 1
| #define HAVE_STRING_H 1
| #define HAVE_MEMORY_H 1
| #define HAVE_STRINGS_H 1
| #define HAVE_INTTYPES_H 1
| #define HAVE_STDINT_H 1
| #define HAVE_UNISTD_H 1
| #define HAVE_DLFCN_H 1
| #define LT_OBJDIR ".libs/"
| #define HAVE_PTHREAD_PRIO_INHERIT 1
| #define HAVE_PTHREAD 1
| #define HAVE_DECL_STRERROR_R 1
| #define HAVE_STRERROR_R 1
| #define HAVE_STDIO_H 1
| #define HAVE_STDLIB_H 1
| #define HAVE_UNISTD_H 1
| #define HAVE_STRINGS_H 1
| #define HAVE_SYS_TYPES_H 1
| #define HAVE_SYS_STAT_H 1
| #define HAVE_SYS_SELECT_H 1
| #define HAVE_DECL_STRNLEN 1
| #define HAVE_DECL_DAEMON 1
| #define HAVE_DECL_LE16TOH 0
| #define HAVE_DECL_LE32TOH 0
| #define HAVE_DECL_LE64TOH 0
| #define HAVE_DECL_HTOLE16 0
| #define HAVE_DECL_HTOLE32 0
| #define HAVE_DECL_HTOLE64 0
| #define HAVE_DECL_BE16TOH 0
| #define HAVE_DECL_BE32TOH 0
| #define HAVE_DECL_BE64TOH 0
| #define HAVE_DECL_HTOBE16 0
| #define HAVE_DECL_HTOBE32 0
| #define HAVE_DECL_HTOBE64 0
| #define HAVE_DECL_BSWAP_16 0
| #define HAVE_DECL_BSWAP_32 0
| #define HAVE_DECL_BSWAP_64 0
| #define HAVE_DECL___BUILTIN_CLZ 0
| #define HAVE_DECL___BUILTIN_CLZL 0
| #define HAVE_DECL___BUILTIN_CLZLL 0
| #define HAVE_MSG_DONTWAIT 1
| #define HAVE_VISIBILITY_ATTRIBUTE 1
| #define HAVE_GETENTROPY_RAND 1
| /* end confdefs.h.  */
| 
|         #include <db4.8/db_cxx.h>
| 
| int
| main ()
| {
| 
|         #if !((DB_VERSION_MAJOR == 4 && DB_VERSION_MINOR >= 8) || DB_VERSION_MAJOR > 4)
|           #error "failed to find bdb 4.8+"
|         #endif
| 
|   ;
|   return 0;
| }
configure:23580: g++ -std=c++11 -c -g -O2 -Wall -Wextra -Wformat -Wvla -Wformat-security -Wno-unused-parameter -Wno-self-assign -Wno-unused-local-typedef -Wno-deprecated-register -Wno-implicit-fallthrough -Wno-unknown-pragmas  -DQTUM_BUILD -DHAVE_BUILD_INFO -D__STDC_FORMAT_MACROS -I/usr/local/opt/berkeley-db@4/include -DMAC_OSX conftest.cpp >&5
conftest.cpp:57:18: fatal error: 'bdb48/db_cxx.h' file not found
        #include <bdb48/db_cxx.h>
                 ^~~~~~~~~~~~~~~~
1 error generated.
configure:23580: $? = 1
configure: failed program was:
| /* confdefs.h */
| #define PACKAGE_NAME "Qtum Core"
| #define PACKAGE_TARNAME "qtum"
| #define PACKAGE_VERSION "0.15.8"
| #define PACKAGE_STRING "Qtum Core 0.15.8"
| #define PACKAGE_BUGREPORT "https://github.com/qtumproject/qtum/issues"
| #define PACKAGE_URL "https://qtum.org/"
| #define HAVE_CXX11 1
| #define STDC_HEADERS 1
| #define HAVE_SYS_TYPES_H 1
| #define HAVE_SYS_STAT_H 1
| #define HAVE_STDLIB_H 1
| #define HAVE_STRING_H 1
| #define HAVE_MEMORY_H 1
| #define HAVE_STRINGS_H 1
| #define HAVE_INTTYPES_H 1
| #define HAVE_STDINT_H 1
| #define HAVE_UNISTD_H 1
| #define HAVE_DLFCN_H 1
| #define LT_OBJDIR ".libs/"
| #define HAVE_PTHREAD_PRIO_INHERIT 1
| #define HAVE_PTHREAD 1
| #define HAVE_DECL_STRERROR_R 1
| #define HAVE_STRERROR_R 1
| #define HAVE_STDIO_H 1
| #define HAVE_STDLIB_H 1
| #define HAVE_UNISTD_H 1
| #define HAVE_STRINGS_H 1
| #define HAVE_SYS_TYPES_H 1
| #define HAVE_SYS_STAT_H 1
| #define HAVE_SYS_SELECT_H 1
| #define HAVE_DECL_STRNLEN 1
| #define HAVE_DECL_DAEMON 1
| #define HAVE_DECL_LE16TOH 0
| #define HAVE_DECL_LE32TOH 0
| #define HAVE_DECL_LE64TOH 0
| #define HAVE_DECL_HTOLE16 0
| #define HAVE_DECL_HTOLE32 0
| #define HAVE_DECL_HTOLE64 0
| #define HAVE_DECL_BE16TOH 0
| #define HAVE_DECL_BE32TOH 0
| #define HAVE_DECL_BE64TOH 0
| #define HAVE_DECL_HTOBE16 0
| #define HAVE_DECL_HTOBE32 0
| #define HAVE_DECL_HTOBE64 0
| #define HAVE_DECL_BSWAP_16 0
| #define HAVE_DECL_BSWAP_32 0
| #define HAVE_DECL_BSWAP_64 0
| #define HAVE_DECL___BUILTIN_CLZ 0
| #define HAVE_DECL___BUILTIN_CLZL 0
| #define HAVE_DECL___BUILTIN_CLZLL 0
| #define HAVE_MSG_DONTWAIT 1
| #define HAVE_VISIBILITY_ATTRIBUTE 1
| #define HAVE_GETENTROPY_RAND 1
| /* end confdefs.h.  */
| 
|         #include <bdb48/db_cxx.h>
| 
| int
| main ()
| {
| 
|         #if !((DB_VERSION_MAJOR == 4 && DB_VERSION_MINOR >= 8) || DB_VERSION_MAJOR > 4)
|           #error "failed to find bdb 4.8+"
|         #endif
| 
|   ;
|   return 0;
| }
configure:23580: g++ -std=c++11 -c -g -O2 -Wall -Wextra -Wformat -Wvla -Wformat-security -Wno-unused-parameter -Wno-self-assign -Wno-unused-local-typedef -Wno-deprecated-register -Wno-implicit-fallthrough -Wno-unknown-pragmas  -DQTUM_BUILD -DHAVE_BUILD_INFO -D__STDC_FORMAT_MACROS -I/usr/local/opt/berkeley-db@4/include -DMAC_OSX conftest.cpp >&5
conftest.cpp:57:18: fatal error: 'libdb48/db_cxx.h' file not found
        #include <libdb48/db_cxx.h>
                 ^~~~~~~~~~~~~~~~~~
1 error generated.
configure:23580: $? = 1
configure: failed program was:
| /* confdefs.h */
| #define PACKAGE_NAME "Qtum Core"
| #define PACKAGE_TARNAME "qtum"
| #define PACKAGE_VERSION "0.15.8"
| #define PACKAGE_STRING "Qtum Core 0.15.8"
| #define PACKAGE_BUGREPORT "https://github.com/qtumproject/qtum/issues"
| #define PACKAGE_URL "https://qtum.org/"
| #define HAVE_CXX11 1
| #define STDC_HEADERS 1
| #define HAVE_SYS_TYPES_H 1
| #define HAVE_SYS_STAT_H 1
| #define HAVE_STDLIB_H 1
| #define HAVE_STRING_H 1
| #define HAVE_MEMORY_H 1
| #define HAVE_STRINGS_H 1
| #define HAVE_INTTYPES_H 1
| #define HAVE_STDINT_H 1
| #define HAVE_UNISTD_H 1
| #define HAVE_DLFCN_H 1
| #define LT_OBJDIR ".libs/"
| #define HAVE_PTHREAD_PRIO_INHERIT 1
| #define HAVE_PTHREAD 1
| #define HAVE_DECL_STRERROR_R 1
| #define HAVE_STRERROR_R 1
| #define HAVE_STDIO_H 1
| #define HAVE_STDLIB_H 1
| #define HAVE_UNISTD_H 1
| #define HAVE_STRINGS_H 1
| #define HAVE_SYS_TYPES_H 1
| #define HAVE_SYS_STAT_H 1
| #define HAVE_SYS_SELECT_H 1
| #define HAVE_DECL_STRNLEN 1
| #define HAVE_DECL_DAEMON 1
| #define HAVE_DECL_LE16TOH 0
| #define HAVE_DECL_LE32TOH 0
| #define HAVE_DECL_LE64TOH 0
| #define HAVE_DECL_HTOLE16 0
| #define HAVE_DECL_HTOLE32 0
| #define HAVE_DECL_HTOLE64 0
| #define HAVE_DECL_BE16TOH 0
| #define HAVE_DECL_BE32TOH 0
| #define HAVE_DECL_BE64TOH 0
| #define HAVE_DECL_HTOBE16 0
| #define HAVE_DECL_HTOBE32 0
| #define HAVE_DECL_HTOBE64 0
| #define HAVE_DECL_BSWAP_16 0
| #define HAVE_DECL_BSWAP_32 0
| #define HAVE_DECL_BSWAP_64 0
| #define HAVE_DECL___BUILTIN_CLZ 0
| #define HAVE_DECL___BUILTIN_CLZL 0
| #define HAVE_DECL___BUILTIN_CLZLL 0
| #define HAVE_MSG_DONTWAIT 1
| #define HAVE_VISIBILITY_ATTRIBUTE 1
| #define HAVE_GETENTROPY_RAND 1
| /* end confdefs.h.  */
| 
|         #include <libdb48/db_cxx.h>
| 
| int
| main ()
| {
| 
|         #if !((DB_VERSION_MAJOR == 4 && DB_VERSION_MINOR >= 8) || DB_VERSION_MAJOR > 4)
|           #error "failed to find bdb 4.8+"
|         #endif
| 
|   ;
|   return 0;
| }
configure:23580: g++ -std=c++11 -c -g -O2 -Wall -Wextra -Wformat -Wvla -Wformat-security -Wno-unused-parameter -Wno-self-assign -Wno-unused-local-typedef -Wno-deprecated-register -Wno-implicit-fallthrough -Wno-unknown-pragmas  -DQTUM_BUILD -DHAVE_BUILD_INFO -D__STDC_FORMAT_MACROS -I/usr/local/opt/berkeley-db@4/include -DMAC_OSX conftest.cpp >&5
conftest.cpp:57:18: fatal error: 'db48/db_cxx.h' file not found
        #include <db48/db_cxx.h>
                 ^~~~~~~~~~~~~~~
1 error generated.
configure:23580: $? = 1
configure: failed program was:
| /* confdefs.h */
| #define PACKAGE_NAME "Qtum Core"
| #define PACKAGE_TARNAME "qtum"
| #define PACKAGE_VERSION "0.15.8"
| #define PACKAGE_STRING "Qtum Core 0.15.8"
| #define PACKAGE_BUGREPORT "https://github.com/qtumproject/qtum/issues"
| #define PACKAGE_URL "https://qtum.org/"
| #define HAVE_CXX11 1
| #define STDC_HEADERS 1
| #define HAVE_SYS_TYPES_H 1
| #define HAVE_SYS_STAT_H 1
| #define HAVE_STDLIB_H 1
| #define HAVE_STRING_H 1
| #define HAVE_MEMORY_H 1
| #define HAVE_STRINGS_H 1
| #define HAVE_INTTYPES_H 1
| #define HAVE_STDINT_H 1
| #define HAVE_UNISTD_H 1
| #define HAVE_DLFCN_H 1
| #define LT_OBJDIR ".libs/"
| #define HAVE_PTHREAD_PRIO_INHERIT 1
| #define HAVE_PTHREAD 1
| #define HAVE_DECL_STRERROR_R 1
| #define HAVE_STRERROR_R 1
| #define HAVE_STDIO_H 1
| #define HAVE_STDLIB_H 1
| #define HAVE_UNISTD_H 1
| #define HAVE_STRINGS_H 1
| #define HAVE_SYS_TYPES_H 1
| #define HAVE_SYS_STAT_H 1
| #define HAVE_SYS_SELECT_H 1
| #define HAVE_DECL_STRNLEN 1
| #define HAVE_DECL_DAEMON 1
| #define HAVE_DECL_LE16TOH 0
| #define HAVE_DECL_LE32TOH 0
| #define HAVE_DECL_LE64TOH 0
| #define HAVE_DECL_HTOLE16 0
| #define HAVE_DECL_HTOLE32 0
| #define HAVE_DECL_HTOLE64 0
| #define HAVE_DECL_BE16TOH 0
| #define HAVE_DECL_BE32TOH 0
| #define HAVE_DECL_BE64TOH 0
| #define HAVE_DECL_HTOBE16 0
| #define HAVE_DECL_HTOBE32 0
| #define HAVE_DECL_HTOBE64 0
| #define HAVE_DECL_BSWAP_16 0
| #define HAVE_DECL_BSWAP_32 0
| #define HAVE_DECL_BSWAP_64 0
| #define HAVE_DECL___BUILTIN_CLZ 0
| #define HAVE_DECL___BUILTIN_CLZL 0
| #define HAVE_DECL___BUILTIN_CLZLL 0
| #define HAVE_MSG_DONTWAIT 1
| #define HAVE_VISIBILITY_ATTRIBUTE 1
| #define HAVE_GETENTROPY_RAND 1
| /* end confdefs.h.  */
| 
|         #include <db48/db_cxx.h>
| 
| int
| main ()
| {
| 
|         #if !((DB_VERSION_MAJOR == 4 && DB_VERSION_MINOR >= 8) || DB_VERSION_MAJOR > 4)
|           #error "failed to find bdb 4.8+"
|         #endif
| 
|   ;
|   return 0;
| }
configure:23580: g++ -std=c++11 -c -g -O2 -Wall -Wextra -Wformat -Wvla -Wformat-security -Wno-unused-parameter -Wno-self-assign -Wno-unused-local-typedef -Wno-deprecated-register -Wno-implicit-fallthrough -Wno-unknown-pragmas  -DQTUM_BUILD -DHAVE_BUILD_INFO -D__STDC_FORMAT_MACROS -I/usr/local/opt/berkeley-db@4/include -DMAC_OSX conftest.cpp >&5
conftest.cpp:57:18: fatal error: 'bdb4/db_cxx.h' file not found
        #include <bdb4/db_cxx.h>
                 ^~~~~~~~~~~~~~~
1 error generated.
configure:23580: $? = 1
configure: failed program was:
| /* confdefs.h */
| #define PACKAGE_NAME "Qtum Core"
| #define PACKAGE_TARNAME "qtum"
| #define PACKAGE_VERSION "0.15.8"
| #define PACKAGE_STRING "Qtum Core 0.15.8"
| #define PACKAGE_BUGREPORT "https://github.com/qtumproject/qtum/issues"
| #define PACKAGE_URL "https://qtum.org/"
| #define HAVE_CXX11 1
| #define STDC_HEADERS 1
| #define HAVE_SYS_TYPES_H 1
| #define HAVE_SYS_STAT_H 1
| #define HAVE_STDLIB_H 1
| #define HAVE_STRING_H 1
| #define HAVE_MEMORY_H 1
| #define HAVE_STRINGS_H 1
| #define HAVE_INTTYPES_H 1
| #define HAVE_STDINT_H 1
| #define HAVE_UNISTD_H 1
| #define HAVE_DLFCN_H 1
| #define LT_OBJDIR ".libs/"
| #define HAVE_PTHREAD_PRIO_INHERIT 1
| #define HAVE_PTHREAD 1
| #define HAVE_DECL_STRERROR_R 1
| #define HAVE_STRERROR_R 1
| #define HAVE_STDIO_H 1
| #define HAVE_STDLIB_H 1
| #define HAVE_UNISTD_H 1
| #define HAVE_STRINGS_H 1
| #define HAVE_SYS_TYPES_H 1
| #define HAVE_SYS_STAT_H 1
| #define HAVE_SYS_SELECT_H 1
| #define HAVE_DECL_STRNLEN 1
| #define HAVE_DECL_DAEMON 1
| #define HAVE_DECL_LE16TOH 0
| #define HAVE_DECL_LE32TOH 0
| #define HAVE_DECL_LE64TOH 0
| #define HAVE_DECL_HTOLE16 0
| #define HAVE_DECL_HTOLE32 0
| #define HAVE_DECL_HTOLE64 0
| #define HAVE_DECL_BE16TOH 0
| #define HAVE_DECL_BE32TOH 0
| #define HAVE_DECL_BE64TOH 0
| #define HAVE_DECL_HTOBE16 0
| #define HAVE_DECL_HTOBE32 0
| #define HAVE_DECL_HTOBE64 0
| #define HAVE_DECL_BSWAP_16 0
| #define HAVE_DECL_BSWAP_32 0
| #define HAVE_DECL_BSWAP_64 0
| #define HAVE_DECL___BUILTIN_CLZ 0
| #define HAVE_DECL___BUILTIN_CLZL 0
| #define HAVE_DECL___BUILTIN_CLZLL 0
| #define HAVE_MSG_DONTWAIT 1
| #define HAVE_VISIBILITY_ATTRIBUTE 1
| #define HAVE_GETENTROPY_RAND 1
| /* end confdefs.h.  */
| 
|         #include <bdb4/db_cxx.h>
| 
| int
| main ()
| {
| 
|         #if !((DB_VERSION_MAJOR == 4 && DB_VERSION_MINOR >= 8) || DB_VERSION_MAJOR > 4)
|           #error "failed to find bdb 4.8+"
|         #endif
| 
|   ;
|   return 0;
| }
configure:23580: g++ -std=c++11 -c -g -O2 -Wall -Wextra -Wformat -Wvla -Wformat-security -Wno-unused-parameter -Wno-self-assign -Wno-unused-local-typedef -Wno-deprecated-register -Wno-implicit-fallthrough -Wno-unknown-pragmas  -DQTUM_BUILD -DHAVE_BUILD_INFO -D__STDC_FORMAT_MACROS -I/usr/local/opt/berkeley-db@4/include -DMAC_OSX conftest.cpp >&5
conftest.cpp:57:18: fatal error: 'libdb4/db_cxx.h' file not found
        #include <libdb4/db_cxx.h>
                 ^~~~~~~~~~~~~~~~~
1 error generated.
configure:23580: $? = 1
configure: failed program was:
| /* confdefs.h */
| #define PACKAGE_NAME "Qtum Core"
| #define PACKAGE_TARNAME "qtum"
| #define PACKAGE_VERSION "0.15.8"
| #define PACKAGE_STRING "Qtum Core 0.15.8"
| #define PACKAGE_BUGREPORT "https://github.com/qtumproject/qtum/issues"
| #define PACKAGE_URL "https://qtum.org/"
| #define HAVE_CXX11 1
| #define STDC_HEADERS 1
| #define HAVE_SYS_TYPES_H 1
| #define HAVE_SYS_STAT_H 1
| #define HAVE_STDLIB_H 1
| #define HAVE_STRING_H 1
| #define HAVE_MEMORY_H 1
| #define HAVE_STRINGS_H 1
| #define HAVE_INTTYPES_H 1
| #define HAVE_STDINT_H 1
| #define HAVE_UNISTD_H 1
| #define HAVE_DLFCN_H 1
| #define LT_OBJDIR ".libs/"
| #define HAVE_PTHREAD_PRIO_INHERIT 1
| #define HAVE_PTHREAD 1
| #define HAVE_DECL_STRERROR_R 1
| #define HAVE_STRERROR_R 1
| #define HAVE_STDIO_H 1
| #define HAVE_STDLIB_H 1
| #define HAVE_UNISTD_H 1
| #define HAVE_STRINGS_H 1
| #define HAVE_SYS_TYPES_H 1
| #define HAVE_SYS_STAT_H 1
| #define HAVE_SYS_SELECT_H 1
| #define HAVE_DECL_STRNLEN 1
| #define HAVE_DECL_DAEMON 1
| #define HAVE_DECL_LE16TOH 0
| #define HAVE_DECL_LE32TOH 0
| #define HAVE_DECL_LE64TOH 0
| #define HAVE_DECL_HTOLE16 0
| #define HAVE_DECL_HTOLE32 0
| #define HAVE_DECL_HTOLE64 0
| #define HAVE_DECL_BE16TOH 0
| #define HAVE_DECL_BE32TOH 0
| #define HAVE_DECL_BE64TOH 0
| #define HAVE_DECL_HTOBE16 0
| #define HAVE_DECL_HTOBE32 0
| #define HAVE_DECL_HTOBE64 0
| #define HAVE_DECL_BSWAP_16 0
| #define HAVE_DECL_BSWAP_32 0
| #define HAVE_DECL_BSWAP_64 0
| #define HAVE_DECL___BUILTIN_CLZ 0
| #define HAVE_DECL___BUILTIN_CLZL 0
| #define HAVE_DECL___BUILTIN_CLZLL 0
| #define HAVE_MSG_DONTWAIT 1
| #define HAVE_VISIBILITY_ATTRIBUTE 1
| #define HAVE_GETENTROPY_RAND 1
| /* end confdefs.h.  */
| 
|         #include <libdb4/db_cxx.h>
| 
| int
| main ()
| {
| 
|         #if !((DB_VERSION_MAJOR == 4 && DB_VERSION_MINOR >= 8) || DB_VERSION_MAJOR > 4)
|           #error "failed to find bdb 4.8+"
|         #endif
| 
|   ;
|   return 0;
| }
configure:23580: g++ -std=c++11 -c -g -O2 -Wall -Wextra -Wformat -Wvla -Wformat-security -Wno-unused-parameter -Wno-self-assign -Wno-unused-local-typedef -Wno-deprecated-register -Wno-implicit-fallthrough -Wno-unknown-pragmas  -DQTUM_BUILD -DHAVE_BUILD_INFO -D__STDC_FORMAT_MACROS -I/usr/local/opt/berkeley-db@4/include -DMAC_OSX conftest.cpp >&5
conftest.cpp:57:18: fatal error: 'db4/db_cxx.h' file not found
        #include <db4/db_cxx.h>
                 ^~~~~~~~~~~~~~
1 error generated.
configure:23580: $? = 1
configure: failed program was:
| /* confdefs.h */
| #define PACKAGE_NAME "Qtum Core"
| #define PACKAGE_TARNAME "qtum"
| #define PACKAGE_VERSION "0.15.8"
| #define PACKAGE_STRING "Qtum Core 0.15.8"
| #define PACKAGE_BUGREPORT "https://github.com/qtumproject/qtum/issues"
| #define PACKAGE_URL "https://qtum.org/"
| #define HAVE_CXX11 1
| #define STDC_HEADERS 1
| #define HAVE_SYS_TYPES_H 1
| #define HAVE_SYS_STAT_H 1
| #define HAVE_STDLIB_H 1
| #define HAVE_STRING_H 1
| #define HAVE_MEMORY_H 1
| #define HAVE_STRINGS_H 1
| #define HAVE_INTTYPES_H 1
| #define HAVE_STDINT_H 1
| #define HAVE_UNISTD_H 1
| #define HAVE_DLFCN_H 1
| #define LT_OBJDIR ".libs/"
| #define HAVE_PTHREAD_PRIO_INHERIT 1
| #define HAVE_PTHREAD 1
| #define HAVE_DECL_STRERROR_R 1
| #define HAVE_STRERROR_R 1
| #define HAVE_STDIO_H 1
| #define HAVE_STDLIB_H 1
| #define HAVE_UNISTD_H 1
| #define HAVE_STRINGS_H 1
| #define HAVE_SYS_TYPES_H 1
| #define HAVE_SYS_STAT_H 1
| #define HAVE_SYS_SELECT_H 1
| #define HAVE_DECL_STRNLEN 1
| #define HAVE_DECL_DAEMON 1
| #define HAVE_DECL_LE16TOH 0
| #define HAVE_DECL_LE32TOH 0
| #define HAVE_DECL_LE64TOH 0
| #define HAVE_DECL_HTOLE16 0
| #define HAVE_DECL_HTOLE32 0
| #define HAVE_DECL_HTOLE64 0
| #define HAVE_DECL_BE16TOH 0
| #define HAVE_DECL_BE32TOH 0
| #define HAVE_DECL_BE64TOH 0
| #define HAVE_DECL_HTOBE16 0
| #define HAVE_DECL_HTOBE32 0
| #define HAVE_DECL_HTOBE64 0
| #define HAVE_DECL_BSWAP_16 0
| #define HAVE_DECL_BSWAP_32 0
| #define HAVE_DECL_BSWAP_64 0
| #define HAVE_DECL___BUILTIN_CLZ 0
| #define HAVE_DECL___BUILTIN_CLZL 0
| #define HAVE_DECL___BUILTIN_CLZLL 0
| #define HAVE_MSG_DONTWAIT 1
| #define HAVE_VISIBILITY_ATTRIBUTE 1
| #define HAVE_GETENTROPY_RAND 1
| /* end confdefs.h.  */
| 
|         #include <db4/db_cxx.h>
| 
| int
| main ()
| {
| 
|         #if !((DB_VERSION_MAJOR == 4 && DB_VERSION_MINOR >= 8) || DB_VERSION_MAJOR > 4)
|           #error "failed to find bdb 4.8+"
|         #endif
| 
|   ;
|   return 0;
| }
configure:23580: g++ -std=c++11 -c -g -O2 -Wall -Wextra -Wformat -Wvla -Wformat-security -Wno-unused-parameter -Wno-self-assign -Wno-unused-local-typedef -Wno-deprecated-register -Wno-implicit-fallthrough -Wno-unknown-pragmas  -DQTUM_BUILD -DHAVE_BUILD_INFO -D__STDC_FORMAT_MACROS -I/usr/local/opt/berkeley-db@4/include -DMAC_OSX conftest.cpp >&5
conftest.cpp:57:18: fatal error: 'bdb5/db_cxx.h' file not found
        #include <bdb5/db_cxx.h>
                 ^~~~~~~~~~~~~~~
1 error generated.
configure:23580: $? = 1
configure: failed program was:
| /* confdefs.h */
| #define PACKAGE_NAME "Qtum Core"
| #define PACKAGE_TARNAME "qtum"
| #define PACKAGE_VERSION "0.15.8"
| #define PACKAGE_STRING "Qtum Core 0.15.8"
| #define PACKAGE_BUGREPORT "https://github.com/qtumproject/qtum/issues"
| #define PACKAGE_URL "https://qtum.org/"
| #define HAVE_CXX11 1
| #define STDC_HEADERS 1
| #define HAVE_SYS_TYPES_H 1
| #define HAVE_SYS_STAT_H 1
| #define HAVE_STDLIB_H 1
| #define HAVE_STRING_H 1
| #define HAVE_MEMORY_H 1
| #define HAVE_STRINGS_H 1
| #define HAVE_INTTYPES_H 1
| #define HAVE_STDINT_H 1
| #define HAVE_UNISTD_H 1
| #define HAVE_DLFCN_H 1
| #define LT_OBJDIR ".libs/"
| #define HAVE_PTHREAD_PRIO_INHERIT 1
| #define HAVE_PTHREAD 1
| #define HAVE_DECL_STRERROR_R 1
| #define HAVE_STRERROR_R 1
| #define HAVE_STDIO_H 1
| #define HAVE_STDLIB_H 1
| #define HAVE_UNISTD_H 1
| #define HAVE_STRINGS_H 1
| #define HAVE_SYS_TYPES_H 1
| #define HAVE_SYS_STAT_H 1
| #define HAVE_SYS_SELECT_H 1
| #define HAVE_DECL_STRNLEN 1
| #define HAVE_DECL_DAEMON 1
| #define HAVE_DECL_LE16TOH 0
| #define HAVE_DECL_LE32TOH 0
| #define HAVE_DECL_LE64TOH 0
| #define HAVE_DECL_HTOLE16 0
| #define HAVE_DECL_HTOLE32 0
| #define HAVE_DECL_HTOLE64 0
| #define HAVE_DECL_BE16TOH 0
| #define HAVE_DECL_BE32TOH 0
| #define HAVE_DECL_BE64TOH 0
| #define HAVE_DECL_HTOBE16 0
| #define HAVE_DECL_HTOBE32 0
| #define HAVE_DECL_HTOBE64 0
| #define HAVE_DECL_BSWAP_16 0
| #define HAVE_DECL_BSWAP_32 0
| #define HAVE_DECL_BSWAP_64 0
| #define HAVE_DECL___BUILTIN_CLZ 0
| #define HAVE_DECL___BUILTIN_CLZL 0
| #define HAVE_DECL___BUILTIN_CLZLL 0
| #define HAVE_MSG_DONTWAIT 1
| #define HAVE_VISIBILITY_ATTRIBUTE 1
| #define HAVE_GETENTROPY_RAND 1
| /* end confdefs.h.  */
| 
|         #include <bdb5/db_cxx.h>
| 
| int
| main ()
| {
| 
|         #if !((DB_VERSION_MAJOR == 4 && DB_VERSION_MINOR >= 8) || DB_VERSION_MAJOR > 4)
|           #error "failed to find bdb 4.8+"
|         #endif
| 
|   ;
|   return 0;
| }
configure:23580: g++ -std=c++11 -c -g -O2 -Wall -Wextra -Wformat -Wvla -Wformat-security -Wno-unused-parameter -Wno-self-assign -Wno-unused-local-typedef -Wno-deprecated-register -Wno-implicit-fallthrough -Wno-unknown-pragmas  -DQTUM_BUILD -DHAVE_BUILD_INFO -D__STDC_FORMAT_MACROS -I/usr/local/opt/berkeley-db@4/include -DMAC_OSX conftest.cpp >&5
conftest.cpp:57:18: fatal error: 'libdb5/db_cxx.h' file not found
        #include <libdb5/db_cxx.h>
                 ^~~~~~~~~~~~~~~~~
1 error generated.
configure:23580: $? = 1
configure: failed program was:
| /* confdefs.h */
| #define PACKAGE_NAME "Qtum Core"
| #define PACKAGE_TARNAME "qtum"
| #define PACKAGE_VERSION "0.15.8"
| #define PACKAGE_STRING "Qtum Core 0.15.8"
| #define PACKAGE_BUGREPORT "https://github.com/qtumproject/qtum/issues"
| #define PACKAGE_URL "https://qtum.org/"
| #define HAVE_CXX11 1
| #define STDC_HEADERS 1
| #define HAVE_SYS_TYPES_H 1
| #define HAVE_SYS_STAT_H 1
| #define HAVE_STDLIB_H 1
| #define HAVE_STRING_H 1
| #define HAVE_MEMORY_H 1
| #define HAVE_STRINGS_H 1
| #define HAVE_INTTYPES_H 1
| #define HAVE_STDINT_H 1
| #define HAVE_UNISTD_H 1
| #define HAVE_DLFCN_H 1
| #define LT_OBJDIR ".libs/"
| #define HAVE_PTHREAD_PRIO_INHERIT 1
| #define HAVE_PTHREAD 1
| #define HAVE_DECL_STRERROR_R 1
| #define HAVE_STRERROR_R 1
| #define HAVE_STDIO_H 1
| #define HAVE_STDLIB_H 1
| #define HAVE_UNISTD_H 1
| #define HAVE_STRINGS_H 1
| #define HAVE_SYS_TYPES_H 1
| #define HAVE_SYS_STAT_H 1
| #define HAVE_SYS_SELECT_H 1
| #define HAVE_DECL_STRNLEN 1
| #define HAVE_DECL_DAEMON 1
| #define HAVE_DECL_LE16TOH 0
| #define HAVE_DECL_LE32TOH 0
| #define HAVE_DECL_LE64TOH 0
| #define HAVE_DECL_HTOLE16 0
| #define HAVE_DECL_HTOLE32 0
| #define HAVE_DECL_HTOLE64 0
| #define HAVE_DECL_BE16TOH 0
| #define HAVE_DECL_BE32TOH 0
| #define HAVE_DECL_BE64TOH 0
| #define HAVE_DECL_HTOBE16 0
| #define HAVE_DECL_HTOBE32 0
| #define HAVE_DECL_HTOBE64 0
| #define HAVE_DECL_BSWAP_16 0
| #define HAVE_DECL_BSWAP_32 0
| #define HAVE_DECL_BSWAP_64 0
| #define HAVE_DECL___BUILTIN_CLZ 0
| #define HAVE_DECL___BUILTIN_CLZL 0
| #define HAVE_DECL___BUILTIN_CLZLL 0
| #define HAVE_MSG_DONTWAIT 1
| #define HAVE_VISIBILITY_ATTRIBUTE 1
| #define HAVE_GETENTROPY_RAND 1
| /* end confdefs.h.  */
| 
|         #include <libdb5/db_cxx.h>
| 
| int
| main ()
| {
| 
|         #if !((DB_VERSION_MAJOR == 4 && DB_VERSION_MINOR >= 8) || DB_VERSION_MAJOR > 4)
|           #error "failed to find bdb 4.8+"
|         #endif
| 
|   ;
|   return 0;
| }
configure:23580: g++ -std=c++11 -c -g -O2 -Wall -Wextra -Wformat -Wvla -Wformat-security -Wno-unused-parameter -Wno-self-assign -Wno-unused-local-typedef -Wno-deprecated-register -Wno-implicit-fallthrough -Wno-unknown-pragmas  -DQTUM_BUILD -DHAVE_BUILD_INFO -D__STDC_FORMAT_MACROS -I/usr/local/opt/berkeley-db@4/include -DMAC_OSX conftest.cpp >&5
conftest.cpp:57:18: fatal error: 'db5/db_cxx.h' file not found
        #include <db5/db_cxx.h>
                 ^~~~~~~~~~~~~~
1 error generated.
configure:23580: $? = 1
configure: failed program was:
| /* confdefs.h */
| #define PACKAGE_NAME "Qtum Core"
| #define PACKAGE_TARNAME "qtum"
| #define PACKAGE_VERSION "0.15.8"
| #define PACKAGE_STRING "Qtum Core 0.15.8"
| #define PACKAGE_BUGREPORT "https://github.com/qtumproject/qtum/issues"
| #define PACKAGE_URL "https://qtum.org/"
| #define HAVE_CXX11 1
| #define STDC_HEADERS 1
| #define HAVE_SYS_TYPES_H 1
| #define HAVE_SYS_STAT_H 1
| #define HAVE_STDLIB_H 1
| #define HAVE_STRING_H 1
| #define HAVE_MEMORY_H 1
| #define HAVE_STRINGS_H 1
| #define HAVE_INTTYPES_H 1
| #define HAVE_STDINT_H 1
| #define HAVE_UNISTD_H 1
| #define HAVE_DLFCN_H 1
| #define LT_OBJDIR ".libs/"
| #define HAVE_PTHREAD_PRIO_INHERIT 1
| #define HAVE_PTHREAD 1
| #define HAVE_DECL_STRERROR_R 1
| #define HAVE_STRERROR_R 1
| #define HAVE_STDIO_H 1
| #define HAVE_STDLIB_H 1
| #define HAVE_UNISTD_H 1
| #define HAVE_STRINGS_H 1
| #define HAVE_SYS_TYPES_H 1
| #define HAVE_SYS_STAT_H 1
| #define HAVE_SYS_SELECT_H 1
| #define HAVE_DECL_STRNLEN 1
| #define HAVE_DECL_DAEMON 1
| #define HAVE_DECL_LE16TOH 0
| #define HAVE_DECL_LE32TOH 0
| #define HAVE_DECL_LE64TOH 0
| #define HAVE_DECL_HTOLE16 0
| #define HAVE_DECL_HTOLE32 0
| #define HAVE_DECL_HTOLE64 0
| #define HAVE_DECL_BE16TOH 0
| #define HAVE_DECL_BE32TOH 0
| #define HAVE_DECL_BE64TOH 0
| #define HAVE_DECL_HTOBE16 0
| #define HAVE_DECL_HTOBE32 0
| #define HAVE_DECL_HTOBE64 0
| #define HAVE_DECL_BSWAP_16 0
| #define HAVE_DECL_BSWAP_32 0
| #define HAVE_DECL_BSWAP_64 0
| #define HAVE_DECL___BUILTIN_CLZ 0
| #define HAVE_DECL___BUILTIN_CLZL 0
| #define HAVE_DECL___BUILTIN_CLZLL 0
| #define HAVE_MSG_DONTWAIT 1
| #define HAVE_VISIBILITY_ATTRIBUTE 1
| #define HAVE_GETENTROPY_RAND 1
| /* end confdefs.h.  */
| 
|         #include <db5/db_cxx.h>
| 
| int
| main ()
| {
| 
|         #if !((DB_VERSION_MAJOR == 4 && DB_VERSION_MINOR >= 8) || DB_VERSION_MAJOR > 4)
|           #error "failed to find bdb 4.8+"
|         #endif
| 
|   ;
|   return 0;
| }
configure:23580: g++ -std=c++11 -c -g -O2 -Wall -Wextra -Wformat -Wvla -Wformat-security -Wno-unused-parameter -Wno-self-assign -Wno-unused-local-typedef -Wno-deprecated-register -Wno-implicit-fallthrough -Wno-unknown-pragmas  -DQTUM_BUILD -DHAVE_BUILD_INFO -D__STDC_FORMAT_MACROS -I/usr/local/opt/berkeley-db@4/include -DMAC_OSX conftest.cpp >&5
conftest.cpp:57:18: fatal error: 'bdb5.3/db_cxx.h' file not found
        #include <bdb5.3/db_cxx.h>
                 ^~~~~~~~~~~~~~~~~
1 error generated.
configure:23580: $? = 1
configure: failed program was:
| /* confdefs.h */
| #define PACKAGE_NAME "Qtum Core"
| #define PACKAGE_TARNAME "qtum"
| #define PACKAGE_VERSION "0.15.8"
| #define PACKAGE_STRING "Qtum Core 0.15.8"
| #define PACKAGE_BUGREPORT "https://github.com/qtumproject/qtum/issues"
| #define PACKAGE_URL "https://qtum.org/"
| #define HAVE_CXX11 1
| #define STDC_HEADERS 1
| #define HAVE_SYS_TYPES_H 1
| #define HAVE_SYS_STAT_H 1
| #define HAVE_STDLIB_H 1
| #define HAVE_STRING_H 1
| #define HAVE_MEMORY_H 1
| #define HAVE_STRINGS_H 1
| #define HAVE_INTTYPES_H 1
| #define HAVE_STDINT_H 1
| #define HAVE_UNISTD_H 1
| #define HAVE_DLFCN_H 1
| #define LT_OBJDIR ".libs/"
| #define HAVE_PTHREAD_PRIO_INHERIT 1
| #define HAVE_PTHREAD 1
| #define HAVE_DECL_STRERROR_R 1
| #define HAVE_STRERROR_R 1
| #define HAVE_STDIO_H 1
| #define HAVE_STDLIB_H 1
| #define HAVE_UNISTD_H 1
| #define HAVE_STRINGS_H 1
| #define HAVE_SYS_TYPES_H 1
| #define HAVE_SYS_STAT_H 1
| #define HAVE_SYS_SELECT_H 1
| #define HAVE_DECL_STRNLEN 1
| #define HAVE_DECL_DAEMON 1
| #define HAVE_DECL_LE16TOH 0
| #define HAVE_DECL_LE32TOH 0
| #define HAVE_DECL_LE64TOH 0
| #define HAVE_DECL_HTOLE16 0
| #define HAVE_DECL_HTOLE32 0
| #define HAVE_DECL_HTOLE64 0
| #define HAVE_DECL_BE16TOH 0
| #define HAVE_DECL_BE32TOH 0
| #define HAVE_DECL_BE64TOH 0
| #define HAVE_DECL_HTOBE16 0
| #define HAVE_DECL_HTOBE32 0
| #define HAVE_DECL_HTOBE64 0
| #define HAVE_DECL_BSWAP_16 0
| #define HAVE_DECL_BSWAP_32 0
| #define HAVE_DECL_BSWAP_64 0
| #define HAVE_DECL___BUILTIN_CLZ 0
| #define HAVE_DECL___BUILTIN_CLZL 0
| #define HAVE_DECL___BUILTIN_CLZLL 0
| #define HAVE_MSG_DONTWAIT 1
| #define HAVE_VISIBILITY_ATTRIBUTE 1
| #define HAVE_GETENTROPY_RAND 1
| /* end confdefs.h.  */
| 
|         #include <bdb5.3/db_cxx.h>
| 
| int
| main ()
| {
| 
|         #if !((DB_VERSION_MAJOR == 4 && DB_VERSION_MINOR >= 8) || DB_VERSION_MAJOR > 4)
|           #error "failed to find bdb 4.8+"
|         #endif
| 
|   ;
|   return 0;
| }
configure:23580: g++ -std=c++11 -c -g -O2 -Wall -Wextra -Wformat -Wvla -Wformat-security -Wno-unused-parameter -Wno-self-assign -Wno-unused-local-typedef -Wno-deprecated-register -Wno-implicit-fallthrough -Wno-unknown-pragmas  -DQTUM_BUILD -DHAVE_BUILD_INFO -D__STDC_FORMAT_MACROS -I/usr/local/opt/berkeley-db@4/include -DMAC_OSX conftest.cpp >&5
conftest.cpp:57:18: fatal error: 'libdb5.3/db_cxx.h' file not found
        #include <libdb5.3/db_cxx.h>
                 ^~~~~~~~~~~~~~~~~~~
1 error generated.
configure:23580: $? = 1
configure: failed program was:
| /* confdefs.h */
| #define PACKAGE_NAME "Qtum Core"
| #define PACKAGE_TARNAME "qtum"
| #define PACKAGE_VERSION "0.15.8"
| #define PACKAGE_STRING "Qtum Core 0.15.8"
| #define PACKAGE_BUGREPORT "https://github.com/qtumproject/qtum/issues"
| #define PACKAGE_URL "https://qtum.org/"
| #define HAVE_CXX11 1
| #define STDC_HEADERS 1
| #define HAVE_SYS_TYPES_H 1
| #define HAVE_SYS_STAT_H 1
| #define HAVE_STDLIB_H 1
| #define HAVE_STRING_H 1
| #define HAVE_MEMORY_H 1
| #define HAVE_STRINGS_H 1
| #define HAVE_INTTYPES_H 1
| #define HAVE_STDINT_H 1
| #define HAVE_UNISTD_H 1
| #define HAVE_DLFCN_H 1
| #define LT_OBJDIR ".libs/"
| #define HAVE_PTHREAD_PRIO_INHERIT 1
| #define HAVE_PTHREAD 1
| #define HAVE_DECL_STRERROR_R 1
| #define HAVE_STRERROR_R 1
| #define HAVE_STDIO_H 1
| #define HAVE_STDLIB_H 1
| #define HAVE_UNISTD_H 1
| #define HAVE_STRINGS_H 1
| #define HAVE_SYS_TYPES_H 1
| #define HAVE_SYS_STAT_H 1
| #define HAVE_SYS_SELECT_H 1
| #define HAVE_DECL_STRNLEN 1
| #define HAVE_DECL_DAEMON 1
| #define HAVE_DECL_LE16TOH 0
| #define HAVE_DECL_LE32TOH 0
| #define HAVE_DECL_LE64TOH 0
| #define HAVE_DECL_HTOLE16 0
| #define HAVE_DECL_HTOLE32 0
| #define HAVE_DECL_HTOLE64 0
| #define HAVE_DECL_BE16TOH 0
| #define HAVE_DECL_BE32TOH 0
| #define HAVE_DECL_BE64TOH 0
| #define HAVE_DECL_HTOBE16 0
| #define HAVE_DECL_HTOBE32 0
| #define HAVE_DECL_HTOBE64 0
| #define HAVE_DECL_BSWAP_16 0
| #define HAVE_DECL_BSWAP_32 0
| #define HAVE_DECL_BSWAP_64 0
| #define HAVE_DECL___BUILTIN_CLZ 0
| #define HAVE_DECL___BUILTIN_CLZL 0
| #define HAVE_DECL___BUILTIN_CLZLL 0
| #define HAVE_MSG_DONTWAIT 1
| #define HAVE_VISIBILITY_ATTRIBUTE 1
| #define HAVE_GETENTROPY_RAND 1
| /* end confdefs.h.  */
| 
|         #include <libdb5.3/db_cxx.h>
| 
| int
| main ()
| {
| 
|         #if !((DB_VERSION_MAJOR == 4 && DB_VERSION_MINOR >= 8) || DB_VERSION_MAJOR > 4)
|           #error "failed to find bdb 4.8+"
|         #endif
| 
|   ;
|   return 0;
| }
configure:23580: g++ -std=c++11 -c -g -O2 -Wall -Wextra -Wformat -Wvla -Wformat-security -Wno-unused-parameter -Wno-self-assign -Wno-unused-local-typedef -Wno-deprecated-register -Wno-implicit-fallthrough -Wno-unknown-pragmas  -DQTUM_BUILD -DHAVE_BUILD_INFO -D__STDC_FORMAT_MACROS -I/usr/local/opt/berkeley-db@4/include -DMAC_OSX conftest.cpp >&5
conftest.cpp:57:18: fatal error: 'db5.3/db_cxx.h' file not found
        #include <db5.3/db_cxx.h>
                 ^~~~~~~~~~~~~~~~
1 error generated.
configure:23580: $? = 1
configure: failed program was:
| /* confdefs.h */
| #define PACKAGE_NAME "Qtum Core"
| #define PACKAGE_TARNAME "qtum"
| #define PACKAGE_VERSION "0.15.8"
| #define PACKAGE_STRING "Qtum Core 0.15.8"
| #define PACKAGE_BUGREPORT "https://github.com/qtumproject/qtum/issues"
| #define PACKAGE_URL "https://qtum.org/"
| #define HAVE_CXX11 1
| #define STDC_HEADERS 1
| #define HAVE_SYS_TYPES_H 1
| #define HAVE_SYS_STAT_H 1
| #define HAVE_STDLIB_H 1
| #define HAVE_STRING_H 1
| #define HAVE_MEMORY_H 1
| #define HAVE_STRINGS_H 1
| #define HAVE_INTTYPES_H 1
| #define HAVE_STDINT_H 1
| #define HAVE_UNISTD_H 1
| #define HAVE_DLFCN_H 1
| #define LT_OBJDIR ".libs/"
| #define HAVE_PTHREAD_PRIO_INHERIT 1
| #define HAVE_PTHREAD 1
| #define HAVE_DECL_STRERROR_R 1
| #define HAVE_STRERROR_R 1
| #define HAVE_STDIO_H 1
| #define HAVE_STDLIB_H 1
| #define HAVE_UNISTD_H 1
| #define HAVE_STRINGS_H 1
| #define HAVE_SYS_TYPES_H 1
| #define HAVE_SYS_STAT_H 1
| #define HAVE_SYS_SELECT_H 1
| #define HAVE_DECL_STRNLEN 1
| #define HAVE_DECL_DAEMON 1
| #define HAVE_DECL_LE16TOH 0
| #define HAVE_DECL_LE32TOH 0
| #define HAVE_DECL_LE64TOH 0
| #define HAVE_DECL_HTOLE16 0
| #define HAVE_DECL_HTOLE32 0
| #define HAVE_DECL_HTOLE64 0
| #define HAVE_DECL_BE16TOH 0
| #define HAVE_DECL_BE32TOH 0
| #define HAVE_DECL_BE64TOH 0
| #define HAVE_DECL_HTOBE16 0
| #define HAVE_DECL_HTOBE32 0
| #define HAVE_DECL_HTOBE64 0
| #define HAVE_DECL_BSWAP_16 0
| #define HAVE_DECL_BSWAP_32 0
| #define HAVE_DECL_BSWAP_64 0
| #define HAVE_DECL___BUILTIN_CLZ 0
| #define HAVE_DECL___BUILTIN_CLZL 0
| #define HAVE_DECL___BUILTIN_CLZLL 0
| #define HAVE_MSG_DONTWAIT 1
| #define HAVE_VISIBILITY_ATTRIBUTE 1
| #define HAVE_GETENTROPY_RAND 1
| /* end confdefs.h.  */
| 
|         #include <db5.3/db_cxx.h>
| 
| int
| main ()
| {
| 
|         #if !((DB_VERSION_MAJOR == 4 && DB_VERSION_MINOR >= 8) || DB_VERSION_MAJOR > 4)
|           #error "failed to find bdb 4.8+"
|         #endif
| 
|   ;
|   return 0;
| }
configure:23580: g++ -std=c++11 -c -g -O2 -Wall -Wextra -Wformat -Wvla -Wformat-security -Wno-unused-parameter -Wno-self-assign -Wno-unused-local-typedef -Wno-deprecated-register -Wno-implicit-fallthrough -Wno-unknown-pragmas  -DQTUM_BUILD -DHAVE_BUILD_INFO -D__STDC_FORMAT_MACROS -I/usr/local/opt/berkeley-db@4/include -DMAC_OSX conftest.cpp >&5
conftest.cpp:57:18: fatal error: 'bdb/db_cxx.h' file not found
        #include <bdb/db_cxx.h>
                 ^~~~~~~~~~~~~~
1 error generated.
configure:23580: $? = 1
configure: failed program was:
| /* confdefs.h */
| #define PACKAGE_NAME "Qtum Core"
| #define PACKAGE_TARNAME "qtum"
| #define PACKAGE_VERSION "0.15.8"
| #define PACKAGE_STRING "Qtum Core 0.15.8"
| #define PACKAGE_BUGREPORT "https://github.com/qtumproject/qtum/issues"
| #define PACKAGE_URL "https://qtum.org/"
| #define HAVE_CXX11 1
| #define STDC_HEADERS 1
| #define HAVE_SYS_TYPES_H 1
| #define HAVE_SYS_STAT_H 1
| #define HAVE_STDLIB_H 1
| #define HAVE_STRING_H 1
| #define HAVE_MEMORY_H 1
| #define HAVE_STRINGS_H 1
| #define HAVE_INTTYPES_H 1
| #define HAVE_STDINT_H 1
| #define HAVE_UNISTD_H 1
| #define HAVE_DLFCN_H 1
| #define LT_OBJDIR ".libs/"
| #define HAVE_PTHREAD_PRIO_INHERIT 1
| #define HAVE_PTHREAD 1
| #define HAVE_DECL_STRERROR_R 1
| #define HAVE_STRERROR_R 1
| #define HAVE_STDIO_H 1
| #define HAVE_STDLIB_H 1
| #define HAVE_UNISTD_H 1
| #define HAVE_STRINGS_H 1
| #define HAVE_SYS_TYPES_H 1
| #define HAVE_SYS_STAT_H 1
| #define HAVE_SYS_SELECT_H 1
| #define HAVE_DECL_STRNLEN 1
| #define HAVE_DECL_DAEMON 1
| #define HAVE_DECL_LE16TOH 0
| #define HAVE_DECL_LE32TOH 0
| #define HAVE_DECL_LE64TOH 0
| #define HAVE_DECL_HTOLE16 0
| #define HAVE_DECL_HTOLE32 0
| #define HAVE_DECL_HTOLE64 0
| #define HAVE_DECL_BE16TOH 0
| #define HAVE_DECL_BE32TOH 0
| #define HAVE_DECL_BE64TOH 0
| #define HAVE_DECL_HTOBE16 0
| #define HAVE_DECL_HTOBE32 0
| #define HAVE_DECL_HTOBE64 0
| #define HAVE_DECL_BSWAP_16 0
| #define HAVE_DECL_BSWAP_32 0
| #define HAVE_DECL_BSWAP_64 0
| #define HAVE_DECL___BUILTIN_CLZ 0
| #define HAVE_DECL___BUILTIN_CLZL 0
| #define HAVE_DECL___BUILTIN_CLZLL 0
| #define HAVE_MSG_DONTWAIT 1
| #define HAVE_VISIBILITY_ATTRIBUTE 1
| #define HAVE_GETENTROPY_RAND 1
| /* end confdefs.h.  */
| 
|         #include <bdb/db_cxx.h>
| 
| int
| main ()
| {
| 
|         #if !((DB_VERSION_MAJOR == 4 && DB_VERSION_MINOR >= 8) || DB_VERSION_MAJOR > 4)
|           #error "failed to find bdb 4.8+"
|         #endif
| 
|   ;
|   return 0;
| }
configure:23580: g++ -std=c++11 -c -g -O2 -Wall -Wextra -Wformat -Wvla -Wformat-security -Wno-unused-parameter -Wno-self-assign -Wno-unused-local-typedef -Wno-deprecated-register -Wno-implicit-fallthrough -Wno-unknown-pragmas  -DQTUM_BUILD -DHAVE_BUILD_INFO -D__STDC_FORMAT_MACROS -I/usr/local/opt/berkeley-db@4/include -DMAC_OSX conftest.cpp >&5
conftest.cpp:57:18: fatal error: 'libdb/db_cxx.h' file not found
        #include <libdb/db_cxx.h>
                 ^~~~~~~~~~~~~~~~
1 error generated.
configure:23580: $? = 1
configure: failed program was:
| /* confdefs.h */
| #define PACKAGE_NAME "Qtum Core"
| #define PACKAGE_TARNAME "qtum"
| #define PACKAGE_VERSION "0.15.8"
| #define PACKAGE_STRING "Qtum Core 0.15.8"
| #define PACKAGE_BUGREPORT "https://github.com/qtumproject/qtum/issues"
| #define PACKAGE_URL "https://qtum.org/"
| #define HAVE_CXX11 1
| #define STDC_HEADERS 1
| #define HAVE_SYS_TYPES_H 1
| #define HAVE_SYS_STAT_H 1
| #define HAVE_STDLIB_H 1
| #define HAVE_STRING_H 1
| #define HAVE_MEMORY_H 1
| #define HAVE_STRINGS_H 1
| #define HAVE_INTTYPES_H 1
| #define HAVE_STDINT_H 1
| #define HAVE_UNISTD_H 1
| #define HAVE_DLFCN_H 1
| #define LT_OBJDIR ".libs/"
| #define HAVE_PTHREAD_PRIO_INHERIT 1
| #define HAVE_PTHREAD 1
| #define HAVE_DECL_STRERROR_R 1
| #define HAVE_STRERROR_R 1
| #define HAVE_STDIO_H 1
| #define HAVE_STDLIB_H 1
| #define HAVE_UNISTD_H 1
| #define HAVE_STRINGS_H 1
| #define HAVE_SYS_TYPES_H 1
| #define HAVE_SYS_STAT_H 1
| #define HAVE_SYS_SELECT_H 1
| #define HAVE_DECL_STRNLEN 1
| #define HAVE_DECL_DAEMON 1
| #define HAVE_DECL_LE16TOH 0
| #define HAVE_DECL_LE32TOH 0
| #define HAVE_DECL_LE64TOH 0
| #define HAVE_DECL_HTOLE16 0
| #define HAVE_DECL_HTOLE32 0
| #define HAVE_DECL_HTOLE64 0
| #define HAVE_DECL_BE16TOH 0
| #define HAVE_DECL_BE32TOH 0
| #define HAVE_DECL_BE64TOH 0
| #define HAVE_DECL_HTOBE16 0
| #define HAVE_DECL_HTOBE32 0
| #define HAVE_DECL_HTOBE64 0
| #define HAVE_DECL_BSWAP_16 0
| #define HAVE_DECL_BSWAP_32 0
| #define HAVE_DECL_BSWAP_64 0
| #define HAVE_DECL___BUILTIN_CLZ 0
| #define HAVE_DECL___BUILTIN_CLZL 0
| #define HAVE_DECL___BUILTIN_CLZLL 0
| #define HAVE_MSG_DONTWAIT 1
| #define HAVE_VISIBILITY_ATTRIBUTE 1
| #define HAVE_GETENTROPY_RAND 1
| /* end confdefs.h.  */
| 
|         #include <libdb/db_cxx.h>
| 
| int
| main ()
| {
| 
|         #if !((DB_VERSION_MAJOR == 4 && DB_VERSION_MINOR >= 8) || DB_VERSION_MAJOR > 4)
|           #error "failed to find bdb 4.8+"
|         #endif
| 
|   ;
|   return 0;
| }
configure:23580: g++ -std=c++11 -c -g -O2 -Wall -Wextra -Wformat -Wvla -Wformat-security -Wno-unused-parameter -Wno-self-assign -Wno-unused-local-typedef -Wno-deprecated-register -Wno-implicit-fallthrough -Wno-unknown-pragmas  -DQTUM_BUILD -DHAVE_BUILD_INFO -D__STDC_FORMAT_MACROS -I/usr/local/opt/berkeley-db@4/include -DMAC_OSX conftest.cpp >&5
conftest.cpp:57:18: fatal error: 'db/db_cxx.h' file not found
        #include <db/db_cxx.h>
                 ^~~~~~~~~~~~~
1 error generated.
configure:23580: $? = 1
configure: failed program was:
| /* confdefs.h */
| #define PACKAGE_NAME "Qtum Core"
| #define PACKAGE_TARNAME "qtum"
| #define PACKAGE_VERSION "0.15.8"
| #define PACKAGE_STRING "Qtum Core 0.15.8"
| #define PACKAGE_BUGREPORT "https://github.com/qtumproject/qtum/issues"
| #define PACKAGE_URL "https://qtum.org/"
| #define HAVE_CXX11 1
| #define STDC_HEADERS 1
| #define HAVE_SYS_TYPES_H 1
| #define HAVE_SYS_STAT_H 1
| #define HAVE_STDLIB_H 1
| #define HAVE_STRING_H 1
| #define HAVE_MEMORY_H 1
| #define HAVE_STRINGS_H 1
| #define HAVE_INTTYPES_H 1
| #define HAVE_STDINT_H 1
| #define HAVE_UNISTD_H 1
| #define HAVE_DLFCN_H 1
| #define LT_OBJDIR ".libs/"
| #define HAVE_PTHREAD_PRIO_INHERIT 1
| #define HAVE_PTHREAD 1
| #define HAVE_DECL_STRERROR_R 1
| #define HAVE_STRERROR_R 1
| #define HAVE_STDIO_H 1
| #define HAVE_STDLIB_H 1
| #define HAVE_UNISTD_H 1
| #define HAVE_STRINGS_H 1
| #define HAVE_SYS_TYPES_H 1
| #define HAVE_SYS_STAT_H 1
| #define HAVE_SYS_SELECT_H 1
| #define HAVE_DECL_STRNLEN 1
| #define HAVE_DECL_DAEMON 1
| #define HAVE_DECL_LE16TOH 0
| #define HAVE_DECL_LE32TOH 0
| #define HAVE_DECL_LE64TOH 0
| #define HAVE_DECL_HTOLE16 0
| #define HAVE_DECL_HTOLE32 0
| #define HAVE_DECL_HTOLE64 0
| #define HAVE_DECL_BE16TOH 0
| #define HAVE_DECL_BE32TOH 0
| #define HAVE_DECL_BE64TOH 0
| #define HAVE_DECL_HTOBE16 0
| #define HAVE_DECL_HTOBE32 0
| #define HAVE_DECL_HTOBE64 0
| #define HAVE_DECL_BSWAP_16 0
| #define HAVE_DECL_BSWAP_32 0
| #define HAVE_DECL_BSWAP_64 0
| #define HAVE_DECL___BUILTIN_CLZ 0
| #define HAVE_DECL___BUILTIN_CLZL 0
| #define HAVE_DECL___BUILTIN_CLZLL 0
| #define HAVE_MSG_DONTWAIT 1
| #define HAVE_VISIBILITY_ATTRIBUTE 1
| #define HAVE_GETENTROPY_RAND 1
| /* end confdefs.h.  */
| 
|         #include <db/db_cxx.h>
| 
| int
| main ()
| {
| 
|         #if !((DB_VERSION_MAJOR == 4 && DB_VERSION_MINOR >= 8) || DB_VERSION_MAJOR > 4)
|           #error "failed to find bdb 4.8+"
|         #endif
| 
|   ;
|   return 0;
| }
configure:23580: g++ -std=c++11 -c -g -O2 -Wall -Wextra -Wformat -Wvla -Wformat-security -Wno-unused-parameter -Wno-self-assign -Wno-unused-local-typedef -Wno-deprecated-register -Wno-implicit-fallthrough -Wno-unknown-pragmas  -DQTUM_BUILD -DHAVE_BUILD_INFO -D__STDC_FORMAT_MACROS -I/usr/local/opt/berkeley-db@4/include -DMAC_OSX conftest.cpp >&5
configure:23580: $? = 0
configure:23609: g++ -std=c++11 -c -g -O2 -Wall -Wextra -Wformat -Wvla -Wformat-security -Wno-unused-parameter -Wno-self-assign -Wno-unused-local-typedef -Wno-deprecated-register -Wno-implicit-fallthrough -Wno-unknown-pragmas  -DQTUM_BUILD -DHAVE_BUILD_INFO -D__STDC_FORMAT_MACROS -I/usr/local/opt/berkeley-db@4/include -DMAC_OSX conftest.cpp >&5
configure:23609: $? = 0
configure:23652: result: default
configure:23675: checking for main in -ldb_cxx-4.8
configure:23694: g++ -std=c++11 -o conftest -g -O2 -Wall -Wextra -Wformat -Wvla -Wformat-security -Wno-unused-parameter -Wno-self-assign -Wno-unused-local-typedef -Wno-deprecated-register -Wno-implicit-fallthrough -Wno-unknown-pragmas  -DQTUM_BUILD -DHAVE_BUILD_INFO -D__STDC_FORMAT_MACROS -I/usr/local/opt/berkeley-db@4/include -DMAC_OSX  -Wl,-headerpad_max_install_names -Wl,-dead_strip conftest.cpp -ldb_cxx-4.8   -L/usr/local/opt/berkeley-db@4/lib >&5
conftest.cpp:60:1: warning: all paths through this function will call itself [-Winfinite-recursion]
{
^
1 warning generated.
configure:23694: $? = 0
configure:23704: result: yes
configure:23726: checking miniupnpc/miniwget.h usability
configure:23726: g++ -std=c++11 -c -g -O2 -Wall -Wextra -Wformat -Wvla -Wformat-security -Wno-unused-parameter -Wno-self-assign -Wno-unused-local-typedef -Wno-deprecated-register -Wno-implicit-fallthrough -Wno-unknown-pragmas  -DQTUM_BUILD -DHAVE_BUILD_INFO -D__STDC_FORMAT_MACROS -I/usr/local/opt/berkeley-db@4/include -DMAC_OSX conftest.cpp >&5
configure:23726: $? = 0
configure:23726: result: yes
configure:23726: checking miniupnpc/miniwget.h presence
configure:23726: g++ -std=c++11 -E  -DQTUM_BUILD -DHAVE_BUILD_INFO -D__STDC_FORMAT_MACROS -I/usr/local/opt/berkeley-db@4/include -DMAC_OSX conftest.cpp
configure:23726: $? = 0
configure:23726: result: yes
configure:23726: checking for miniupnpc/miniwget.h
configure:23726: result: yes
configure:23731: checking for main in -lminiupnpc
configure:23750: g++ -std=c++11 -o conftest -g -O2 -Wall -Wextra -Wformat -Wvla -Wformat-security -Wno-unused-parameter -Wno-self-assign -Wno-unused-local-typedef -Wno-deprecated-register -Wno-implicit-fallthrough -Wno-unknown-pragmas  -DQTUM_BUILD -DHAVE_BUILD_INFO -D__STDC_FORMAT_MACROS -I/usr/local/opt/berkeley-db@4/include -DMAC_OSX  -Wl,-headerpad_max_install_names -Wl,-dead_strip conftest.cpp -lminiupnpc   -L/usr/local/opt/berkeley-db@4/lib >&5
conftest.cpp:61:1: warning: all paths through this function will call itself [-Winfinite-recursion]
{
^
1 warning generated.
configure:23750: $? = 0
configure:23759: result: yes
configure:23726: checking miniupnpc/miniupnpc.h usability
configure:23726: g++ -std=c++11 -c -g -O2 -Wall -Wextra -Wformat -Wvla -Wformat-security -Wno-unused-parameter -Wno-self-assign -Wno-unused-local-typedef -Wno-deprecated-register -Wno-implicit-fallthrough -Wno-unknown-pragmas  -DQTUM_BUILD -DHAVE_BUILD_INFO -D__STDC_FORMAT_MACROS -I/usr/local/opt/berkeley-db@4/include -DMAC_OSX conftest.cpp >&5
configure:23726: $? = 0
configure:23726: result: yes
configure:23726: checking miniupnpc/miniupnpc.h presence
configure:23726: g++ -std=c++11 -E  -DQTUM_BUILD -DHAVE_BUILD_INFO -D__STDC_FORMAT_MACROS -I/usr/local/opt/berkeley-db@4/include -DMAC_OSX conftest.cpp
configure:23726: $? = 0
configure:23726: result: yes
configure:23726: checking for miniupnpc/miniupnpc.h
configure:23726: result: yes
configure:23731: checking for main in -lminiupnpc
configure:23759: result: yes
configure:23726: checking miniupnpc/upnpcommands.h usability
configure:23726: g++ -std=c++11 -c -g -O2 -Wall -Wextra -Wformat -Wvla -Wformat-security -Wno-unused-parameter -Wno-self-assign -Wno-unused-local-typedef -Wno-deprecated-register -Wno-implicit-fallthrough -Wno-unknown-pragmas  -DQTUM_BUILD -DHAVE_BUILD_INFO -D__STDC_FORMAT_MACROS -I/usr/local/opt/berkeley-db@4/include -DMAC_OSX conftest.cpp >&5
configure:23726: $? = 0
configure:23726: result: yes
configure:23726: checking miniupnpc/upnpcommands.h presence
configure:23726: g++ -std=c++11 -E  -DQTUM_BUILD -DHAVE_BUILD_INFO -D__STDC_FORMAT_MACROS -I/usr/local/opt/berkeley-db@4/include -DMAC_OSX conftest.cpp
configure:23726: $? = 0
configure:23726: result: yes
configure:23726: checking for miniupnpc/upnpcommands.h
configure:23726: result: yes
configure:23731: checking for main in -lminiupnpc
configure:23759: result: yes
configure:23726: checking miniupnpc/upnperrors.h usability
configure:23726: g++ -std=c++11 -c -g -O2 -Wall -Wextra -Wformat -Wvla -Wformat-security -Wno-unused-parameter -Wno-self-assign -Wno-unused-local-typedef -Wno-deprecated-register -Wno-implicit-fallthrough -Wno-unknown-pragmas  -DQTUM_BUILD -DHAVE_BUILD_INFO -D__STDC_FORMAT_MACROS -I/usr/local/opt/berkeley-db@4/include -DMAC_OSX conftest.cpp >&5
configure:23726: $? = 0
configure:23726: result: yes
configure:23726: checking miniupnpc/upnperrors.h presence
configure:23726: g++ -std=c++11 -E  -DQTUM_BUILD -DHAVE_BUILD_INFO -D__STDC_FORMAT_MACROS -I/usr/local/opt/berkeley-db@4/include -DMAC_OSX conftest.cpp
configure:23726: $? = 0
configure:23726: result: yes
configure:23726: checking for miniupnpc/upnperrors.h
configure:23726: result: yes
configure:23731: checking for main in -lminiupnpc
configure:23759: result: yes
configure:23869: checking for Qt5Core Qt5Gui Qt5Network Qt5Widgets
configure:23876: $PKG_CONFIG --exists --print-errors "$qt5_modules"
configure:23879: $? = 0
configure:23893: $PKG_CONFIG --exists --print-errors "$qt5_modules"
configure:23896: $? = 0
configure:23934: result: yes
configure:24186: checking for Qt5Test
configure:24193: $PKG_CONFIG --exists --print-errors "${QT_LIB_PREFIX}Test"
configure:24196: $? = 0
configure:24210: $PKG_CONFIG --exists --print-errors "${QT_LIB_PREFIX}Test"
configure:24213: $? = 0
configure:24251: result: yes
configure:24258: checking for Qt5DBus
configure:24265: $PKG_CONFIG --exists --print-errors "${QT_LIB_PREFIX}DBus"
configure:24268: $? = 0
configure:24282: $PKG_CONFIG --exists --print-errors "${QT_LIB_PREFIX}DBus"
configure:24285: $? = 0
configure:24323: result: yes
configure:25289: checking for static Qt
configure:25312: g++ -std=c++11 -c -fPIC -g -O2 -Wall -Wextra -Wformat -Wvla -Wformat-security -Wno-unused-parameter -Wno-self-assign -Wno-unused-local-typedef -Wno-deprecated-register -Wno-implicit-fallthrough -Wno-unknown-pragmas -DQT_NETWORK_LIB -DQT_WIDGETS_LIB -DQT_GUI_LIB -DQT_CORE_LIB -I/usr/local/Cellar/qt/5.10.1/include/QtNetwork -I/usr/local/Cellar/qt/5.10.1/include -I/usr/local/Cellar/qt/5.10.1/include/QtWidgets -I/usr/local/Cellar/qt/5.10.1/include -I/usr/local/Cellar/qt/5.10.1/include/QtGui -I/usr/local/Cellar/qt/5.10.1/include -I/usr/local/Cellar/qt/5.10.1/include/QtCore -I/usr/local/Cellar/qt/5.10.1/include  -DQTUM_BUILD -DHAVE_BUILD_INFO -D__STDC_FORMAT_MACROS -I/usr/local/opt/berkeley-db@4/include -DMAC_OSX conftest.cpp >&5
conftest.cpp:68:7: error: unknown type name 'choke'
      choke me
      ^
1 error generated.
configure:25312: $? = 1
configure: failed program was:
| /* confdefs.h */
| #define PACKAGE_NAME "Qtum Core"
| #define PACKAGE_TARNAME "qtum"
| #define PACKAGE_VERSION "0.15.8"
| #define PACKAGE_STRING "Qtum Core 0.15.8"
| #define PACKAGE_BUGREPORT "https://github.com/qtumproject/qtum/issues"
| #define PACKAGE_URL "https://qtum.org/"
| #define HAVE_CXX11 1
| #define STDC_HEADERS 1
| #define HAVE_SYS_TYPES_H 1
| #define HAVE_SYS_STAT_H 1
| #define HAVE_STDLIB_H 1
| #define HAVE_STRING_H 1
| #define HAVE_MEMORY_H 1
| #define HAVE_STRINGS_H 1
| #define HAVE_INTTYPES_H 1
| #define HAVE_STDINT_H 1
| #define HAVE_UNISTD_H 1
| #define HAVE_DLFCN_H 1
| #define LT_OBJDIR ".libs/"
| #define HAVE_PTHREAD_PRIO_INHERIT 1
| #define HAVE_PTHREAD 1
| #define HAVE_DECL_STRERROR_R 1
| #define HAVE_STRERROR_R 1
| #define HAVE_STDIO_H 1
| #define HAVE_STDLIB_H 1
| #define HAVE_UNISTD_H 1
| #define HAVE_STRINGS_H 1
| #define HAVE_SYS_TYPES_H 1
| #define HAVE_SYS_STAT_H 1
| #define HAVE_SYS_SELECT_H 1
| #define HAVE_DECL_STRNLEN 1
| #define HAVE_DECL_DAEMON 1
| #define HAVE_DECL_LE16TOH 0
| #define HAVE_DECL_LE32TOH 0
| #define HAVE_DECL_LE64TOH 0
| #define HAVE_DECL_HTOLE16 0
| #define HAVE_DECL_HTOLE32 0
| #define HAVE_DECL_HTOLE64 0
| #define HAVE_DECL_BE16TOH 0
| #define HAVE_DECL_BE32TOH 0
| #define HAVE_DECL_BE64TOH 0
| #define HAVE_DECL_HTOBE16 0
| #define HAVE_DECL_HTOBE32 0
| #define HAVE_DECL_HTOBE64 0
| #define HAVE_DECL_BSWAP_16 0
| #define HAVE_DECL_BSWAP_32 0
| #define HAVE_DECL_BSWAP_64 0
| #define HAVE_DECL___BUILTIN_CLZ 0
| #define HAVE_DECL___BUILTIN_CLZL 0
| #define HAVE_DECL___BUILTIN_CLZLL 0
| #define HAVE_MSG_DONTWAIT 1
| #define HAVE_VISIBILITY_ATTRIBUTE 1
| #define HAVE_GETENTROPY_RAND 1
| #define HAVE_MINIUPNPC_MINIWGET_H 1
| #define HAVE_MINIUPNPC_MINIUPNPC_H 1
| #define HAVE_MINIUPNPC_UPNPCOMMANDS_H 1
| #define HAVE_MINIUPNPC_UPNPERRORS_H 1
| /* end confdefs.h.  */
| #include <QtCore>
| int
| main ()
| {
| 
|       #if defined(QT_STATIC)
|       return 0;
|       #else
|       choke me
|       #endif
| 
|   ;
|   return 0;
| }
configure:25320: result: no
configure:26180: checking whether -fPIE can be used with this Qt config
configure:26201: g++ -std=c++11 -c -fPIE -g -O2 -Wall -Wextra -Wformat -Wvla -Wformat-security -Wno-unused-parameter -Wno-self-assign -Wno-unused-local-typedef -Wno-deprecated-register -Wno-implicit-fallthrough -Wno-unknown-pragmas -DQT_NETWORK_LIB -DQT_WIDGETS_LIB -DQT_GUI_LIB -DQT_CORE_LIB -I/usr/local/Cellar/qt/5.10.1/include/QtNetwork -I/usr/local/Cellar/qt/5.10.1/include -I/usr/local/Cellar/qt/5.10.1/include/QtWidgets -I/usr/local/Cellar/qt/5.10.1/include -I/usr/local/Cellar/qt/5.10.1/include/QtGui -I/usr/local/Cellar/qt/5.10.1/include -I/usr/local/Cellar/qt/5.10.1/include/QtCore -I/usr/local/Cellar/qt/5.10.1/include  -DQTUM_BUILD -DHAVE_BUILD_INFO -D__STDC_FORMAT_MACROS -I/usr/local/opt/berkeley-db@4/include -DMAC_OSX conftest.cpp >&5
configure:26201: $? = 0
configure:26202: result: yes
configure:26270: checking for moc-qt5
configure:26303: result: no
configure:26270: checking for moc5
configure:26303: result: no
configure:26270: checking for moc
configure:26288: found /usr/local/Cellar/qt/5.10.1/bin/moc
configure:26300: result: /usr/local/Cellar/qt/5.10.1/bin/moc
configure:26389: checking for uic-qt5
configure:26422: result: no
configure:26389: checking for uic5
configure:26422: result: no
configure:26389: checking for uic
configure:26407: found /usr/local/Cellar/qt/5.10.1/bin/uic
configure:26419: result: /usr/local/Cellar/qt/5.10.1/bin/uic
configure:26508: checking for rcc-qt5
configure:26541: result: no
configure:26508: checking for rcc5
configure:26541: result: no
configure:26508: checking for rcc
configure:26526: found /usr/local/Cellar/qt/5.10.1/bin/rcc
configure:26538: result: /usr/local/Cellar/qt/5.10.1/bin/rcc
configure:26627: checking for lrelease-qt5
configure:26660: result: no
configure:26627: checking for lrelease5
configure:26660: result: no
configure:26627: checking for lrelease
configure:26645: found /usr/local/Cellar/qt/5.10.1/bin/lrelease
configure:26657: result: /usr/local/Cellar/qt/5.10.1/bin/lrelease
configure:26746: checking for lupdate-qt5
configure:26779: result: no
configure:26746: checking for lupdate5
configure:26779: result: no
configure:26746: checking for lupdate
configure:26764: found /usr/local/Cellar/qt/5.10.1/bin/lupdate
configure:26776: result: /usr/local/Cellar/qt/5.10.1/bin/lupdate
configure:26866: checking whether the linker accepts -framework Foundation -framework ApplicationServices -framework AppKit
configure:26885: g++ -std=c++11 -o conftest -g -O2 -Wall -Wextra -Wformat -Wvla -Wformat-security -Wno-unused-parameter -Wno-self-assign -Wno-unused-local-typedef -Wno-deprecated-register -Wno-implicit-fallthrough -Wno-unknown-pragmas  -DQTUM_BUILD -DHAVE_BUILD_INFO -D__STDC_FORMAT_MACROS -I/usr/local/opt/berkeley-db@4/include -DMAC_OSX  -Wl,-headerpad_max_install_names -Wl,-dead_strip  -framework Foundation -framework ApplicationServices -framework AppKit conftest.cpp  -L/usr/local/opt/berkeley-db@4/lib >&5
configure:26885: $? = 0
configure:26895: result: yes
configure:26961: checking whether to build Qtum Core GUI
configure:26991: result: yes (Qt5)
configure:27065: checking for boostlib >= 1.47.0
configure:27150: g++ -std=c++11 -c -g -O2 -Wall -Wextra -Wformat -Wvla -Wformat-security -Wno-unused-parameter -Wno-self-assign -Wno-unused-local-typedef -Wno-deprecated-register -Wno-implicit-fallthrough -Wno-unknown-pragmas  -DQTUM_BUILD -DHAVE_BUILD_INFO -D__STDC_FORMAT_MACROS -I/usr/local/opt/berkeley-db@4/include -DMAC_OSX -I/usr/local/include conftest.cpp >&5
configure:27150: $? = 0
configure:27152: result: yes
configure:27339: checking whether the Boost::System library is available
configure:27364: g++ -std=c++11 -c   -DQTUM_BUILD -DHAVE_BUILD_INFO -D__STDC_FORMAT_MACROS -I/usr/local/opt/berkeley-db@4/include -DMAC_OSX -I/usr/local/include conftest.cpp >&5
configure:27364: $? = 0
configure:27379: result: yes
configure:27395: checking for exit in -lboost_system
configure:27420: g++ -std=c++11 -o conftest -g -O2 -Wall -Wextra -Wformat -Wvla -Wformat-security -Wno-unused-parameter -Wno-self-assign -Wno-unused-local-typedef -Wno-deprecated-register -Wno-implicit-fallthrough -Wno-unknown-pragmas  -DQTUM_BUILD -DHAVE_BUILD_INFO -D__STDC_FORMAT_MACROS -I/usr/local/opt/berkeley-db@4/include -DMAC_OSX -I/usr/local/include  -Wl,-headerpad_max_install_names -Wl,-dead_strip -L/usr/local/lib conftest.cpp -lboost_system   -L/usr/local/opt/berkeley-db@4/lib >&5
configure:27420: $? = 0
configure:27430: result: yes
configure:27585: checking whether the Boost::Filesystem library is available
configure:27609: g++ -std=c++11 -c -g -O2 -Wall -Wextra -Wformat -Wvla -Wformat-security -Wno-unused-parameter -Wno-self-assign -Wno-unused-local-typedef -Wno-deprecated-register -Wno-implicit-fallthrough -Wno-unknown-pragmas  -DQTUM_BUILD -DHAVE_BUILD_INFO -D__STDC_FORMAT_MACROS -I/usr/local/opt/berkeley-db@4/include -DMAC_OSX -I/usr/local/include conftest.cpp >&5
configure:27609: $? = 0
configure:27623: result: yes
configure:27635: checking for exit in -lboost_filesystem
configure:27660: g++ -std=c++11 -o conftest -g -O2 -Wall -Wextra -Wformat -Wvla -Wformat-security -Wno-unused-parameter -Wno-self-assign -Wno-unused-local-typedef -Wno-deprecated-register -Wno-implicit-fallthrough -Wno-unknown-pragmas  -DQTUM_BUILD -DHAVE_BUILD_INFO -D__STDC_FORMAT_MACROS -I/usr/local/opt/berkeley-db@4/include -DMAC_OSX -I/usr/local/include  -Wl,-headerpad_max_install_names -Wl,-dead_strip -L/usr/local/lib conftest.cpp -lboost_filesystem   -L/usr/local/opt/berkeley-db@4/lib -lboost_system >&5
configure:27660: $? = 0
configure:27670: result: yes
configure:27820: checking whether the Boost::Program_Options library is available
configure:27844: g++ -std=c++11 -c -g -O2 -Wall -Wextra -Wformat -Wvla -Wformat-security -Wno-unused-parameter -Wno-self-assign -Wno-unused-local-typedef -Wno-deprecated-register -Wno-implicit-fallthrough -Wno-unknown-pragmas  -DQTUM_BUILD -DHAVE_BUILD_INFO -D__STDC_FORMAT_MACROS -I/usr/local/opt/berkeley-db@4/include -DMAC_OSX -I/usr/local/include conftest.cpp >&5
configure:27844: $? = 0
configure:27858: result: yes
configure:27869: checking for exit in -lboost_program_options-mt
configure:27894: g++ -std=c++11 -o conftest -g -O2 -Wall -Wextra -Wformat -Wvla -Wformat-security -Wno-unused-parameter -Wno-self-assign -Wno-unused-local-typedef -Wno-deprecated-register -Wno-implicit-fallthrough -Wno-unknown-pragmas  -DQTUM_BUILD -DHAVE_BUILD_INFO -D__STDC_FORMAT_MACROS -I/usr/local/opt/berkeley-db@4/include -DMAC_OSX -I/usr/local/include  -Wl,-headerpad_max_install_names -Wl,-dead_strip -L/usr/local/lib conftest.cpp -lboost_program_options-mt   -L/usr/local/opt/berkeley-db@4/lib >&5
configure:27894: $? = 0
configure:27904: result: yes
configure:28047: checking whether the Boost::Thread library is available
configure:28079: g++ -std=c++11 -c -pthread -g -O2 -Wall -Wextra -Wformat -Wvla -Wformat-security -Wno-unused-parameter -Wno-self-assign -Wno-unused-local-typedef -Wno-deprecated-register -Wno-implicit-fallthrough -Wno-unknown-pragmas  -DQTUM_BUILD -DHAVE_BUILD_INFO -D__STDC_FORMAT_MACROS -I/usr/local/opt/berkeley-db@4/include -DMAC_OSX -I/usr/local/include conftest.cpp >&5
configure:28079: $? = 0
configure:28094: result: yes
configure:28124: checking for exit in -lboost_thread-mt
configure:28149: g++ -std=c++11 -o conftest -g -O2 -Wall -Wextra -Wformat -Wvla -Wformat-security -Wno-unused-parameter -Wno-self-assign -Wno-unused-local-typedef -Wno-deprecated-register -Wno-implicit-fallthrough -Wno-unknown-pragmas  -DQTUM_BUILD -DHAVE_BUILD_INFO -D__STDC_FORMAT_MACROS -I/usr/local/opt/berkeley-db@4/include -DMAC_OSX -I/usr/local/include  -Wl,-headerpad_max_install_names -Wl,-dead_strip -L/usr/local/lib conftest.cpp -lboost_thread-mt   -L/usr/local/opt/berkeley-db@4/lib >&5
configure:28149: $? = 0
configure:28159: result: yes
configure:28320: checking whether the Boost::Random library is available
configure:28344: g++ -std=c++11 -c -g -O2 -Wall -Wextra -Wformat -Wvla -Wformat-security -Wno-unused-parameter -Wno-self-assign -Wno-unused-local-typedef -Wno-deprecated-register -Wno-implicit-fallthrough -Wno-unknown-pragmas  -DQTUM_BUILD -DHAVE_BUILD_INFO -D__STDC_FORMAT_MACROS -I/usr/local/opt/berkeley-db@4/include -DMAC_OSX -pthread -I/usr/local/include conftest.cpp >&5
configure:28344: $? = 0
configure:28359: result: yes
configure:28374: checking for exit in -lboost_random-mt
configure:28399: g++ -std=c++11 -o conftest -g -O2 -Wall -Wextra -Wformat -Wvla -Wformat-security -Wno-unused-parameter -Wno-self-assign -Wno-unused-local-typedef -Wno-deprecated-register -Wno-implicit-fallthrough -Wno-unknown-pragmas  -DQTUM_BUILD -DHAVE_BUILD_INFO -D__STDC_FORMAT_MACROS -I/usr/local/opt/berkeley-db@4/include -DMAC_OSX -pthread -I/usr/local/include  -Wl,-headerpad_max_install_names -Wl,-dead_strip -L/usr/local/lib conftest.cpp -lboost_random-mt   -L/usr/local/opt/berkeley-db@4/lib >&5
configure:28399: $? = 0
configure:28409: result: yes
configure:28563: checking whether the Boost::Chrono library is available
configure:28587: g++ -std=c++11 -c -g -O2 -Wall -Wextra -Wformat -Wvla -Wformat-security -Wno-unused-parameter -Wno-self-assign -Wno-unused-local-typedef -Wno-deprecated-register -Wno-implicit-fallthrough -Wno-unknown-pragmas  -DQTUM_BUILD -DHAVE_BUILD_INFO -D__STDC_FORMAT_MACROS -I/usr/local/opt/berkeley-db@4/include -DMAC_OSX -pthread -I/usr/local/include conftest.cpp >&5
configure:28587: $? = 0
configure:28602: result: yes
configure:28618: checking for exit in -lboost_chrono-mt
configure:28643: g++ -std=c++11 -o conftest -g -O2 -Wall -Wextra -Wformat -Wvla -Wformat-security -Wno-unused-parameter -Wno-self-assign -Wno-unused-local-typedef -Wno-deprecated-register -Wno-implicit-fallthrough -Wno-unknown-pragmas  -DQTUM_BUILD -DHAVE_BUILD_INFO -D__STDC_FORMAT_MACROS -I/usr/local/opt/berkeley-db@4/include -DMAC_OSX -pthread -I/usr/local/include  -Wl,-headerpad_max_install_names -Wl,-dead_strip -L/usr/local/lib conftest.cpp -lboost_chrono-mt   -L/usr/local/opt/berkeley-db@4/lib >&5
configure:28643: $? = 0
configure:28653: result: yes
configure:28895: checking whether the Boost::Unit_Test_Framework library is available
configure:28918: g++ -std=c++11 -c -g -O2 -Wall -Wextra -Wformat -Wvla -Wformat-security -Wno-unused-parameter -Wno-self-assign -Wno-unused-local-typedef -Wno-deprecated-register -Wno-implicit-fallthrough -Wno-unknown-pragmas  -DQTUM_BUILD -DHAVE_BUILD_INFO -D__STDC_FORMAT_MACROS -I/usr/local/opt/berkeley-db@4/include -DMAC_OSX -DBOOST_SP_USE_STD_ATOMIC -DBOOST_AC_USE_STD_ATOMIC -pthread -I/usr/local/include conftest.cpp >&5
conftest.cpp:72:21: warning: unused variable 'test' [-Wunused-variable]
                                                         test_suite* test= BOOST_TEST_SUITE( "Unit test example 1" ); return 0;
                                                                     ^
1 warning generated.
configure:28918: $? = 0
configure:28932: result: yes
configure:29044: checking for dynamic linked boost test
configure:29059: g++ -std=c++11 -o conftest -g -O2 -Wall -Wextra -Wformat -Wvla -Wformat-security -Wno-unused-parameter -Wno-self-assign -Wno-unused-local-typedef -Wno-deprecated-register -Wno-implicit-fallthrough -Wno-unknown-pragmas  -DQTUM_BUILD -DHAVE_BUILD_INFO -D__STDC_FORMAT_MACROS -I/usr/local/opt/berkeley-db@4/include -DMAC_OSX -DBOOST_SP_USE_STD_ATOMIC -DBOOST_AC_USE_STD_ATOMIC -pthread -I/usr/local/include  -Wl,-headerpad_max_install_names -Wl,-dead_strip conftest.cpp  -L/usr/local/opt/berkeley-db@4/lib -L/usr/local/lib -lboost_unit_test_framework-mt >&5
configure:29059: $? = 0
configure:29060: result: yes
configure:29086: checking for mismatched boost c++11 scoped enums
configure:29114: g++ -std=c++11 -o conftest -g -O2 -Wall -Wextra -Wformat -Wvla -Wformat-security -Wno-unused-parameter -Wno-self-assign -Wno-unused-local-typedef -Wno-deprecated-register -Wno-implicit-fallthrough -Wno-unknown-pragmas  -DQTUM_BUILD -DHAVE_BUILD_INFO -D__STDC_FORMAT_MACROS -I/usr/local/opt/berkeley-db@4/include -DMAC_OSX -DBOOST_SP_USE_STD_ATOMIC -DBOOST_AC_USE_STD_ATOMIC -pthread -I/usr/local/include  -Wl,-headerpad_max_install_names -Wl,-dead_strip conftest.cpp -L/usr/local/lib -lboost_system -lboost_filesystem -lboost_program_options-mt -lboost_thread-mt -lboost_chrono-mt -lboost_random-mt  -L/usr/local/opt/berkeley-db@4/lib >&5
conftest.cpp:85:5: error: use of undeclared identifier 'choke'
    choke;
    ^
1 error generated.
configure:29114: $? = 1
configure: failed program was:
| /* confdefs.h */
| #define PACKAGE_NAME "Qtum Core"
| #define PACKAGE_TARNAME "qtum"
| #define PACKAGE_VERSION "0.15.8"
| #define PACKAGE_STRING "Qtum Core 0.15.8"
| #define PACKAGE_BUGREPORT "https://github.com/qtumproject/qtum/issues"
| #define PACKAGE_URL "https://qtum.org/"
| #define HAVE_CXX11 1
| #define STDC_HEADERS 1
| #define HAVE_SYS_TYPES_H 1
| #define HAVE_SYS_STAT_H 1
| #define HAVE_STDLIB_H 1
| #define HAVE_STRING_H 1
| #define HAVE_MEMORY_H 1
| #define HAVE_STRINGS_H 1
| #define HAVE_INTTYPES_H 1
| #define HAVE_STDINT_H 1
| #define HAVE_UNISTD_H 1
| #define HAVE_DLFCN_H 1
| #define LT_OBJDIR ".libs/"
| #define HAVE_PTHREAD_PRIO_INHERIT 1
| #define HAVE_PTHREAD 1
| #define HAVE_DECL_STRERROR_R 1
| #define HAVE_STRERROR_R 1
| #define HAVE_STDIO_H 1
| #define HAVE_STDLIB_H 1
| #define HAVE_UNISTD_H 1
| #define HAVE_STRINGS_H 1
| #define HAVE_SYS_TYPES_H 1
| #define HAVE_SYS_STAT_H 1
| #define HAVE_SYS_SELECT_H 1
| #define HAVE_DECL_STRNLEN 1
| #define HAVE_DECL_DAEMON 1
| #define HAVE_DECL_LE16TOH 0
| #define HAVE_DECL_LE32TOH 0
| #define HAVE_DECL_LE64TOH 0
| #define HAVE_DECL_HTOLE16 0
| #define HAVE_DECL_HTOLE32 0
| #define HAVE_DECL_HTOLE64 0
| #define HAVE_DECL_BE16TOH 0
| #define HAVE_DECL_BE32TOH 0
| #define HAVE_DECL_BE64TOH 0
| #define HAVE_DECL_HTOBE16 0
| #define HAVE_DECL_HTOBE32 0
| #define HAVE_DECL_HTOBE64 0
| #define HAVE_DECL_BSWAP_16 0
| #define HAVE_DECL_BSWAP_32 0
| #define HAVE_DECL_BSWAP_64 0
| #define HAVE_DECL___BUILTIN_CLZ 0
| #define HAVE_DECL___BUILTIN_CLZL 0
| #define HAVE_DECL___BUILTIN_CLZLL 0
| #define HAVE_MSG_DONTWAIT 1
| #define HAVE_VISIBILITY_ATTRIBUTE 1
| #define HAVE_GETENTROPY_RAND 1
| #define HAVE_MINIUPNPC_MINIWGET_H 1
| #define HAVE_MINIUPNPC_MINIUPNPC_H 1
| #define HAVE_MINIUPNPC_UPNPCOMMANDS_H 1
| #define HAVE_MINIUPNPC_UPNPERRORS_H 1
| #define HAVE_BOOST /**/
| #define HAVE_BOOST_SYSTEM /**/
| #define HAVE_BOOST_FILESYSTEM /**/
| #define HAVE_BOOST_PROGRAM_OPTIONS /**/
| #define HAVE_BOOST_THREAD /**/
| #define HAVE_BOOST_RANDOM /**/
| #define HAVE_BOOST_CHRONO /**/
| #define HAVE_BOOST_UNIT_TEST_FRAMEWORK /**/
| /* end confdefs.h.  */
| 
|   #include "boost/config.hpp"
|   #include "boost/version.hpp"
|   #if !defined(BOOST_NO_SCOPED_ENUMS) && !defined(BOOST_NO_CXX11_SCOPED_ENUMS) && BOOST_VERSION < 105700
|   #define BOOST_NO_SCOPED_ENUMS
|   #define BOOST_NO_CXX11_SCOPED_ENUMS
|   #define CHECK
|   #endif
|   #include "boost/filesystem.hpp"
| 
| int
| main ()
| {
| 
|   #if defined(CHECK)
|     boost::filesystem::copy_file("foo", "bar");
|   #else
|     choke;
|   #endif
| 
|   ;
|   return 0;
| }
configure:29118: result: ok
configure:29150: g++ -std=c++11 -o conftest -g -O2 -Wall -Wextra -Wformat -Wvla -Wformat-security -Wno-unused-parameter -Wno-self-assign -Wno-unused-local-typedef -Wno-deprecated-register -Wno-implicit-fallthrough -Wno-unknown-pragmas  -DQTUM_BUILD -DHAVE_BUILD_INFO -D__STDC_FORMAT_MACROS -I/usr/local/opt/berkeley-db@4/include -DMAC_OSX -DBOOST_SP_USE_STD_ATOMIC -DBOOST_AC_USE_STD_ATOMIC -pthread -I/usr/local/include  -Wl,-headerpad_max_install_names -Wl,-dead_strip conftest.cpp -L/usr/local/lib -lboost_system -lboost_filesystem -lboost_program_options-mt -lboost_thread-mt -lboost_chrono-mt -lboost_random-mt  -L/usr/local/opt/berkeley-db@4/lib >&5
configure:29150: $? = 0
configure:29212: checking for libssl
configure:29219: $PKG_CONFIG --exists --print-errors "libssl"
configure:29222: $? = 0
configure:29236: $PKG_CONFIG --exists --print-errors "libssl"
configure:29239: $? = 0
configure:29277: result: yes
configure:29283: checking for libcrypto
configure:29290: $PKG_CONFIG --exists --print-errors "libcrypto"
configure:29293: $? = 0
configure:29307: $PKG_CONFIG --exists --print-errors "libcrypto"
configure:29310: $? = 0
configure:29348: result: yes
configure:29357: checking for protobuf
configure:29364: $PKG_CONFIG --exists --print-errors "protobuf"
configure:29367: $? = 0
configure:29381: $PKG_CONFIG --exists --print-errors "protobuf"
configure:29384: $? = 0
configure:29444: result: yes
configure:29459: checking for libqrencode
configure:29466: $PKG_CONFIG --exists --print-errors "libqrencode"
configure:29469: $? = 0
configure:29483: $PKG_CONFIG --exists --print-errors "libqrencode"
configure:29486: $? = 0
configure:29524: result: yes
configure:29537: checking for libevent
configure:29544: $PKG_CONFIG --exists --print-errors "libevent"
configure:29547: $? = 0
configure:29561: $PKG_CONFIG --exists --print-errors "libevent"
configure:29564: $? = 0
configure:29602: result: yes
configure:29609: checking for libevent_pthreads
configure:29616: $PKG_CONFIG --exists --print-errors "libevent_pthreads"
configure:29619: $? = 0
configure:29633: $PKG_CONFIG --exists --print-errors "libevent_pthreads"
configure:29636: $? = 0
configure:29674: result: yes
configure:29684: checking for libzmq >= 4
configure:29691: $PKG_CONFIG --exists --print-errors "libzmq >= 4"
Package libzmq was not found in the pkg-config search path.
Perhaps you should add the directory containing `libzmq.pc'
to the PKG_CONFIG_PATH environment variable
No package 'libzmq' found
configure:29694: $? = 1
configure:29708: $PKG_CONFIG --exists --print-errors "libzmq >= 4"
Package libzmq was not found in the pkg-config search path.
Perhaps you should add the directory containing `libzmq.pc'
to the PKG_CONFIG_PATH environment variable
No package 'libzmq' found
configure:29711: $? = 1
configure:29725: result: no
No package 'libzmq' found
configure:29744: WARNING: libzmq version 4.x or greater not found, disabling
configure:30152: checking whether EVP_MD_CTX_new is declared
configure:30152: g++ -std=c++11 -c -g -O2 -Wall -Wextra -Wformat -Wvla -Wformat-security -Wno-unused-parameter -Wno-self-assign -Wno-unused-local-typedef -Wno-deprecated-register -Wno-implicit-fallthrough -Wno-unknown-pragmas -I/usr/local/Cellar/openssl/1.0.2o_1/include -I/usr/local/Cellar/openssl/1.0.2o_1/include  -DQTUM_BUILD -DHAVE_BUILD_INFO -D__STDC_FORMAT_MACROS -I/usr/local/opt/berkeley-db@4/include -DMAC_OSX conftest.cpp >&5
conftest.cpp:111:10: error: use of undeclared identifier 'EVP_MD_CTX_new'
  (void) EVP_MD_CTX_new;
         ^
1 error generated.
configure:30152: $? = 1
configure: failed program was:
| /* confdefs.h */
| #define PACKAGE_NAME "Qtum Core"
| #define PACKAGE_TARNAME "qtum"
| #define PACKAGE_VERSION "0.15.8"
| #define PACKAGE_STRING "Qtum Core 0.15.8"
| #define PACKAGE_BUGREPORT "https://github.com/qtumproject/qtum/issues"
| #define PACKAGE_URL "https://qtum.org/"
| #define HAVE_CXX11 1
| #define STDC_HEADERS 1
| #define HAVE_SYS_TYPES_H 1
| #define HAVE_SYS_STAT_H 1
| #define HAVE_STDLIB_H 1
| #define HAVE_STRING_H 1
| #define HAVE_MEMORY_H 1
| #define HAVE_STRINGS_H 1
| #define HAVE_INTTYPES_H 1
| #define HAVE_STDINT_H 1
| #define HAVE_UNISTD_H 1
| #define HAVE_DLFCN_H 1
| #define LT_OBJDIR ".libs/"
| #define HAVE_PTHREAD_PRIO_INHERIT 1
| #define HAVE_PTHREAD 1
| #define HAVE_DECL_STRERROR_R 1
| #define HAVE_STRERROR_R 1
| #define HAVE_STDIO_H 1
| #define HAVE_STDLIB_H 1
| #define HAVE_UNISTD_H 1
| #define HAVE_STRINGS_H 1
| #define HAVE_SYS_TYPES_H 1
| #define HAVE_SYS_STAT_H 1
| #define HAVE_SYS_SELECT_H 1
| #define HAVE_DECL_STRNLEN 1
| #define HAVE_DECL_DAEMON 1
| #define HAVE_DECL_LE16TOH 0
| #define HAVE_DECL_LE32TOH 0
| #define HAVE_DECL_LE64TOH 0
| #define HAVE_DECL_HTOLE16 0
| #define HAVE_DECL_HTOLE32 0
| #define HAVE_DECL_HTOLE64 0
| #define HAVE_DECL_BE16TOH 0
| #define HAVE_DECL_BE32TOH 0
| #define HAVE_DECL_BE64TOH 0
| #define HAVE_DECL_HTOBE16 0
| #define HAVE_DECL_HTOBE32 0
| #define HAVE_DECL_HTOBE64 0
| #define HAVE_DECL_BSWAP_16 0
| #define HAVE_DECL_BSWAP_32 0
| #define HAVE_DECL_BSWAP_64 0
| #define HAVE_DECL___BUILTIN_CLZ 0
| #define HAVE_DECL___BUILTIN_CLZL 0
| #define HAVE_DECL___BUILTIN_CLZLL 0
| #define HAVE_MSG_DONTWAIT 1
| #define HAVE_VISIBILITY_ATTRIBUTE 1
| #define HAVE_GETENTROPY_RAND 1
| #define HAVE_MINIUPNPC_MINIWGET_H 1
| #define HAVE_MINIUPNPC_MINIUPNPC_H 1
| #define HAVE_MINIUPNPC_UPNPCOMMANDS_H 1
| #define HAVE_MINIUPNPC_UPNPERRORS_H 1
| #define HAVE_BOOST /**/
| #define HAVE_BOOST_SYSTEM /**/
| #define HAVE_BOOST_FILESYSTEM /**/
| #define HAVE_BOOST_PROGRAM_OPTIONS /**/
| #define HAVE_BOOST_THREAD /**/
| #define HAVE_BOOST_RANDOM /**/
| #define HAVE_BOOST_CHRONO /**/
| #define HAVE_BOOST_UNIT_TEST_FRAMEWORK /**/
| #define HAVE_WORKING_BOOST_SLEEP_FOR 1
| #define ENABLE_ZMQ 0
| /* end confdefs.h.  */
| #include <stdio.h>
| #ifdef HAVE_SYS_TYPES_H
| # include <sys/types.h>
| #endif
| #ifdef HAVE_SYS_STAT_H
| # include <sys/stat.h>
| #endif
| #ifdef STDC_HEADERS
| # include <stdlib.h>
| # include <stddef.h>
| #else
| # ifdef HAVE_STDLIB_H
| #  include <stdlib.h>
| # endif
| #endif
| #ifdef HAVE_STRING_H
| # if !defined STDC_HEADERS && defined HAVE_MEMORY_H
| #  include <memory.h>
| # endif
| # include <string.h>
| #endif
| #ifdef HAVE_STRINGS_H
| # include <strings.h>
| #endif
| #ifdef HAVE_INTTYPES_H
| # include <inttypes.h>
| #endif
| #ifdef HAVE_STDINT_H
| # include <stdint.h>
| #endif
| #ifdef HAVE_UNISTD_H
| # include <unistd.h>
| #endif
| #include <openssl/x509_vfy.h>
| 
| 
| int
| main ()
| {
| #ifndef EVP_MD_CTX_new
| #ifdef __cplusplus
|   (void) EVP_MD_CTX_new;
| #else
|   (void) EVP_MD_CTX_new;
| #endif
| #endif
| 
|   ;
|   return 0;
| }
configure:30152: result: no
configure:30388: checking for protoc
configure:30406: found /usr/local/bin/protoc
configure:30418: result: /usr/local/bin/protoc
configure:30452: checking whether to build bitcoind
configure:30462: result: yes
configure:30465: checking whether to build utils (bitcoin-cli bitcoin-tx)
configure:30475: result: yes
configure:30478: checking whether to build libraries
configure:30495: result: yes
configure:30506: checking if ccache should be used
configure:30519: result: no
configure:30560: checking if wallet should be enabled
configure:30563: result: yes
configure:30576: checking whether to build with support for UPnP
configure:30586: result: yes
configure:30588: checking whether to build with UPnP enabled by default
configure:30596: result: no
configure:30614: checking whether to build GUI with support for D-Bus
configure:30621: result: yes
configure:30624: checking whether to build GUI with support for QR codes
configure:30634: result: yes
configure:30647: WARNING: "xgettext is required to update qt translations"
configure:30651: checking whether to build test_bitcoin-qt
configure:30654: result: yes
configure:30672: checking whether to build test_bitcoin
configure:30675: result: yes
configure:30684: checking whether to reduce exports
configure:30690: result: no
configure:31039: checking that generated files are newer than configure
configure:31045: result: done
configure:31169: creating ./config.status

## ---------------------- ##
## Running config.status. ##
## ---------------------- ##

This file was extended by Qtum Core config.status 0.15.8, which was
generated by GNU Autoconf 2.69.  Invocation command line was

  CONFIG_FILES    = 
  CONFIG_HEADERS  = 
  CONFIG_LINKS    = 
  CONFIG_COMMANDS = 
  $ ./config.status 

on MacBook-Pro-2.local

config.status:1415: creating libbitcoinconsensus.pc
config.status:1415: creating Makefile
config.status:1415: creating src/Makefile
config.status:1415: creating doc/man/Makefile
config.status:1415: creating share/setup.nsi
config.status:1415: creating share/qt/Info.plist
config.status:1415: creating test/config.ini
config.status:1415: creating contrib/devtools/split-debug.sh
config.status:1415: creating doc/Doxyfile
config.status:1415: creating src/config/bitcoin-config.h
config.status:1675: executing depfiles commands
config.status:1752: cd src       && sed -e '/# am--include-marker/d' Makefile         | make -f - am--depfiles
config.status:1757: $? = 0
config.status:1675: executing libtool commands
configure:33693: === configuring in src/univalue (/Users/wangkai/qtum-enterprise-qtumx_beta_0.15.8/src/univalue)
configure:33756: running /bin/sh ./configure --disable-option-checking '--prefix=/usr/local'  '--disable-shared' '--with-pic' '--with-bignum=no' '--enable-module-recovery' '--enable-module-ecdh' '--enable-experimental' '--disable-jni' --cache-file=/dev/null --srcdir=.
configure:33693: === configuring in src/secp256k1 (/Users/wangkai/qtum-enterprise-qtumx_beta_0.15.8/src/secp256k1)
configure:33756: running /bin/sh ./configure --disable-option-checking '--prefix=/usr/local'  '--disable-shared' '--with-pic' '--with-bignum=no' '--enable-module-recovery' '--enable-module-ecdh' '--enable-experimental' '--disable-jni' --cache-file=/dev/null --srcdir=.

## ---------------- ##
## Cache variables. ##
## ---------------- ##

ac_cv_build=x86_64-apple-darwin17.4.0
ac_cv_c_bigendian=no
ac_cv_c_compiler_gnu=yes
ac_cv_cxx_compiler_gnu=yes
ac_cv_env_ARFLAGS_set=
ac_cv_env_ARFLAGS_value=
ac_cv_env_BDB_CFLAGS_set=
ac_cv_env_BDB_CFLAGS_value=
ac_cv_env_BDB_LIBS_set=
ac_cv_env_BDB_LIBS_value=
ac_cv_env_CCC_set=
ac_cv_env_CCC_value=
ac_cv_env_CC_set=
ac_cv_env_CC_value=
ac_cv_env_CFLAGS_set=
ac_cv_env_CFLAGS_value=
ac_cv_env_CPPFLAGS_set=
ac_cv_env_CPPFLAGS_value=
ac_cv_env_CPP_set=
ac_cv_env_CPP_value=
ac_cv_env_CRYPTO_CFLAGS_set=
ac_cv_env_CRYPTO_CFLAGS_value=
ac_cv_env_CRYPTO_LIBS_set=
ac_cv_env_CRYPTO_LIBS_value=
ac_cv_env_CXXCPP_set=
ac_cv_env_CXXCPP_value=
ac_cv_env_CXXFLAGS_set=
ac_cv_env_CXXFLAGS_value=
ac_cv_env_CXX_set=
ac_cv_env_CXX_value=
ac_cv_env_EVENT_CFLAGS_set=
ac_cv_env_EVENT_CFLAGS_value=
ac_cv_env_EVENT_LIBS_set=
ac_cv_env_EVENT_LIBS_value=
ac_cv_env_EVENT_PTHREADS_CFLAGS_set=
ac_cv_env_EVENT_PTHREADS_CFLAGS_value=
ac_cv_env_EVENT_PTHREADS_LIBS_set=
ac_cv_env_EVENT_PTHREADS_LIBS_value=
ac_cv_env_LDFLAGS_set=
ac_cv_env_LDFLAGS_value=
ac_cv_env_LIBS_set=
ac_cv_env_LIBS_value=
ac_cv_env_LT_SYS_LIBRARY_PATH_set=
ac_cv_env_LT_SYS_LIBRARY_PATH_value=
ac_cv_env_OBJCXXFLAGS_set=
ac_cv_env_OBJCXXFLAGS_value=
ac_cv_env_OBJCXX_set=
ac_cv_env_OBJCXX_value=
ac_cv_env_PKG_CONFIG_LIBDIR_set=
ac_cv_env_PKG_CONFIG_LIBDIR_value=
ac_cv_env_PKG_CONFIG_PATH_set=
ac_cv_env_PKG_CONFIG_PATH_value=
ac_cv_env_PKG_CONFIG_set=
ac_cv_env_PKG_CONFIG_value=
ac_cv_env_PROTOBUF_CFLAGS_set=
ac_cv_env_PROTOBUF_CFLAGS_value=
ac_cv_env_PROTOBUF_LIBS_set=
ac_cv_env_PROTOBUF_LIBS_value=
ac_cv_env_PYTHONPATH_set=
ac_cv_env_PYTHONPATH_value=
ac_cv_env_QR_CFLAGS_set=
ac_cv_env_QR_CFLAGS_value=
ac_cv_env_QR_LIBS_set=
ac_cv_env_QR_LIBS_value=
ac_cv_env_QT4_CFLAGS_set=
ac_cv_env_QT4_CFLAGS_value=
ac_cv_env_QT4_LIBS_set=
ac_cv_env_QT4_LIBS_value=
ac_cv_env_QT5_CFLAGS_set=
ac_cv_env_QT5_CFLAGS_value=
ac_cv_env_QT5_LIBS_set=
ac_cv_env_QT5_LIBS_value=
ac_cv_env_QTPLATFORM_CFLAGS_set=
ac_cv_env_QTPLATFORM_CFLAGS_value=
ac_cv_env_QTPLATFORM_LIBS_set=
ac_cv_env_QTPLATFORM_LIBS_value=
ac_cv_env_QTPRINT_CFLAGS_set=
ac_cv_env_QTPRINT_CFLAGS_value=
ac_cv_env_QTPRINT_LIBS_set=
ac_cv_env_QTPRINT_LIBS_value=
ac_cv_env_QTXCBQPA_CFLAGS_set=
ac_cv_env_QTXCBQPA_CFLAGS_value=
ac_cv_env_QTXCBQPA_LIBS_set=
ac_cv_env_QTXCBQPA_LIBS_value=
ac_cv_env_QT_DBUS_CFLAGS_set=
ac_cv_env_QT_DBUS_CFLAGS_value=
ac_cv_env_QT_DBUS_LIBS_set=
ac_cv_env_QT_DBUS_LIBS_value=
ac_cv_env_QT_TEST_CFLAGS_set=
ac_cv_env_QT_TEST_CFLAGS_value=
ac_cv_env_QT_TEST_LIBS_set=
ac_cv_env_QT_TEST_LIBS_value=
ac_cv_env_SSL_CFLAGS_set=
ac_cv_env_SSL_CFLAGS_value=
ac_cv_env_SSL_LIBS_set=
ac_cv_env_SSL_LIBS_value=
ac_cv_env_UNIVALUE_CFLAGS_set=
ac_cv_env_UNIVALUE_CFLAGS_value=
ac_cv_env_UNIVALUE_LIBS_set=
ac_cv_env_UNIVALUE_LIBS_value=
ac_cv_env_X11XCB_CFLAGS_set=
ac_cv_env_X11XCB_CFLAGS_value=
ac_cv_env_X11XCB_LIBS_set=
ac_cv_env_X11XCB_LIBS_value=
ac_cv_env_ZMQ_CFLAGS_set=
ac_cv_env_ZMQ_CFLAGS_value=
ac_cv_env_ZMQ_LIBS_set=
ac_cv_env_ZMQ_LIBS_value=
ac_cv_env_build_alias_set=
ac_cv_env_build_alias_value=
ac_cv_env_host_alias_set=
ac_cv_env_host_alias_value=
ac_cv_env_target_alias_set=
ac_cv_env_target_alias_value=
ac_cv_func_strerror_r=yes
ac_cv_func_strerror_r_char_p=no
ac_cv_have_decl_EVP_MD_CTX_new=no
ac_cv_have_decl___builtin_clz=no
ac_cv_have_decl___builtin_clzl=no
ac_cv_have_decl___builtin_clzll=no
ac_cv_have_decl_be16toh=no
ac_cv_have_decl_be32toh=no
ac_cv_have_decl_be64toh=no
ac_cv_have_decl_bswap_16=no
ac_cv_have_decl_bswap_32=no
ac_cv_have_decl_bswap_64=no
ac_cv_have_decl_daemon=yes
ac_cv_have_decl_htobe16=no
ac_cv_have_decl_htobe32=no
ac_cv_have_decl_htobe64=no
ac_cv_have_decl_htole16=no
ac_cv_have_decl_htole32=no
ac_cv_have_decl_htole64=no
ac_cv_have_decl_le16toh=no
ac_cv_have_decl_le32toh=no
ac_cv_have_decl_le64toh=no
ac_cv_have_decl_strerror_r=yes
ac_cv_have_decl_strnlen=yes
ac_cv_header_byteswap_h=no
ac_cv_header_dlfcn_h=yes
ac_cv_header_endian_h=no
ac_cv_header_inttypes_h=yes
ac_cv_header_memory_h=yes
ac_cv_header_miniupnpc_miniupnpc_h=yes
ac_cv_header_miniupnpc_miniwget_h=yes
ac_cv_header_miniupnpc_upnpcommands_h=yes
ac_cv_header_miniupnpc_upnperrors_h=yes
ac_cv_header_stdc=yes
ac_cv_header_stdint_h=yes
ac_cv_header_stdio_h=yes
ac_cv_header_stdlib_h=yes
ac_cv_header_string_h=yes
ac_cv_header_strings_h=yes
ac_cv_header_sys_endian_h=no
ac_cv_header_sys_prctl_h=no
ac_cv_header_sys_select_h=yes
ac_cv_header_sys_stat_h=yes
ac_cv_header_sys_types_h=yes
ac_cv_header_unistd_h=yes
ac_cv_host=x86_64-apple-darwin17.4.0
ac_cv_lib_boost_chrono_mt___exit=yes
ac_cv_lib_boost_filesystem___exit=yes
ac_cv_lib_boost_program_options_mt___exit=yes
ac_cv_lib_boost_random_mt___exit=yes
ac_cv_lib_boost_system___exit=yes
ac_cv_lib_boost_thread_mt___exit=yes
ac_cv_lib_db_cxx_4_8___main=yes
ac_cv_lib_miniupnpc_main=yes
ac_cv_objcxx_compiler_gnu=yes
ac_cv_objext=o
ac_cv_path_EGREP='/usr/bin/grep -E'
ac_cv_path_FGREP='/usr/bin/grep -F'
ac_cv_path_GIT=/usr/bin/git
ac_cv_path_GREP=/usr/bin/grep
ac_cv_path_HEXDUMP=/usr/bin/hexdump
ac_cv_path_LRELEASE=/usr/local/Cellar/qt/5.10.1/bin/lrelease
ac_cv_path_LUPDATE=/usr/local/Cellar/qt/5.10.1/bin/lupdate
ac_cv_path_MOC=/usr/local/Cellar/qt/5.10.1/bin/moc
ac_cv_path_PROTOC=/usr/local/bin/protoc
ac_cv_path_PYTHON=/usr/local/bin/python3.6
ac_cv_path_RCC=/usr/local/Cellar/qt/5.10.1/bin/rcc
ac_cv_path_RSVG_CONVERT=/usr/local/bin/rsvg-convert
ac_cv_path_SED=/usr/bin/sed
ac_cv_path_UIC=/usr/local/Cellar/qt/5.10.1/bin/uic
ac_cv_path_ac_pt_AR=/usr/bin/ar
ac_cv_path_ac_pt_CPPFILT=/usr/bin/c++filt
ac_cv_path_ac_pt_GCOV=/usr/bin/gcov
ac_cv_path_ac_pt_PKG_CONFIG=/usr/local/bin/pkg-config
ac_cv_path_ac_pt_RANLIB=/usr/bin/ranlib
ac_cv_path_ac_pt_STRIP=/usr/bin/strip
ac_cv_path_install='/usr/bin/install -c'
ac_cv_path_lt_DD=/bin/dd
ac_cv_prog_AWK=awk
ac_cv_prog_BREW=brew
ac_cv_prog_CPP='gcc -E'
ac_cv_prog_CXXCPP='g++ -std=c++11 -E'
ac_cv_prog_ac_ct_AR=ar
ac_cv_prog_ac_ct_CC=gcc
ac_cv_prog_ac_ct_CXX=g++
ac_cv_prog_ac_ct_DSYMUTIL=dsymutil
ac_cv_prog_ac_ct_LIPO=lipo
ac_cv_prog_ac_ct_NMEDIT=nmedit
ac_cv_prog_ac_ct_OBJDUMP=objdump
ac_cv_prog_ac_ct_OTOOL=otool
ac_cv_prog_ac_ct_RANLIB=ranlib
ac_cv_prog_ac_ct_STRIP=strip
ac_cv_prog_cc_c89=
ac_cv_prog_cc_g=yes
ac_cv_prog_cxx_g=yes
ac_cv_prog_make_make_set=yes
ac_cv_prog_objcxx_g=yes
ac_cv_search_clock_gettime='none required'
ac_cv_sys_file_offset_bits=no
ac_cv_sys_largefile_CC=no
am_cv_CC_dependencies_compiler_type=gcc3
am_cv_CXX_dependencies_compiler_type=gcc3
am_cv_OBJCXX_dependencies_compiler_type=gcc3
am_cv_make_support_nested_variables=yes
am_cv_prog_cc_c_o=yes
ax_cv_PTHREAD_CLANG=yes
ax_cv_PTHREAD_CLANG_NO_WARN_FLAG=no
ax_cv_PTHREAD_JOINABLE_ATTR=PTHREAD_CREATE_JOINABLE
ax_cv_PTHREAD_PRIO_INHERIT=yes
ax_cv_PTHREAD_SPECIAL_FLAGS=no
ax_cv_boost_chrono=yes
ax_cv_boost_filesystem=yes
ax_cv_boost_program_options=yes
ax_cv_boost_random=yes
ax_cv_boost_system=yes
ax_cv_boost_thread=yes
ax_cv_boost_unit_test_framework=yes
ax_cv_check_cxxcppflags___D_FORTIFY_SOURCE_2=yes
ax_cv_check_cxxcppflags___U_FORTIFY_SOURCE=yes
ax_cv_check_cxxflags__Wall=yes
ax_cv_check_cxxflags__Wdeprecated_register=yes
ax_cv_check_cxxflags__Wextra=yes
ax_cv_check_cxxflags__Wformat=yes
ax_cv_check_cxxflags__Wformat_security=yes
ax_cv_check_cxxflags__Wimplicit_fallthrough=yes
ax_cv_check_cxxflags__Wno_unknown_pragmas=yes
ax_cv_check_cxxflags__Wself_assign=yes
ax_cv_check_cxxflags__Wunused_local_typedef=yes
ax_cv_check_cxxflags__Wunused_parameter=yes
ax_cv_check_cxxflags__Wvla=yes
ax_cv_check_cxxflags___Werror=yes
ax_cv_check_cxxflags___Wstack_protector=yes
ax_cv_check_cxxflags___fPIC=yes
ax_cv_check_cxxflags___fPIE=yes
ax_cv_check_cxxflags___fstack_protector_all=yes
ax_cv_check_cxxflags__msse4_2=yes
ax_cv_check_ldflags___Wl___dynamicbase=no
ax_cv_check_ldflags___Wl___high_entropy_va=no
ax_cv_check_ldflags___Wl___large_address_aware=no
ax_cv_check_ldflags___Wl___nxcompat=no
ax_cv_check_ldflags___Wl__dead_strip=yes
ax_cv_check_ldflags___Wl__headerpad_max_install_names=yes
ax_cv_check_ldflags___Wl__z_now=no
ax_cv_check_ldflags___Wl__z_relro=no
ax_cv_check_ldflags___framework_Foundation__framework_ApplicationServices__framework_AppKit=yes
ax_cv_check_ldflags___pie=yes
ax_cv_cxx_compile_cxx11__std_cpp11=yes
ax_cv_have_func_attribute_dllexport=no
ax_cv_have_func_attribute_dllimport=no
ax_cv_have_func_attribute_visibility=no
bitcoin_cv_static_qt=no
lt_cv_apple_cc_single_mod=yes
lt_cv_ar_at_file=no
lt_cv_deplibs_check_method=pass_all
lt_cv_file_magic_cmd='$MAGIC_CMD'
lt_cv_file_magic_test_file=
lt_cv_ld_exported_symbols_list=yes
lt_cv_ld_force_load=yes
lt_cv_ld_reload_flag=-r
lt_cv_nm_interface='BSD nm'
lt_cv_objdir=.libs
lt_cv_path_LD=/Applications/Xcode.app/Contents/Developer/Toolchains/XcodeDefault.xctoolchain/usr/bin/ld
lt_cv_path_LDCXX=/Applications/Xcode.app/Contents/Developer/Toolchains/XcodeDefault.xctoolchain/usr/bin/ld
lt_cv_path_NM='/usr/bin/nm -B'
lt_cv_path_mainfest_tool=no
lt_cv_prog_compiler_c_o=yes
lt_cv_prog_compiler_c_o_CXX=yes
lt_cv_prog_compiler_pic='-fno-common -DPIC'
lt_cv_prog_compiler_pic_CXX='-fno-common -DPIC'
lt_cv_prog_compiler_pic_works=yes
lt_cv_prog_compiler_pic_works_CXX=yes
lt_cv_prog_compiler_rtti_exceptions=yes
lt_cv_prog_compiler_static_works=no
lt_cv_prog_compiler_static_works_CXX=no
lt_cv_prog_gnu_ld=no
lt_cv_prog_gnu_ldcxx=no
lt_cv_sharedlib_from_linklib_cmd='printf %s\n'
lt_cv_sys_global_symbol_pipe='sed -n -e '\''s/^.*[	 ]\([BCDEGRST][BCDEGRST]*\)[	 ][	 ]*_\([_A-Za-z][_A-Za-z0-9]*\)$/\1 _\2 \2/p'\'' | sed '\''/ __gnu_lto/d'\'''
lt_cv_sys_global_symbol_to_c_name_address='sed -n -e '\''s/^: \(.*\) .*$/  {"\1", (void *) 0},/p'\'' -e '\''s/^[BCDEGRST][BCDEGRST]* .* \(.*\)$/  {"\1", (void *) \&\1},/p'\'''
lt_cv_sys_global_symbol_to_c_name_address_lib_prefix='sed -n -e '\''s/^: \(.*\) .*$/  {"\1", (void *) 0},/p'\'' -e '\''s/^[BCDEGRST][BCDEGRST]* .* \(lib.*\)$/  {"\1", (void *) \&\1},/p'\'' -e '\''s/^[BCDEGRST][BCDEGRST]* .* \(.*\)$/  {"lib\1", (void *) \&\1},/p'\'''
lt_cv_sys_global_symbol_to_cdecl='sed -n -e '\''s/^T .* \(.*\)$/extern int \1();/p'\'' -e '\''s/^[BCDEGRST][BCDEGRST]* .* \(.*\)$/extern char \1;/p'\'''
lt_cv_sys_global_symbol_to_import=
lt_cv_sys_max_cmd_len=196608
lt_cv_to_host_file_cmd=func_convert_file_noop
lt_cv_to_tool_file_cmd=func_convert_file_noop
lt_cv_truncate_bin='/bin/dd bs=4096 count=1'
pkg_cv_CRYPTO_CFLAGS=-I/usr/local/Cellar/openssl/1.0.2o_1/include
pkg_cv_CRYPTO_LIBS='-L/usr/local/Cellar/openssl/1.0.2o_1/lib -lcrypto'
pkg_cv_EVENT_CFLAGS=-I/usr/local/Cellar/libevent/2.1.8/include
pkg_cv_EVENT_LIBS='-L/usr/local/Cellar/libevent/2.1.8/lib -levent'
pkg_cv_EVENT_PTHREADS_CFLAGS='-D_THREAD_SAFE -I/usr/local/Cellar/libevent/2.1.8/include'
pkg_cv_EVENT_PTHREADS_LIBS='-L/usr/local/Cellar/libevent/2.1.8/lib -levent_pthreads -levent'
pkg_cv_PROTOBUF_CFLAGS='-D_THREAD_SAFE -I/usr/local/Cellar/protobuf/3.5.1_1/include'
pkg_cv_PROTOBUF_LIBS='-L/usr/local/Cellar/protobuf/3.5.1_1/lib -lprotobuf -D_THREAD_SAFE'
pkg_cv_QR_CFLAGS=-I/usr/local/Cellar/qrencode/4.0.0/include
pkg_cv_QR_LIBS='-L/usr/local/Cellar/qrencode/4.0.0/lib -lqrencode'
pkg_cv_QT5_CFLAGS='-DQT_NETWORK_LIB -DQT_WIDGETS_LIB -DQT_GUI_LIB -DQT_CORE_LIB -I/usr/local/Cellar/qt/5.10.1/include/QtNetwork -I/usr/local/Cellar/qt/5.10.1/include -I/usr/local/Cellar/qt/5.10.1/include/QtWidgets -I/usr/local/Cellar/qt/5.10.1/include -I/usr/local/Cellar/qt/5.10.1/include/QtGui -I/usr/local/Cellar/qt/5.10.1/include -I/usr/local/Cellar/qt/5.10.1/include/QtCore -I/usr/local/Cellar/qt/5.10.1/include'
pkg_cv_QT5_LIBS='-F/usr/local/Cellar/qt/5.10.1/lib -framework QtNetwork -F/usr/local/Cellar/qt/5.10.1/lib -framework QtWidgets -F/usr/local/Cellar/qt/5.10.1/lib -framework QtGui -F/usr/local/Cellar/qt/5.10.1/lib -framework QtCore'
pkg_cv_QT_DBUS_CFLAGS='-DQT_DBUS_LIB -DQT_CORE_LIB -I/usr/local/Cellar/qt/5.10.1/include/QtDBus -I/usr/local/Cellar/qt/5.10.1/include -I/usr/local/Cellar/qt/5.10.1/include/QtCore -I/usr/local/Cellar/qt/5.10.1/include'
pkg_cv_QT_DBUS_LIBS='-F/usr/local/Cellar/qt/5.10.1/lib -framework QtDBus -F/usr/local/Cellar/qt/5.10.1/lib -framework QtCore'
pkg_cv_QT_TEST_CFLAGS='-DQT_TESTLIB_LIB -DQT_CORE_LIB -I/usr/local/Cellar/qt/5.10.1/include/QtTest -I/usr/local/Cellar/qt/5.10.1/include -I/usr/local/Cellar/qt/5.10.1/include/QtCore -I/usr/local/Cellar/qt/5.10.1/include'
pkg_cv_QT_TEST_LIBS='-F/usr/local/Cellar/qt/5.10.1/lib -framework QtTest -F/usr/local/Cellar/qt/5.10.1/lib -framework QtCore'
pkg_cv_SSL_CFLAGS=-I/usr/local/Cellar/openssl/1.0.2o_1/include
pkg_cv_SSL_LIBS='-L/usr/local/Cellar/openssl/1.0.2o_1/lib -lssl'

## ----------------- ##
## Output variables. ##
## ----------------- ##

ACLOCAL='${SHELL} /Users/wangkai/qtum-enterprise-qtumx_beta_0.15.8/build-aux/missing aclocal-1.16'
AMDEPBACKSLASH='\'
AMDEP_FALSE='#'
AMDEP_TRUE=''
AMTAR='$${TAR-tar}'
AM_BACKSLASH='\'
AM_DEFAULT_V='$(AM_DEFAULT_VERBOSITY)'
AM_DEFAULT_VERBOSITY='0'
AM_V='$(V)'
AR='/usr/bin/ar'
ARFLAGS='cr'
AUTOCONF='${SHELL} /Users/wangkai/qtum-enterprise-qtumx_beta_0.15.8/build-aux/missing autoconf'
AUTOHEADER='${SHELL} /Users/wangkai/qtum-enterprise-qtumx_beta_0.15.8/build-aux/missing autoheader'
AUTOMAKE='${SHELL} /Users/wangkai/qtum-enterprise-qtumx_beta_0.15.8/build-aux/missing automake-1.16'
AWK='awk'
BDB_CFLAGS=''
BDB_CPPFLAGS=''
BDB_LIBS='-ldb_cxx-4.8'
BITCOIN_CLI_NAME='qtum-cli'
BITCOIN_DAEMON_NAME='qtumd'
BITCOIN_GUI_NAME='qtum-qt'
BITCOIN_TX_NAME='qtum-tx'
BOOST_CHRONO_LIB='-lboost_chrono-mt'
BOOST_CPPFLAGS='-DBOOST_SP_USE_STD_ATOMIC -DBOOST_AC_USE_STD_ATOMIC -pthread -I/usr/local/include'
BOOST_FILESYSTEM_LIB='-lboost_filesystem'
BOOST_LDFLAGS='-L/usr/local/lib'
BOOST_LIBS='-L/usr/local/lib -lboost_system -lboost_filesystem -lboost_program_options-mt -lboost_thread-mt -lboost_chrono-mt -lboost_random-mt'
BOOST_PROGRAM_OPTIONS_LIB='-lboost_program_options-mt'
BOOST_RANDOM_LIB='-lboost_random-mt'
BOOST_SYSTEM_LIB='-lboost_system'
BOOST_THREAD_LIB='-lboost_thread-mt'
BOOST_UNIT_TEST_FRAMEWORK_LIB='-lboost_unit_test_framework-mt'
BREW='brew'
BUILD_BITCOIND_FALSE='#'
BUILD_BITCOIND_TRUE=''
BUILD_BITCOIN_LIBS_FALSE='#'
BUILD_BITCOIN_LIBS_TRUE=''
BUILD_BITCOIN_UTILS_FALSE='#'
BUILD_BITCOIN_UTILS_TRUE=''
BUILD_DARWIN_FALSE='#'
BUILD_DARWIN_TRUE=''
CC='gcc'
CCACHE=''
CCDEPMODE='depmode=gcc3'
CFLAGS='-g -O2'
CLIENT_VERSION_BUILD='0'
CLIENT_VERSION_IS_RELEASE='true'
CLIENT_VERSION_MAJOR='0'
CLIENT_VERSION_MINOR='15'
CLIENT_VERSION_REVISION='8'
COPYRIGHT_HOLDERS='The %s developers'
COPYRIGHT_HOLDERS_FINAL='The Qtum Core developers'
COPYRIGHT_HOLDERS_SUBSTITUTION='Qtum Core'
COPYRIGHT_YEAR='2018'
CPP='gcc -E'
CPPFILT='/usr/bin/c++filt'
CPPFLAGS=' -DQTUM_BUILD -DHAVE_BUILD_INFO -D__STDC_FORMAT_MACROS -I/usr/local/opt/berkeley-db@4/include -DMAC_OSX'
CRYPTOPP_CPPFLAGS=''
CRYPTOPP_TARGET_FLAGS=''
CRYPTO_CFLAGS='-I/usr/local/Cellar/openssl/1.0.2o_1/include'
CRYPTO_LIBS='-L/usr/local/Cellar/openssl/1.0.2o_1/lib -lcrypto'
CXX='g++ -std=c++11'
CXXCPP='g++ -std=c++11 -E'
CXXDEPMODE='depmode=gcc3'
CXXFLAGS='-g -O2 -Wall -Wextra -Wformat -Wvla -Wformat-security -Wno-unused-parameter -Wno-self-assign -Wno-unused-local-typedef -Wno-deprecated-register -Wno-implicit-fallthrough -Wno-unknown-pragmas'
CYGPATH_W='echo'
DEFS='-DHAVE_CONFIG_H'
DEPDIR='.deps'
DLLTOOL='false'
DSYMUTIL='dsymutil'
DUMPBIN=''
ECHO_C='\c'
ECHO_N=''
ECHO_T=''
EGREP='/usr/bin/grep -E'
EMBEDDED_CRYPTOPP_FALSE='#'
EMBEDDED_CRYPTOPP_TRUE=''
EMBEDDED_LEVELDB_FALSE='#'
EMBEDDED_LEVELDB_TRUE=''
EMBEDDED_UNIVALUE_FALSE='#'
EMBEDDED_UNIVALUE_TRUE=''
ENABLE_BENCH_FALSE='#'
ENABLE_BENCH_TRUE=''
ENABLE_HWCRC32_FALSE='#'
ENABLE_HWCRC32_TRUE=''
ENABLE_MAN_FALSE='#'
ENABLE_MAN_TRUE=''
ENABLE_QT_FALSE='#'
ENABLE_QT_TESTS_FALSE='#'
ENABLE_QT_TESTS_TRUE=''
ENABLE_QT_TRUE=''
ENABLE_TESTS_FALSE='#'
ENABLE_TESTS_TRUE=''
ENABLE_WALLET_FALSE='#'
ENABLE_WALLET_TRUE=''
ENABLE_ZMQ_FALSE=''
ENABLE_ZMQ_TRUE='#'
ERROR_CXXFLAGS=''
EVENT_CFLAGS='-I/usr/local/Cellar/libevent/2.1.8/include'
EVENT_LIBS='-L/usr/local/Cellar/libevent/2.1.8/lib -levent'
EVENT_PTHREADS_CFLAGS='-D_THREAD_SAFE -I/usr/local/Cellar/libevent/2.1.8/include'
EVENT_PTHREADS_LIBS='-L/usr/local/Cellar/libevent/2.1.8/lib -levent_pthreads -levent'
EXEEXT=''
EXPERIMENTAL_ASM_FALSE=''
EXPERIMENTAL_ASM_TRUE='#'
EXTENDED_FUNCTIONAL_TESTS=''
FGREP='/usr/bin/grep -F'
GCOV='/usr/bin/gcov'
GENHTML=''
GENISOIMAGE=''
GIT='/usr/bin/git'
GLIBC_BACK_COMPAT_FALSE=''
GLIBC_BACK_COMPAT_TRUE='#'
GREP='/usr/bin/grep'
HARDENED_CPPFLAGS=' -U_FORTIFY_SOURCE -D_FORTIFY_SOURCE=2'
HARDENED_CXXFLAGS=' -Wstack-protector -fstack-protector-all'
HARDENED_LDFLAGS=' -pie'
HARDEN_FALSE='#'
HARDEN_TRUE=''
HAVE_CXX11='1'
HEXDUMP='/usr/bin/hexdump'
IMAGEMAGICK_CONVERT=''
INSTALLNAMETOOL=''
INSTALL_DATA='${INSTALL} -m 644'
INSTALL_PROGRAM='${INSTALL}'
INSTALL_SCRIPT='${INSTALL}'
INSTALL_STRIP_PROGRAM='$(install_sh) -c -s'
LCOV=''
LCOV_OPTS=''
LD='/Applications/Xcode.app/Contents/Developer/Toolchains/XcodeDefault.xctoolchain/usr/bin/ld'
LDFLAGS=' -Wl,-headerpad_max_install_names -Wl,-dead_strip'
LEVELDB_CPPFLAGS=''
LEVELDB_TARGET_FLAGS='-DOS_MACOSX'
LIBCRYPTOPP=''
LIBLEVELDB=''
LIBMEMENV=''
LIBOBJS=''
LIBS=' -L/usr/local/opt/berkeley-db@4/lib'
LIBTOOL='$(SHELL) $(top_builddir)/libtool'
LIBTOOL_APP_LDFLAGS=''
LIPO='lipo'
LN_S='ln -s'
LRELEASE='/usr/local/Cellar/qt/5.10.1/bin/lrelease'
LTLIBOBJS=''
LT_SYS_LIBRARY_PATH=''
LUPDATE='/usr/local/Cellar/qt/5.10.1/bin/lupdate'
MAINT=''
MAINTAINER_MODE_FALSE='#'
MAINTAINER_MODE_TRUE=''
MAKEINFO='${SHELL} /Users/wangkai/qtum-enterprise-qtumx_beta_0.15.8/build-aux/missing makeinfo'
MAKENSIS=''
MANIFEST_TOOL=':'
MINIUPNPC_CPPFLAGS=''
MINIUPNPC_LIBS='-lminiupnpc'
MKDIR_P='build-aux/install-sh -c -d'
MOC='/usr/local/Cellar/qt/5.10.1/bin/moc'
MOC_DEFS='-DHAVE_CONFIG_H -I$(srcdir) -DQ_OS_MAC'
NM='/usr/bin/nm -B'
NMEDIT='nmedit'
OBJCOPY=''
OBJCXX='g++ -std=c++11'
OBJCXXDEPMODE='depmode=gcc3'
OBJCXXFLAGS='-g -O2 -Wall -Wextra -Wformat -Wvla -Wformat-security -Wno-unused-parameter -Wno-self-assign -Wno-unused-local-typedef -Wno-deprecated-register -Wno-implicit-fallthrough -Wno-unknown-pragmas'
OBJDUMP='objdump'
OBJEXT='o'
OTOOL64=':'
OTOOL='otool'
PACKAGE='qtum'
PACKAGE_BUGREPORT='https://github.com/qtumproject/qtum/issues'
PACKAGE_NAME='Qtum Core'
PACKAGE_STRING='Qtum Core 0.15.8'
PACKAGE_TARNAME='qtum'
PACKAGE_URL='https://qtum.org/'
PACKAGE_VERSION='0.15.8'
PATH_SEPARATOR=':'
PIC_FLAGS='-fPIC'
PIE_FLAGS='-fPIE'
PKG_CONFIG='/usr/local/bin/pkg-config'
PKG_CONFIG_LIBDIR=''
PKG_CONFIG_PATH='/usr/local/opt/qt/lib/pkgconfig:/usr/local/opt/openssl/lib/pkgconfig:'
PORT=''
PROTOBUF_CFLAGS='-D_THREAD_SAFE -I/usr/local/Cellar/protobuf/3.5.1_1/include'
PROTOBUF_LIBS='-L/usr/local/Cellar/protobuf/3.5.1_1/lib -lprotobuf -D_THREAD_SAFE'
PROTOC='/usr/local/bin/protoc'
PTHREAD_CC='gcc'
PTHREAD_CFLAGS='-pthread'
PTHREAD_LIBS=''
PYTHON='/usr/local/bin/python3.6'
PYTHONPATH=''
QR_CFLAGS='-I/usr/local/Cellar/qrencode/4.0.0/include'
QR_LIBS='-L/usr/local/Cellar/qrencode/4.0.0/lib -lqrencode'
QT4_CFLAGS=''
QT4_LIBS=''
QT5_CFLAGS='-DQT_NETWORK_LIB -DQT_WIDGETS_LIB -DQT_GUI_LIB -DQT_CORE_LIB -I/usr/local/Cellar/qt/5.10.1/include/QtNetwork -I/usr/local/Cellar/qt/5.10.1/include -I/usr/local/Cellar/qt/5.10.1/include/QtWidgets -I/usr/local/Cellar/qt/5.10.1/include -I/usr/local/Cellar/qt/5.10.1/include/QtGui -I/usr/local/Cellar/qt/5.10.1/include -I/usr/local/Cellar/qt/5.10.1/include/QtCore -I/usr/local/Cellar/qt/5.10.1/include'
QT5_LIBS='-F/usr/local/Cellar/qt/5.10.1/lib -framework QtNetwork -F/usr/local/Cellar/qt/5.10.1/lib -framework QtWidgets -F/usr/local/Cellar/qt/5.10.1/lib -framework QtGui -F/usr/local/Cellar/qt/5.10.1/lib -framework QtCore'
QTPLATFORM_CFLAGS=''
QTPLATFORM_LIBS=''
QTPRINT_CFLAGS=''
QTPRINT_LIBS=''
QTXCBQPA_CFLAGS=''
QTXCBQPA_LIBS=''
QT_DBUS_CFLAGS='-DQT_DBUS_LIB -DQT_CORE_LIB -I/usr/local/Cellar/qt/5.10.1/include/QtDBus -I/usr/local/Cellar/qt/5.10.1/include -I/usr/local/Cellar/qt/5.10.1/include/QtCore -I/usr/local/Cellar/qt/5.10.1/include'
QT_DBUS_INCLUDES='-DQT_DBUS_LIB -DQT_CORE_LIB -I/usr/local/Cellar/qt/5.10.1/include/QtDBus -I/usr/local/Cellar/qt/5.10.1/include -I/usr/local/Cellar/qt/5.10.1/include/QtCore -I/usr/local/Cellar/qt/5.10.1/include'
QT_DBUS_LIBS='-F/usr/local/Cellar/qt/5.10.1/lib -framework QtDBus -F/usr/local/Cellar/qt/5.10.1/lib -framework QtCore'
QT_INCLUDES='-DQT_NETWORK_LIB -DQT_WIDGETS_LIB -DQT_GUI_LIB -DQT_CORE_LIB -I/usr/local/Cellar/qt/5.10.1/include/QtNetwork -I/usr/local/Cellar/qt/5.10.1/include -I/usr/local/Cellar/qt/5.10.1/include/QtWidgets -I/usr/local/Cellar/qt/5.10.1/include -I/usr/local/Cellar/qt/5.10.1/include/QtGui -I/usr/local/Cellar/qt/5.10.1/include -I/usr/local/Cellar/qt/5.10.1/include/QtCore -I/usr/local/Cellar/qt/5.10.1/include'
QT_LDFLAGS=''
QT_LIBS='-F/usr/local/Cellar/qt/5.10.1/lib -framework QtNetwork -F/usr/local/Cellar/qt/5.10.1/lib -framework QtWidgets -F/usr/local/Cellar/qt/5.10.1/lib -framework QtGui -F/usr/local/Cellar/qt/5.10.1/lib -framework QtCore -framework Foundation -framework ApplicationServices -framework AppKit'
QT_PIE_FLAGS='-fPIE'
QT_SELECT='qt5'
QT_TEST_CFLAGS='-DQT_TESTLIB_LIB -DQT_CORE_LIB -I/usr/local/Cellar/qt/5.10.1/include/QtTest -I/usr/local/Cellar/qt/5.10.1/include -I/usr/local/Cellar/qt/5.10.1/include/QtCore -I/usr/local/Cellar/qt/5.10.1/include'
QT_TEST_INCLUDES='-DQT_TESTLIB_LIB -DQT_CORE_LIB -I/usr/local/Cellar/qt/5.10.1/include/QtTest -I/usr/local/Cellar/qt/5.10.1/include -I/usr/local/Cellar/qt/5.10.1/include/QtCore -I/usr/local/Cellar/qt/5.10.1/include'
QT_TEST_LIBS='-F/usr/local/Cellar/qt/5.10.1/lib -framework QtTest -F/usr/local/Cellar/qt/5.10.1/lib -framework QtCore'
QT_TRANSLATION_DIR=''
RANLIB='/usr/bin/ranlib'
RCC='/usr/local/Cellar/qt/5.10.1/bin/rcc'
READELF=''
RELDFLAGS=''
RSVG_CONVERT='/usr/local/bin/rsvg-convert'
SED='/usr/bin/sed'
SET_MAKE=''
SHELL='/bin/sh'
SSE42_CXXFLAGS='-msse4.2'
SSL_CFLAGS='-I/usr/local/Cellar/openssl/1.0.2o_1/include'
SSL_LIBS='-L/usr/local/Cellar/openssl/1.0.2o_1/lib -lssl'
STRIP='/usr/bin/strip'
TARGET_DARWIN_FALSE='#'
TARGET_DARWIN_TRUE=''
TARGET_WINDOWS_FALSE=''
TARGET_WINDOWS_TRUE='#'
TESTDEFS=' -DBOOST_TEST_DYN_LINK'
TIFFCP=''
UIC='/usr/local/Cellar/qt/5.10.1/bin/uic'
UNIVALUE_CFLAGS='-I$(srcdir)/univalue/include'
UNIVALUE_LIBS='univalue/libunivalue.la'
USE_LCOV_FALSE=''
USE_LCOV_TRUE='#'
USE_QRCODE=''
USE_QRCODE_FALSE='#'
USE_QRCODE_TRUE=''
USE_UPNP=''
VERSION='0.15.8'
WINDOWS_BITS=''
WINDRES=''
X11XCB_CFLAGS=''
X11XCB_LIBS=''
XGETTEXT=''
ZMQ_CFLAGS=''
ZMQ_LIBS=''
ac_ct_AR='ar'
ac_ct_CC='gcc'
ac_ct_CXX='g++'
ac_ct_DUMPBIN=''
ac_ct_OBJCXX=''
am__EXEEXT_FALSE=''
am__EXEEXT_TRUE='#'
am__fastdepCC_FALSE='#'
am__fastdepCC_TRUE=''
am__fastdepCXX_FALSE='#'
am__fastdepCXX_TRUE=''
am__fastdepOBJCXX_FALSE='#'
am__fastdepOBJCXX_TRUE=''
am__include='include'
am__isrc=''
am__leading_dot='.'
am__nodep='_no'
am__quote=''
am__tar='$${TAR-tar} chof - "$$tardir"'
am__untar='$${TAR-tar} xf -'
ax_pthread_config=''
bindir='${exec_prefix}/bin'
build='x86_64-apple-darwin17.4.0'
build_alias=''
build_cpu='x86_64'
build_os='darwin17.4.0'
build_vendor='apple'
datadir='${datarootdir}'
datarootdir='${prefix}/share'
docdir='${datarootdir}/doc/${PACKAGE_TARNAME}'
dvidir='${docdir}'
exec_prefix='${prefix}'
host='x86_64-apple-darwin17.4.0'
host_alias=''
host_cpu='x86_64'
host_os='darwin17.4.0'
host_vendor='apple'
htmldir='${docdir}'
includedir='${prefix}/include'
infodir='${datarootdir}/info'
install_sh='${SHELL} /Users/wangkai/qtum-enterprise-qtumx_beta_0.15.8/build-aux/install-sh'
libdir='${exec_prefix}/lib'
libexecdir='${exec_prefix}/libexec'
localedir='${datarootdir}/locale'
localstatedir='${prefix}/var'
mandir='${datarootdir}/man'
mkdir_p='$(MKDIR_P)'
oldincludedir='/usr/include'
pdfdir='${docdir}'
prefix='/usr/local'
program_transform_name='s,x,x,'
psdir='${docdir}'
sbindir='${exec_prefix}/sbin'
sharedstatedir='${prefix}/com'
subdirs=' src/univalue src/secp256k1'
sysconfdir='${prefix}/etc'
target_alias=''

## ----------- ##
## confdefs.h. ##
## ----------- ##

/* confdefs.h */
#define PACKAGE_NAME "Qtum Core"
#define PACKAGE_TARNAME "qtum"
#define PACKAGE_VERSION "0.15.8"
#define PACKAGE_STRING "Qtum Core 0.15.8"
#define PACKAGE_BUGREPORT "https://github.com/qtumproject/qtum/issues"
#define PACKAGE_URL "https://qtum.org/"
#define HAVE_CXX11 1
#define STDC_HEADERS 1
#define HAVE_SYS_TYPES_H 1
#define HAVE_SYS_STAT_H 1
#define HAVE_STDLIB_H 1
#define HAVE_STRING_H 1
#define HAVE_MEMORY_H 1
#define HAVE_STRINGS_H 1
#define HAVE_INTTYPES_H 1
#define HAVE_STDINT_H 1
#define HAVE_UNISTD_H 1
#define HAVE_DLFCN_H 1
#define LT_OBJDIR ".libs/"
#define HAVE_PTHREAD_PRIO_INHERIT 1
#define HAVE_PTHREAD 1
#define HAVE_DECL_STRERROR_R 1
#define HAVE_STRERROR_R 1
#define HAVE_STDIO_H 1
#define HAVE_STDLIB_H 1
#define HAVE_UNISTD_H 1
#define HAVE_STRINGS_H 1
#define HAVE_SYS_TYPES_H 1
#define HAVE_SYS_STAT_H 1
#define HAVE_SYS_SELECT_H 1
#define HAVE_DECL_STRNLEN 1
#define HAVE_DECL_DAEMON 1
#define HAVE_DECL_LE16TOH 0
#define HAVE_DECL_LE32TOH 0
#define HAVE_DECL_LE64TOH 0
#define HAVE_DECL_HTOLE16 0
#define HAVE_DECL_HTOLE32 0
#define HAVE_DECL_HTOLE64 0
#define HAVE_DECL_BE16TOH 0
#define HAVE_DECL_BE32TOH 0
#define HAVE_DECL_BE64TOH 0
#define HAVE_DECL_HTOBE16 0
#define HAVE_DECL_HTOBE32 0
#define HAVE_DECL_HTOBE64 0
#define HAVE_DECL_BSWAP_16 0
#define HAVE_DECL_BSWAP_32 0
#define HAVE_DECL_BSWAP_64 0
#define HAVE_DECL___BUILTIN_CLZ 0
#define HAVE_DECL___BUILTIN_CLZL 0
#define HAVE_DECL___BUILTIN_CLZLL 0
#define HAVE_MSG_DONTWAIT 1
#define HAVE_VISIBILITY_ATTRIBUTE 1
#define HAVE_GETENTROPY_RAND 1
#define HAVE_MINIUPNPC_MINIWGET_H 1
#define HAVE_MINIUPNPC_MINIUPNPC_H 1
#define HAVE_MINIUPNPC_UPNPCOMMANDS_H 1
#define HAVE_MINIUPNPC_UPNPERRORS_H 1
#define HAVE_BOOST /**/
#define HAVE_BOOST_SYSTEM /**/
#define HAVE_BOOST_FILESYSTEM /**/
#define HAVE_BOOST_PROGRAM_OPTIONS /**/
#define HAVE_BOOST_THREAD /**/
#define HAVE_BOOST_RANDOM /**/
#define HAVE_BOOST_CHRONO /**/
#define HAVE_BOOST_UNIT_TEST_FRAMEWORK /**/
#define HAVE_WORKING_BOOST_SLEEP_FOR 1
#define ENABLE_ZMQ 0
#define HAVE_DECL_EVP_MD_CTX_NEW 0
#define HAVE_CONSENSUS_LIB 1
#define ENABLE_WALLET 1
#define USE_UPNP 0
#define USE_DBUS 1
#define USE_QRCODE 1
#define CLIENT_VERSION_MAJOR 0
#define CLIENT_VERSION_MINOR 15
#define CLIENT_VERSION_REVISION 8
#define CLIENT_VERSION_BUILD 0
#define CLIENT_VERSION_IS_RELEASE true
#define COPYRIGHT_YEAR 2018
#define COPYRIGHT_HOLDERS "The %s developers"
#define COPYRIGHT_HOLDERS_SUBSTITUTION "Qtum Core"
#define COPYRIGHT_HOLDERS_FINAL "The Qtum Core developers"

configure: exit 0
